[2026-02-19T22:10:02.225+0000] {taskinstance.py:1956} INFO - Dependencies all met for dep_context=non-requeueable deps ti=<TaskInstance: social_media_to_snowflake.transform_to_silver manual__2026-02-19T22:07:44.136221+00:00 [queued]>
[2026-02-19T22:10:02.241+0000] {taskinstance.py:1956} INFO - Dependencies all met for dep_context=requeueable deps ti=<TaskInstance: social_media_to_snowflake.transform_to_silver manual__2026-02-19T22:07:44.136221+00:00 [queued]>
[2026-02-19T22:10:02.242+0000] {taskinstance.py:2170} INFO - Starting attempt 1 of 3
[2026-02-19T22:10:02.269+0000] {taskinstance.py:2191} INFO - Executing <Task(PythonOperator): transform_to_silver> on 2026-02-19 22:07:44.136221+00:00
[2026-02-19T22:10:02.277+0000] {standard_task_runner.py:60} INFO - Started process 3080 to run task
[2026-02-19T22:10:02.284+0000] {standard_task_runner.py:87} INFO - Running: ['***', 'tasks', 'run', 'social_media_to_snowflake', 'transform_to_silver', 'manual__2026-02-19T22:07:44.136221+00:00', '--job-id', '137', '--raw', '--subdir', 'DAGS_FOLDER/load_to_snowflake.py', '--cfg-path', '/tmp/tmpjih9dx15']
[2026-02-19T22:10:02.288+0000] {standard_task_runner.py:88} INFO - Job 137: Subtask transform_to_silver
[2026-02-19T22:10:02.377+0000] {task_command.py:423} INFO - Running <TaskInstance: social_media_to_snowflake.transform_to_silver manual__2026-02-19T22:07:44.136221+00:00 [running]> on host d425cee099b0
[2026-02-19T22:10:02.516+0000] {taskinstance.py:2480} INFO - Exporting env vars: AIRFLOW_CTX_DAG_OWNER='data_engineer' AIRFLOW_CTX_DAG_ID='social_media_to_snowflake' AIRFLOW_CTX_TASK_ID='transform_to_silver' AIRFLOW_CTX_EXECUTION_DATE='2026-02-19T22:07:44.136221+00:00' AIRFLOW_CTX_TRY_NUMBER='1' AIRFLOW_CTX_DAG_RUN_ID='manual__2026-02-19T22:07:44.136221+00:00'
[2026-02-19T22:10:02.528+0000] {logging_mixin.py:188} WARNING - /home/***/.local/lib/python3.8/site-packages/***/utils/context.py:315 AirflowContextDeprecationWarning: Accessing 'execution_date' from the template is deprecated and will be removed in a future version. Please use 'data_interval_start' or 'logical_date' instead.
[2026-02-19T22:10:02.543+0000] {base.py:83} INFO - Using connection ID 'snowflake_default' for task execution.
[2026-02-19T22:10:02.545+0000] {connection.py:370} INFO - Snowflake Connector for Python Version: 3.6.0, Python Version: 3.8.18, Platform: Linux-6.10.14-linuxkit-x86_64-with-glibc2.34
[2026-02-19T22:10:02.546+0000] {connection.py:1171} INFO - This connection is in OCSP Fail Open Mode. TLS Certificates would be checked for validity and revocation status. Any other Certificate Revocation related exceptions or OCSP Responder failures would be disregarded in favor of connectivity.
[2026-02-19T22:10:03.121+0000] {cursor.py:1028} INFO - query: [ALTER SESSION SET autocommit=False]
[2026-02-19T22:10:03.252+0000] {cursor.py:1041} INFO - query execution done
[2026-02-19T22:10:03.253+0000] {cursor.py:1205} INFO - Number of results in first chunk: 1
[2026-02-19T22:10:03.254+0000] {sql.py:450} INFO - Running statement: DELETE FROM SOCIAL_ANALYTICS.SILVER.SOCIAL_POSTS_CLEAN
        WHERE DATE(loaded_at) = '2026-02-19', parameters: None
[2026-02-19T22:10:03.254+0000] {cursor.py:1028} INFO - query: [DELETE FROM SOCIAL_ANALYTICS.SILVER.SOCIAL_POSTS_CLEAN WHERE DATE(loaded_at) = '...]
[2026-02-19T22:10:03.626+0000] {cursor.py:1041} INFO - query execution done
[2026-02-19T22:10:03.629+0000] {sql.py:459} INFO - Rows affected: 300
[2026-02-19T22:10:03.630+0000] {snowflake.py:400} INFO - Rows affected: 300
[2026-02-19T22:10:03.632+0000] {snowflake.py:401} INFO - Snowflake query id: 01c28692-0004-9549-0000-000b983645fd
[2026-02-19T22:10:03.634+0000] {cursor.py:1028} INFO - query: [COMMIT]
[2026-02-19T22:10:04.135+0000] {cursor.py:1041} INFO - query execution done
[2026-02-19T22:10:04.136+0000] {cursor.py:1205} INFO - Number of results in first chunk: 1
[2026-02-19T22:10:04.137+0000] {connection.py:718} INFO - closed
[2026-02-19T22:10:04.208+0000] {connection.py:724} INFO - No async queries seem to be running, deleting session
[2026-02-19T22:10:04.267+0000] {logging_mixin.py:188} INFO - ✅ Cleared today's SILVER records for fresh load
[2026-02-19T22:10:04.280+0000] {base.py:83} INFO - Using connection ID 'snowflake_default' for task execution.
[2026-02-19T22:10:04.283+0000] {connection.py:370} INFO - Snowflake Connector for Python Version: 3.6.0, Python Version: 3.8.18, Platform: Linux-6.10.14-linuxkit-x86_64-with-glibc2.34
[2026-02-19T22:10:04.285+0000] {connection.py:1171} INFO - This connection is in OCSP Fail Open Mode. TLS Certificates would be checked for validity and revocation status. Any other Certificate Revocation related exceptions or OCSP Responder failures would be disregarded in favor of connectivity.
[2026-02-19T22:10:04.758+0000] {cursor.py:1028} INFO - query: [ALTER SESSION SET autocommit=False]
[2026-02-19T22:10:04.861+0000] {cursor.py:1041} INFO - query execution done
[2026-02-19T22:10:04.862+0000] {cursor.py:1205} INFO - Number of results in first chunk: 1
[2026-02-19T22:10:04.863+0000] {sql.py:450} INFO - Running statement: INSERT INTO SOCIAL_ANALYTICS.SILVER.SOCIAL_POSTS_CLEAN
        (post_id, source, title, url, score, author, description, published_at, loaded_at)
        SELECT
            raw_data:id::VARCHAR                AS post_id,
            'hackernews'                        AS source,
            raw_data:title::VARCHAR             AS title,
            raw_data:url::VARCHAR               AS url,
            raw_data:score::INT                 AS score,
            raw_data:by::VARCHAR                AS author,
            NULL                                AS description,
            TO_TIMESTAMP(raw_data:time::INT)    AS published_at,
            CURRENT_TIMESTAMP()                 AS loaded_at
        FROM SOCIAL_ANALYTICS.BRONZE.RAW_SOCIAL_MEDIA_DATA
        WHERE source = 'hackernews'
          AND DATE(fetched_at) = '2026-02-19', parameters: None
[2026-02-19T22:10:04.863+0000] {cursor.py:1028} INFO - query: [INSERT INTO SOCIAL_ANALYTICS.SILVER.SOCIAL_POSTS_CLEAN (post_id, source, title, ...]
[2026-02-19T22:10:05.385+0000] {cursor.py:1041} INFO - query execution done
[2026-02-19T22:10:05.386+0000] {sql.py:459} INFO - Rows affected: 180
[2026-02-19T22:10:05.387+0000] {snowflake.py:400} INFO - Rows affected: 180
[2026-02-19T22:10:05.387+0000] {snowflake.py:401} INFO - Snowflake query id: 01c28692-0004-9546-0000-000b9836b969
[2026-02-19T22:10:05.388+0000] {cursor.py:1028} INFO - query: [COMMIT]
[2026-02-19T22:10:05.877+0000] {cursor.py:1041} INFO - query execution done
[2026-02-19T22:10:05.878+0000] {cursor.py:1205} INFO - Number of results in first chunk: 1
[2026-02-19T22:10:05.879+0000] {connection.py:718} INFO - closed
[2026-02-19T22:10:05.953+0000] {connection.py:724} INFO - No async queries seem to be running, deleting session
[2026-02-19T22:10:06.039+0000] {logging_mixin.py:188} INFO - ✅ Transformed HackerNews → SILVER
[2026-02-19T22:10:06.063+0000] {base.py:83} INFO - Using connection ID 'snowflake_default' for task execution.
[2026-02-19T22:10:06.067+0000] {connection.py:370} INFO - Snowflake Connector for Python Version: 3.6.0, Python Version: 3.8.18, Platform: Linux-6.10.14-linuxkit-x86_64-with-glibc2.34
[2026-02-19T22:10:06.069+0000] {connection.py:1171} INFO - This connection is in OCSP Fail Open Mode. TLS Certificates would be checked for validity and revocation status. Any other Certificate Revocation related exceptions or OCSP Responder failures would be disregarded in favor of connectivity.
[2026-02-19T22:10:06.701+0000] {cursor.py:1028} INFO - query: [ALTER SESSION SET autocommit=False]
[2026-02-19T22:10:06.853+0000] {cursor.py:1041} INFO - query execution done
[2026-02-19T22:10:06.854+0000] {cursor.py:1205} INFO - Number of results in first chunk: 1
[2026-02-19T22:10:06.855+0000] {sql.py:450} INFO - Running statement: INSERT INTO SOCIAL_ANALYTICS.SILVER.SOCIAL_POSTS_CLEAN
        (post_id, source, title, url, score, author, description, published_at, loaded_at)
        SELECT
            load_id                                 AS post_id,
            'news_api'                              AS source,
            raw_data:title::VARCHAR                 AS title,
            raw_data:url::VARCHAR                   AS url,
            0                                       AS score,
            raw_data:source::VARCHAR                AS author,
            raw_data:description::VARCHAR           AS description,
            raw_data:published_at::TIMESTAMP        AS published_at,
            CURRENT_TIMESTAMP()                     AS loaded_at
        FROM SOCIAL_ANALYTICS.BRONZE.RAW_SOCIAL_MEDIA_DATA
        WHERE source = 'news_api'
          AND DATE(fetched_at) = '2026-02-19', parameters: None
[2026-02-19T22:10:06.856+0000] {cursor.py:1028} INFO - query: [INSERT INTO SOCIAL_ANALYTICS.SILVER.SOCIAL_POSTS_CLEAN (post_id, source, title, ...]
[2026-02-19T22:10:07.464+0000] {cursor.py:1041} INFO - query execution done
[2026-02-19T22:10:07.465+0000] {sql.py:459} INFO - Rows affected: 180
[2026-02-19T22:10:07.466+0000] {snowflake.py:400} INFO - Rows affected: 180
[2026-02-19T22:10:07.466+0000] {snowflake.py:401} INFO - Snowflake query id: 01c28692-0004-954b-0000-000b98362599
[2026-02-19T22:10:07.467+0000] {cursor.py:1028} INFO - query: [COMMIT]
[2026-02-19T22:10:08.170+0000] {cursor.py:1041} INFO - query execution done
[2026-02-19T22:10:08.172+0000] {cursor.py:1205} INFO - Number of results in first chunk: 1
[2026-02-19T22:10:08.172+0000] {connection.py:718} INFO - closed
[2026-02-19T22:10:08.219+0000] {connection.py:724} INFO - No async queries seem to be running, deleting session
[2026-02-19T22:10:08.284+0000] {logging_mixin.py:188} INFO - ✅ Transformed News API → SILVER
[2026-02-19T22:10:08.300+0000] {base.py:83} INFO - Using connection ID 'snowflake_default' for task execution.
[2026-02-19T22:10:08.302+0000] {connection.py:370} INFO - Snowflake Connector for Python Version: 3.6.0, Python Version: 3.8.18, Platform: Linux-6.10.14-linuxkit-x86_64-with-glibc2.34
[2026-02-19T22:10:08.304+0000] {connection.py:1171} INFO - This connection is in OCSP Fail Open Mode. TLS Certificates would be checked for validity and revocation status. Any other Certificate Revocation related exceptions or OCSP Responder failures would be disregarded in favor of connectivity.
[2026-02-19T22:10:08.605+0000] {cursor.py:1028} INFO - query: [ALTER SESSION SET autocommit=False]
[2026-02-19T22:10:08.752+0000] {cursor.py:1041} INFO - query execution done
[2026-02-19T22:10:08.753+0000] {cursor.py:1205} INFO - Number of results in first chunk: 1
[2026-02-19T22:10:08.754+0000] {sql.py:450} INFO - Running statement: SELECT COUNT(*) as total
        FROM SOCIAL_ANALYTICS.SILVER.SOCIAL_POSTS_CLEAN, parameters: None
[2026-02-19T22:10:08.754+0000] {cursor.py:1028} INFO - query: [SELECT COUNT(*) as total FROM SOCIAL_ANALYTICS.SILVER.SOCIAL_POSTS_CLEAN]
[2026-02-19T22:10:08.935+0000] {cursor.py:1041} INFO - query execution done
[2026-02-19T22:10:08.936+0000] {cursor.py:1205} INFO - Number of results in first chunk: 1
[2026-02-19T22:10:08.938+0000] {sql.py:459} INFO - Rows affected: 1
[2026-02-19T22:10:08.941+0000] {snowflake.py:400} INFO - Rows affected: 1
[2026-02-19T22:10:08.942+0000] {snowflake.py:401} INFO - Snowflake query id: 01c28692-0004-9545-0000-000b98366775
[2026-02-19T22:10:08.942+0000] {cursor.py:1028} INFO - query: [COMMIT]
[2026-02-19T22:10:09.045+0000] {cursor.py:1041} INFO - query execution done
[2026-02-19T22:10:09.046+0000] {cursor.py:1205} INFO - Number of results in first chunk: 1
[2026-02-19T22:10:09.046+0000] {connection.py:718} INFO - closed
[2026-02-19T22:10:09.109+0000] {connection.py:724} INFO - No async queries seem to be running, deleting session
[2026-02-19T22:10:09.185+0000] {logging_mixin.py:188} INFO - ✅ SILVER table now has 360 total records
[2026-02-19T22:10:09.186+0000] {python.py:201} INFO - Done. Returned value was: 360
[2026-02-19T22:10:09.226+0000] {taskinstance.py:1138} INFO - Marking task as SUCCESS. dag_id=social_media_to_snowflake, task_id=transform_to_silver, execution_date=20260219T220744, start_date=20260219T221002, end_date=20260219T221009
[2026-02-19T22:10:09.295+0000] {local_task_job_runner.py:234} INFO - Task exited with return code 0
[2026-02-19T22:10:09.322+0000] {taskinstance.py:3280} INFO - 0 downstream tasks scheduled from follow-on schedule check
