[2026-02-20T00:13:04.866+0000] {taskinstance.py:1956} INFO - Dependencies all met for dep_context=non-requeueable deps ti=<TaskInstance: social_media_to_snowflake.transform_to_gold scheduled__2026-02-19T23:45:00+00:00 [queued]>
[2026-02-20T00:13:04.927+0000] {taskinstance.py:1956} INFO - Dependencies all met for dep_context=requeueable deps ti=<TaskInstance: social_media_to_snowflake.transform_to_gold scheduled__2026-02-19T23:45:00+00:00 [queued]>
[2026-02-20T00:13:04.945+0000] {taskinstance.py:2170} INFO - Starting attempt 1 of 3
[2026-02-20T00:13:05.164+0000] {taskinstance.py:2191} INFO - Executing <Task(PythonOperator): transform_to_gold> on 2026-02-19 23:45:00+00:00
[2026-02-20T00:13:05.195+0000] {standard_task_runner.py:60} INFO - Started process 2036 to run task
[2026-02-20T00:13:05.220+0000] {standard_task_runner.py:87} INFO - Running: ['***', 'tasks', 'run', 'social_media_to_snowflake', 'transform_to_gold', 'scheduled__2026-02-19T23:45:00+00:00', '--job-id', '177', '--raw', '--subdir', 'DAGS_FOLDER/load_to_snowflake.py', '--cfg-path', '/tmp/tmp08z6lh58']
[2026-02-20T00:13:05.237+0000] {standard_task_runner.py:88} INFO - Job 177: Subtask transform_to_gold
[2026-02-20T00:13:05.578+0000] {task_command.py:423} INFO - Running <TaskInstance: social_media_to_snowflake.transform_to_gold scheduled__2026-02-19T23:45:00+00:00 [running]> on host 2c6479f94d34
[2026-02-20T00:13:06.100+0000] {taskinstance.py:2480} INFO - Exporting env vars: AIRFLOW_CTX_DAG_OWNER='data_engineer' AIRFLOW_CTX_DAG_ID='social_media_to_snowflake' AIRFLOW_CTX_TASK_ID='transform_to_gold' AIRFLOW_CTX_EXECUTION_DATE='2026-02-19T23:45:00+00:00' AIRFLOW_CTX_TRY_NUMBER='1' AIRFLOW_CTX_DAG_RUN_ID='scheduled__2026-02-19T23:45:00+00:00'
[2026-02-20T00:13:06.165+0000] {logging_mixin.py:188} WARNING - /home/***/.local/lib/python3.8/site-packages/***/utils/context.py:315 AirflowContextDeprecationWarning: Accessing 'execution_date' from the template is deprecated and will be removed in a future version. Please use 'data_interval_start' or 'logical_date' instead.
[2026-02-20T00:13:06.221+0000] {base.py:83} INFO - Using connection ID 'snowflake_default' for task execution.
[2026-02-20T00:13:06.226+0000] {connection.py:370} INFO - Snowflake Connector for Python Version: 3.6.0, Python Version: 3.8.18, Platform: Linux-6.10.14-linuxkit-x86_64-with-glibc2.34
[2026-02-20T00:13:06.233+0000] {connection.py:1171} INFO - This connection is in OCSP Fail Open Mode. TLS Certificates would be checked for validity and revocation status. Any other Certificate Revocation related exceptions or OCSP Responder failures would be disregarded in favor of connectivity.
[2026-02-20T00:13:07.468+0000] {cursor.py:1028} INFO - query: [ALTER SESSION SET autocommit=False]
[2026-02-20T00:13:07.621+0000] {cursor.py:1041} INFO - query execution done
[2026-02-20T00:13:07.624+0000] {cursor.py:1205} INFO - Number of results in first chunk: 1
[2026-02-20T00:13:07.627+0000] {sql.py:450} INFO - Running statement: DELETE FROM SOCIAL_ANALYTICS.GOLD.DAILY_TOP_STORIES WHERE report_date = '2026-02-19', parameters: None
[2026-02-20T00:13:07.628+0000] {cursor.py:1028} INFO - query: [DELETE FROM SOCIAL_ANALYTICS.GOLD.DAILY_TOP_STORIES WHERE report_date = '2026-02...]
[2026-02-20T00:13:08.508+0000] {cursor.py:1041} INFO - query execution done
[2026-02-20T00:13:08.511+0000] {sql.py:459} INFO - Rows affected: 10
[2026-02-20T00:13:08.514+0000] {snowflake.py:400} INFO - Rows affected: 10
[2026-02-20T00:13:08.516+0000] {snowflake.py:401} INFO - Snowflake query id: 01c2870d-0004-9549-0000-000b98364b31
[2026-02-20T00:13:08.519+0000] {cursor.py:1028} INFO - query: [COMMIT]
[2026-02-20T00:13:08.860+0000] {cursor.py:1041} INFO - query execution done
[2026-02-20T00:13:08.863+0000] {cursor.py:1205} INFO - Number of results in first chunk: 1
[2026-02-20T00:13:08.866+0000] {connection.py:718} INFO - closed
[2026-02-20T00:13:08.939+0000] {connection.py:724} INFO - No async queries seem to be running, deleting session
[2026-02-20T00:13:09.083+0000] {base.py:83} INFO - Using connection ID 'snowflake_default' for task execution.
[2026-02-20T00:13:09.093+0000] {connection.py:370} INFO - Snowflake Connector for Python Version: 3.6.0, Python Version: 3.8.18, Platform: Linux-6.10.14-linuxkit-x86_64-with-glibc2.34
[2026-02-20T00:13:09.124+0000] {connection.py:1171} INFO - This connection is in OCSP Fail Open Mode. TLS Certificates would be checked for validity and revocation status. Any other Certificate Revocation related exceptions or OCSP Responder failures would be disregarded in favor of connectivity.
[2026-02-20T00:13:09.682+0000] {cursor.py:1028} INFO - query: [ALTER SESSION SET autocommit=False]
[2026-02-20T00:13:09.882+0000] {cursor.py:1041} INFO - query execution done
[2026-02-20T00:13:09.887+0000] {cursor.py:1205} INFO - Number of results in first chunk: 1
[2026-02-20T00:13:09.890+0000] {sql.py:450} INFO - Running statement: DELETE FROM SOCIAL_ANALYTICS.GOLD.DAILY_SOURCE_SUMMARY WHERE report_date = '2026-02-19', parameters: None
[2026-02-20T00:13:09.892+0000] {cursor.py:1028} INFO - query: [DELETE FROM SOCIAL_ANALYTICS.GOLD.DAILY_SOURCE_SUMMARY WHERE report_date = '2026...]
[2026-02-20T00:13:10.309+0000] {cursor.py:1041} INFO - query execution done
[2026-02-20T00:13:10.313+0000] {sql.py:459} INFO - Rows affected: 2
[2026-02-20T00:13:10.315+0000] {snowflake.py:400} INFO - Rows affected: 2
[2026-02-20T00:13:10.317+0000] {snowflake.py:401} INFO - Snowflake query id: 01c2870d-0004-9549-0000-000b98364b39
[2026-02-20T00:13:10.318+0000] {cursor.py:1028} INFO - query: [COMMIT]
[2026-02-20T00:13:10.735+0000] {cursor.py:1041} INFO - query execution done
[2026-02-20T00:13:10.737+0000] {cursor.py:1205} INFO - Number of results in first chunk: 1
[2026-02-20T00:13:10.739+0000] {connection.py:718} INFO - closed
[2026-02-20T00:13:10.806+0000] {connection.py:724} INFO - No async queries seem to be running, deleting session
[2026-02-20T00:13:10.926+0000] {base.py:83} INFO - Using connection ID 'snowflake_default' for task execution.
[2026-02-20T00:13:10.929+0000] {connection.py:370} INFO - Snowflake Connector for Python Version: 3.6.0, Python Version: 3.8.18, Platform: Linux-6.10.14-linuxkit-x86_64-with-glibc2.34
[2026-02-20T00:13:10.934+0000] {connection.py:1171} INFO - This connection is in OCSP Fail Open Mode. TLS Certificates would be checked for validity and revocation status. Any other Certificate Revocation related exceptions or OCSP Responder failures would be disregarded in favor of connectivity.
[2026-02-20T00:13:11.679+0000] {cursor.py:1028} INFO - query: [ALTER SESSION SET autocommit=False]
[2026-02-20T00:13:11.821+0000] {cursor.py:1041} INFO - query execution done
[2026-02-20T00:13:11.824+0000] {cursor.py:1205} INFO - Number of results in first chunk: 1
[2026-02-20T00:13:11.827+0000] {sql.py:450} INFO - Running statement: INSERT INTO SOCIAL_ANALYTICS.GOLD.DAILY_TOP_STORIES
        (report_date, source, title, url, score, author, rank, loaded_at)
        SELECT
            DATE(published_at), source, title, url, score, author,
            ROW_NUMBER() OVER (PARTITION BY source ORDER BY score DESC),
            CURRENT_TIMESTAMP()
        FROM SOCIAL_ANALYTICS.SILVER.SOCIAL_POSTS_CLEAN
        WHERE DATE(loaded_at) = '2026-02-19'
        QUALIFY ROW_NUMBER() OVER (PARTITION BY source ORDER BY score DESC) <= 10, parameters: None
[2026-02-20T00:13:11.830+0000] {cursor.py:1028} INFO - query: [INSERT INTO SOCIAL_ANALYTICS.GOLD.DAILY_TOP_STORIES (report_date, source, title,...]
[2026-02-20T00:13:12.470+0000] {cursor.py:1041} INFO - query execution done
[2026-02-20T00:13:12.474+0000] {sql.py:459} INFO - Rows affected: 20
[2026-02-20T00:13:12.477+0000] {snowflake.py:400} INFO - Rows affected: 20
[2026-02-20T00:13:12.481+0000] {snowflake.py:401} INFO - Snowflake query id: 01c2870d-0004-954b-0000-000b98362a79
[2026-02-20T00:13:12.486+0000] {cursor.py:1028} INFO - query: [COMMIT]
[2026-02-20T00:13:12.921+0000] {cursor.py:1041} INFO - query execution done
[2026-02-20T00:13:12.923+0000] {cursor.py:1205} INFO - Number of results in first chunk: 1
[2026-02-20T00:13:12.927+0000] {connection.py:718} INFO - closed
[2026-02-20T00:13:13.018+0000] {connection.py:724} INFO - No async queries seem to be running, deleting session
[2026-02-20T00:13:13.121+0000] {logging_mixin.py:188} INFO - ✅ GOLD: Top stories loaded
[2026-02-20T00:13:13.176+0000] {base.py:83} INFO - Using connection ID 'snowflake_default' for task execution.
[2026-02-20T00:13:13.179+0000] {connection.py:370} INFO - Snowflake Connector for Python Version: 3.6.0, Python Version: 3.8.18, Platform: Linux-6.10.14-linuxkit-x86_64-with-glibc2.34
[2026-02-20T00:13:13.185+0000] {connection.py:1171} INFO - This connection is in OCSP Fail Open Mode. TLS Certificates would be checked for validity and revocation status. Any other Certificate Revocation related exceptions or OCSP Responder failures would be disregarded in favor of connectivity.
[2026-02-20T00:13:14.252+0000] {cursor.py:1028} INFO - query: [ALTER SESSION SET autocommit=False]
[2026-02-20T00:13:14.382+0000] {cursor.py:1041} INFO - query execution done
[2026-02-20T00:13:14.384+0000] {cursor.py:1205} INFO - Number of results in first chunk: 1
[2026-02-20T00:13:14.387+0000] {sql.py:450} INFO - Running statement: INSERT INTO SOCIAL_ANALYTICS.GOLD.DAILY_SOURCE_SUMMARY
        (report_date, source, total_articles, avg_score, max_score, top_story, loaded_at)
        SELECT
            '2026-02-19'::DATE, source,
            COUNT(*), ROUND(AVG(score), 1), MAX(score),
            MAX_BY(title, score), CURRENT_TIMESTAMP()
        FROM SOCIAL_ANALYTICS.SILVER.SOCIAL_POSTS_CLEAN
        WHERE DATE(loaded_at) = '2026-02-19'
        GROUP BY source, parameters: None
[2026-02-20T00:13:14.388+0000] {cursor.py:1028} INFO - query: [INSERT INTO SOCIAL_ANALYTICS.GOLD.DAILY_SOURCE_SUMMARY (report_date, source, tot...]
[2026-02-20T00:13:14.955+0000] {cursor.py:1041} INFO - query execution done
[2026-02-20T00:13:14.957+0000] {sql.py:459} INFO - Rows affected: 2
[2026-02-20T00:13:14.958+0000] {snowflake.py:400} INFO - Rows affected: 2
[2026-02-20T00:13:14.963+0000] {snowflake.py:401} INFO - Snowflake query id: 01c2870d-0004-979b-0000-000b9836c88d
[2026-02-20T00:13:14.967+0000] {cursor.py:1028} INFO - query: [COMMIT]
[2026-02-20T00:13:15.573+0000] {cursor.py:1041} INFO - query execution done
[2026-02-20T00:13:15.575+0000] {cursor.py:1205} INFO - Number of results in first chunk: 1
[2026-02-20T00:13:15.578+0000] {connection.py:718} INFO - closed
[2026-02-20T00:13:15.653+0000] {connection.py:724} INFO - No async queries seem to be running, deleting session
[2026-02-20T00:13:15.735+0000] {logging_mixin.py:188} INFO - ✅ GOLD: Source summary loaded
[2026-02-20T00:13:15.737+0000] {python.py:201} INFO - Done. Returned value was: True
[2026-02-20T00:13:15.861+0000] {taskinstance.py:1138} INFO - Marking task as SUCCESS. dag_id=social_media_to_snowflake, task_id=transform_to_gold, execution_date=20260219T234500, start_date=20260220T001304, end_date=20260220T001315
[2026-02-20T00:13:15.994+0000] {local_task_job_runner.py:234} INFO - Task exited with return code 0
[2026-02-20T00:13:16.133+0000] {taskinstance.py:3280} INFO - 1 downstream tasks scheduled from follow-on schedule check
