[2026-02-19T03:35:12.173+0000] {taskinstance.py:1956} INFO - Dependencies all met for dep_context=non-requeueable deps ti=<TaskInstance: social_media_to_snowflake.load_to_snowflake manual__2026-02-19T03:18:19.773517+00:00 [queued]>
[2026-02-19T03:35:12.195+0000] {taskinstance.py:1956} INFO - Dependencies all met for dep_context=requeueable deps ti=<TaskInstance: social_media_to_snowflake.load_to_snowflake manual__2026-02-19T03:18:19.773517+00:00 [queued]>
[2026-02-19T03:35:12.195+0000] {taskinstance.py:2170} INFO - Starting attempt 1 of 3
[2026-02-19T03:35:12.237+0000] {taskinstance.py:2191} INFO - Executing <Task(PythonOperator): load_to_snowflake> on 2026-02-19 03:18:19.773517+00:00
[2026-02-19T03:35:12.249+0000] {standard_task_runner.py:60} INFO - Started process 254 to run task
[2026-02-19T03:35:12.261+0000] {standard_task_runner.py:87} INFO - Running: ['***', 'tasks', 'run', 'social_media_to_snowflake', 'load_to_snowflake', 'manual__2026-02-19T03:18:19.773517+00:00', '--job-id', '57', '--raw', '--subdir', 'DAGS_FOLDER/load_to_snowflake.py', '--cfg-path', '/tmp/tmp0cryj11q']
[2026-02-19T03:35:12.268+0000] {standard_task_runner.py:88} INFO - Job 57: Subtask load_to_snowflake
[2026-02-19T03:35:12.388+0000] {task_command.py:423} INFO - Running <TaskInstance: social_media_to_snowflake.load_to_snowflake manual__2026-02-19T03:18:19.773517+00:00 [running]> on host 8f8e6a086353
[2026-02-19T03:35:12.546+0000] {taskinstance.py:2480} INFO - Exporting env vars: AIRFLOW_CTX_DAG_OWNER='data_engineer' AIRFLOW_CTX_DAG_ID='social_media_to_snowflake' AIRFLOW_CTX_TASK_ID='load_to_snowflake' AIRFLOW_CTX_EXECUTION_DATE='2026-02-19T03:18:19.773517+00:00' AIRFLOW_CTX_TRY_NUMBER='1' AIRFLOW_CTX_DAG_RUN_ID='manual__2026-02-19T03:18:19.773517+00:00'
[2026-02-19T03:35:12.608+0000] {logging_mixin.py:188} WARNING - /home/***/.local/lib/python3.8/site-packages/***/utils/context.py:315 AirflowContextDeprecationWarning: Accessing 'execution_date' from the template is deprecated and will be removed in a future version. Please use 'data_interval_start' or 'logical_date' instead.
[2026-02-19T03:35:12.629+0000] {logging_mixin.py:188} INFO - ❌ Error loading to Snowflake: The conn_id `snowflake_default` isn't defined
[2026-02-19T03:35:12.651+0000] {taskinstance.py:2698} ERROR - Task failed with exception
Traceback (most recent call last):
  File "/home/airflow/.local/lib/python3.8/site-packages/airflow/models/taskinstance.py", line 433, in _execute_task
    result = execute_callable(context=context, **execute_callable_kwargs)
  File "/home/airflow/.local/lib/python3.8/site-packages/airflow/operators/python.py", line 199, in execute
    return_value = self.execute_callable()
  File "/home/airflow/.local/lib/python3.8/site-packages/airflow/operators/python.py", line 216, in execute_callable
    return self.python_callable(*self.op_args, **self.op_kwargs)
  File "/opt/airflow/dags/load_to_snowflake.py", line 103, in load_to_snowflake
    hook.run(sql)
  File "/home/airflow/.local/lib/python3.8/site-packages/airflow/providers/snowflake/hooks/snowflake.py", line 382, in run
    with closing(self.get_conn()) as conn:
  File "/home/airflow/.local/lib/python3.8/site-packages/airflow/providers/snowflake/hooks/snowflake.py", line 275, in get_conn
    conn_config = self._get_conn_params()
  File "/home/airflow/.local/lib/python3.8/site-packages/airflow/providers/snowflake/hooks/snowflake.py", line 183, in _get_conn_params
    conn = self.get_connection(self.snowflake_conn_id)  # type: ignore[attr-defined]
  File "/home/airflow/.local/lib/python3.8/site-packages/airflow/hooks/base.py", line 82, in get_connection
    conn = Connection.get_connection_from_secrets(conn_id)
  File "/home/airflow/.local/lib/python3.8/site-packages/airflow/models/connection.py", line 479, in get_connection_from_secrets
    raise AirflowNotFoundException(f"The conn_id `{conn_id}` isn't defined")
airflow.exceptions.AirflowNotFoundException: The conn_id `snowflake_default` isn't defined
[2026-02-19T03:35:12.663+0000] {taskinstance.py:1138} INFO - Marking task as UP_FOR_RETRY. dag_id=social_media_to_snowflake, task_id=load_to_snowflake, execution_date=20260219T031819, start_date=20260219T033512, end_date=20260219T033512
[2026-02-19T03:35:12.686+0000] {standard_task_runner.py:107} ERROR - Failed to execute job 57 for task load_to_snowflake (The conn_id `snowflake_default` isn't defined; 254)
[2026-02-19T03:35:12.729+0000] {local_task_job_runner.py:234} INFO - Task exited with return code 1
[2026-02-19T03:35:12.774+0000] {taskinstance.py:3280} INFO - 0 downstream tasks scheduled from follow-on schedule check
