[2026-02-19T20:20:34.869+0000] {taskinstance.py:1956} INFO - Dependencies all met for dep_context=non-requeueable deps ti=<TaskInstance: social_media_to_snowflake.load_to_snowflake manual__2026-02-19T20:20:02.575634+00:00 [queued]>
[2026-02-19T20:20:34.886+0000] {taskinstance.py:1956} INFO - Dependencies all met for dep_context=requeueable deps ti=<TaskInstance: social_media_to_snowflake.load_to_snowflake manual__2026-02-19T20:20:02.575634+00:00 [queued]>
[2026-02-19T20:20:34.887+0000] {taskinstance.py:2170} INFO - Starting attempt 1 of 3
[2026-02-19T20:20:34.931+0000] {taskinstance.py:2191} INFO - Executing <Task(PythonOperator): load_to_snowflake> on 2026-02-19 20:20:02.575634+00:00
[2026-02-19T20:20:34.940+0000] {standard_task_runner.py:60} INFO - Started process 891 to run task
[2026-02-19T20:20:34.949+0000] {standard_task_runner.py:87} INFO - Running: ['***', 'tasks', 'run', 'social_media_to_snowflake', 'load_to_snowflake', 'manual__2026-02-19T20:20:02.575634+00:00', '--job-id', '85', '--raw', '--subdir', 'DAGS_FOLDER/load_to_snowflake.py', '--cfg-path', '/tmp/tmpvktaxvwx']
[2026-02-19T20:20:34.955+0000] {standard_task_runner.py:88} INFO - Job 85: Subtask load_to_snowflake
[2026-02-19T20:20:35.064+0000] {task_command.py:423} INFO - Running <TaskInstance: social_media_to_snowflake.load_to_snowflake manual__2026-02-19T20:20:02.575634+00:00 [running]> on host d425cee099b0
[2026-02-19T20:20:35.236+0000] {taskinstance.py:2480} INFO - Exporting env vars: AIRFLOW_CTX_DAG_OWNER='data_engineer' AIRFLOW_CTX_DAG_ID='social_media_to_snowflake' AIRFLOW_CTX_TASK_ID='load_to_snowflake' AIRFLOW_CTX_EXECUTION_DATE='2026-02-19T20:20:02.575634+00:00' AIRFLOW_CTX_TRY_NUMBER='1' AIRFLOW_CTX_DAG_RUN_ID='manual__2026-02-19T20:20:02.575634+00:00'
[2026-02-19T20:20:35.281+0000] {logging_mixin.py:188} WARNING - /home/***/.local/lib/python3.8/site-packages/***/utils/context.py:315 AirflowContextDeprecationWarning: Accessing 'execution_date' from the template is deprecated and will be removed in a future version. Please use 'data_interval_start' or 'logical_date' instead.
[2026-02-19T20:20:35.297+0000] {base.py:83} INFO - Using connection ID 'snowflake_default' for task execution.
[2026-02-19T20:20:35.299+0000] {connection.py:370} INFO - Snowflake Connector for Python Version: 3.6.0, Python Version: 3.8.18, Platform: Linux-6.10.14-linuxkit-x86_64-with-glibc2.34
[2026-02-19T20:20:35.300+0000] {connection.py:1171} INFO - This connection is in OCSP Fail Open Mode. TLS Certificates would be checked for validity and revocation status. Any other Certificate Revocation related exceptions or OCSP Responder failures would be disregarded in favor of connectivity.
[2026-02-19T20:20:35.854+0000] {logging_mixin.py:188} INFO - ❌ Error loading to Snowflake: 250003 (08001): None: 404 Not Found: post https://PM48117.snowflakecomputing.com:443/session/v1/login-request?request_id=d43ff825-47c8-4954-af2c-b7f7c039bec6&databaseName=SOCIAL_ANALYTICS&schemaName=BRONZE&warehouse=AIRFLOW_WH&roleName=ACCOUNTADMIN&request_guid=38cd216b-1257-49f3-a084-0115b2b1f7fc
[2026-02-19T20:20:35.856+0000] {taskinstance.py:2698} ERROR - Task failed with exception
Traceback (most recent call last):
  File "/home/airflow/.local/lib/python3.8/site-packages/airflow/models/taskinstance.py", line 433, in _execute_task
    result = execute_callable(context=context, **execute_callable_kwargs)
  File "/home/airflow/.local/lib/python3.8/site-packages/airflow/operators/python.py", line 199, in execute
    return_value = self.execute_callable()
  File "/home/airflow/.local/lib/python3.8/site-packages/airflow/operators/python.py", line 216, in execute_callable
    return self.python_callable(*self.op_args, **self.op_kwargs)
  File "/opt/airflow/dags/load_to_snowflake.py", line 103, in load_to_snowflake
    hook.run(sql)
  File "/home/airflow/.local/lib/python3.8/site-packages/airflow/providers/snowflake/hooks/snowflake.py", line 382, in run
    with closing(self.get_conn()) as conn:
  File "/home/airflow/.local/lib/python3.8/site-packages/airflow/providers/snowflake/hooks/snowflake.py", line 276, in get_conn
    conn = connector.connect(**conn_config)
  File "/home/airflow/.local/lib/python3.8/site-packages/snowflake/connector/__init__.py", line 54, in Connect
    return SnowflakeConnection(**kwargs)
  File "/home/airflow/.local/lib/python3.8/site-packages/snowflake/connector/connection.py", line 413, in __init__
    self.connect(**kwargs)
  File "/home/airflow/.local/lib/python3.8/site-packages/snowflake/connector/connection.py", line 703, in connect
    self.__open_connection()
  File "/home/airflow/.local/lib/python3.8/site-packages/snowflake/connector/connection.py", line 1006, in __open_connection
    self.authenticate_with_retry(self.auth_class)
  File "/home/airflow/.local/lib/python3.8/site-packages/snowflake/connector/connection.py", line 1277, in authenticate_with_retry
    self._authenticate(auth_instance)
  File "/home/airflow/.local/lib/python3.8/site-packages/snowflake/connector/connection.py", line 1305, in _authenticate
    auth.authenticate(
  File "/home/airflow/.local/lib/python3.8/site-packages/snowflake/connector/auth/_auth.py", line 250, in authenticate
    ret = self._rest._post_request(
  File "/home/airflow/.local/lib/python3.8/site-packages/snowflake/connector/network.py", line 729, in _post_request
    ret = self.fetch(
  File "/home/airflow/.local/lib/python3.8/site-packages/snowflake/connector/network.py", line 838, in fetch
    ret = self._request_exec_wrapper(
  File "/home/airflow/.local/lib/python3.8/site-packages/snowflake/connector/network.py", line 974, in _request_exec_wrapper
    raise e
  File "/home/airflow/.local/lib/python3.8/site-packages/snowflake/connector/network.py", line 879, in _request_exec_wrapper
    return_object = self._request_exec(
  File "/home/airflow/.local/lib/python3.8/site-packages/snowflake/connector/network.py", line 1188, in _request_exec
    raise err
  File "/home/airflow/.local/lib/python3.8/site-packages/snowflake/connector/network.py", line 1130, in _request_exec
    raise_failed_request_error(
  File "/home/airflow/.local/lib/python3.8/site-packages/snowflake/connector/network.py", line 238, in raise_failed_request_error
    Error.errorhandler_wrapper(
  File "/home/airflow/.local/lib/python3.8/site-packages/snowflake/connector/errors.py", line 290, in errorhandler_wrapper
    handed_over = Error.hand_to_other_handler(
  File "/home/airflow/.local/lib/python3.8/site-packages/snowflake/connector/errors.py", line 348, in hand_to_other_handler
    connection.errorhandler(connection, cursor, error_class, error_value)
  File "/home/airflow/.local/lib/python3.8/site-packages/snowflake/connector/errors.py", line 221, in default_errorhandler
    raise error_class(
snowflake.connector.errors.InterfaceError: 250003 (08001): None: 404 Not Found: post https://PM48117.snowflakecomputing.com:443/session/v1/login-request?request_id=d43ff825-47c8-4954-af2c-b7f7c039bec6&databaseName=SOCIAL_ANALYTICS&schemaName=BRONZE&warehouse=AIRFLOW_WH&roleName=ACCOUNTADMIN&request_guid=38cd216b-1257-49f3-a084-0115b2b1f7fc
[2026-02-19T20:20:35.869+0000] {taskinstance.py:1138} INFO - Marking task as UP_FOR_RETRY. dag_id=social_media_to_snowflake, task_id=load_to_snowflake, execution_date=20260219T202002, start_date=20260219T202034, end_date=20260219T202035
[2026-02-19T20:20:35.893+0000] {standard_task_runner.py:107} ERROR - Failed to execute job 85 for task load_to_snowflake (250003 (08001): None: 404 Not Found: post https://PM48117.snowflakecomputing.com:443/session/v1/login-request?request_id=d43ff825-47c8-4954-af2c-b7f7c039bec6&databaseName=SOCIAL_ANALYTICS&schemaName=BRONZE&warehouse=AIRFLOW_WH&roleName=ACCOUNTADMIN&request_guid=38cd216b-1257-49f3-a084-0115b2b1f7fc; 891)
[2026-02-19T20:20:35.909+0000] {local_task_job_runner.py:234} INFO - Task exited with return code 1
[2026-02-19T20:20:35.936+0000] {taskinstance.py:3280} INFO - 0 downstream tasks scheduled from follow-on schedule check
