[2026-02-18T19:30:57.168+0000] {processor.py:161} INFO - Started process (PID=351) to work on /opt/airflow/dags/load_to_snowflag.py
[2026-02-18T19:30:57.174+0000] {processor.py:830} INFO - Processing file /opt/airflow/dags/load_to_snowflag.py for tasks to queue
[2026-02-18T19:30:57.181+0000] {logging_mixin.py:188} INFO - [2026-02-18T19:30:57.179+0000] {dagbag.py:538} INFO - Filling up the DagBag from /opt/airflow/dags/load_to_snowflag.py
[2026-02-18T19:30:57.295+0000] {processor.py:840} INFO - DAG(s) 'social_media_to_snowflake' retrieved from /opt/airflow/dags/load_to_snowflag.py
[2026-02-18T19:30:58.258+0000] {logging_mixin.py:188} INFO - [2026-02-18T19:30:58.256+0000] {override.py:1769} INFO - Created Permission View: can edit on DAG:social_media_to_snowflake
[2026-02-18T19:30:58.297+0000] {logging_mixin.py:188} INFO - [2026-02-18T19:30:58.296+0000] {override.py:1769} INFO - Created Permission View: can delete on DAG:social_media_to_snowflake
[2026-02-18T19:30:58.338+0000] {logging_mixin.py:188} INFO - [2026-02-18T19:30:58.337+0000] {override.py:1769} INFO - Created Permission View: can read on DAG:social_media_to_snowflake
[2026-02-18T19:30:58.345+0000] {logging_mixin.py:188} INFO - [2026-02-18T19:30:58.340+0000] {dag.py:3036} INFO - Sync 1 DAGs
[2026-02-18T19:30:58.420+0000] {logging_mixin.py:188} INFO - [2026-02-18T19:30:58.406+0000] {dag.py:3058} INFO - Creating ORM DAG for social_media_to_snowflake
[2026-02-18T19:30:58.422+0000] {logging_mixin.py:188} INFO - [2026-02-18T19:30:58.422+0000] {dag.py:3823} INFO - Setting next_dagrun for social_media_to_snowflake to None, run_after=None
[2026-02-18T19:30:58.540+0000] {processor.py:183} INFO - Processing /opt/airflow/dags/load_to_snowflag.py took 1.383 seconds
[2026-02-18T19:31:29.193+0000] {processor.py:161} INFO - Started process (PID=368) to work on /opt/airflow/dags/load_to_snowflag.py
[2026-02-18T19:31:29.197+0000] {processor.py:830} INFO - Processing file /opt/airflow/dags/load_to_snowflag.py for tasks to queue
[2026-02-18T19:31:29.214+0000] {logging_mixin.py:188} INFO - [2026-02-18T19:31:29.211+0000] {dagbag.py:538} INFO - Filling up the DagBag from /opt/airflow/dags/load_to_snowflag.py
[2026-02-18T19:31:29.372+0000] {processor.py:840} INFO - DAG(s) 'social_media_to_snowflake' retrieved from /opt/airflow/dags/load_to_snowflag.py
[2026-02-18T19:31:29.641+0000] {logging_mixin.py:188} INFO - [2026-02-18T19:31:29.639+0000] {dag.py:3036} INFO - Sync 1 DAGs
[2026-02-18T19:31:29.692+0000] {logging_mixin.py:188} INFO - [2026-02-18T19:31:29.692+0000] {dag.py:3823} INFO - Setting next_dagrun for social_media_to_snowflake to None, run_after=None
[2026-02-18T19:31:29.779+0000] {processor.py:183} INFO - Processing /opt/airflow/dags/load_to_snowflag.py took 0.602 seconds
[2026-02-18T19:32:00.522+0000] {processor.py:161} INFO - Started process (PID=384) to work on /opt/airflow/dags/load_to_snowflag.py
[2026-02-18T19:32:00.524+0000] {processor.py:830} INFO - Processing file /opt/airflow/dags/load_to_snowflag.py for tasks to queue
[2026-02-18T19:32:00.528+0000] {logging_mixin.py:188} INFO - [2026-02-18T19:32:00.528+0000] {dagbag.py:538} INFO - Filling up the DagBag from /opt/airflow/dags/load_to_snowflag.py
[2026-02-18T19:32:00.571+0000] {processor.py:840} INFO - DAG(s) 'social_media_to_snowflake' retrieved from /opt/airflow/dags/load_to_snowflag.py
[2026-02-18T19:32:00.921+0000] {logging_mixin.py:188} INFO - [2026-02-18T19:32:00.920+0000] {dag.py:3036} INFO - Sync 1 DAGs
[2026-02-18T19:32:00.942+0000] {logging_mixin.py:188} INFO - [2026-02-18T19:32:00.942+0000] {dag.py:3823} INFO - Setting next_dagrun for social_media_to_snowflake to None, run_after=None
[2026-02-18T19:32:00.989+0000] {processor.py:183} INFO - Processing /opt/airflow/dags/load_to_snowflag.py took 0.474 seconds
[2026-02-18T19:32:31.180+0000] {processor.py:161} INFO - Started process (PID=400) to work on /opt/airflow/dags/load_to_snowflag.py
[2026-02-18T19:32:31.182+0000] {processor.py:830} INFO - Processing file /opt/airflow/dags/load_to_snowflag.py for tasks to queue
[2026-02-18T19:32:31.190+0000] {logging_mixin.py:188} INFO - [2026-02-18T19:32:31.186+0000] {dagbag.py:538} INFO - Filling up the DagBag from /opt/airflow/dags/load_to_snowflag.py
[2026-02-18T19:32:31.232+0000] {processor.py:840} INFO - DAG(s) 'social_media_to_snowflake' retrieved from /opt/airflow/dags/load_to_snowflag.py
[2026-02-18T19:32:31.334+0000] {logging_mixin.py:188} INFO - [2026-02-18T19:32:31.333+0000] {dag.py:3036} INFO - Sync 1 DAGs
[2026-02-18T19:32:31.364+0000] {logging_mixin.py:188} INFO - [2026-02-18T19:32:31.364+0000] {dag.py:3823} INFO - Setting next_dagrun for social_media_to_snowflake to None, run_after=None
[2026-02-18T19:32:31.410+0000] {processor.py:183} INFO - Processing /opt/airflow/dags/load_to_snowflag.py took 0.241 seconds
[2026-02-18T19:33:01.864+0000] {processor.py:161} INFO - Started process (PID=416) to work on /opt/airflow/dags/load_to_snowflag.py
[2026-02-18T19:33:01.869+0000] {processor.py:830} INFO - Processing file /opt/airflow/dags/load_to_snowflag.py for tasks to queue
[2026-02-18T19:33:01.881+0000] {logging_mixin.py:188} INFO - [2026-02-18T19:33:01.878+0000] {dagbag.py:538} INFO - Filling up the DagBag from /opt/airflow/dags/load_to_snowflag.py
[2026-02-18T19:33:01.987+0000] {processor.py:840} INFO - DAG(s) 'social_media_to_snowflake' retrieved from /opt/airflow/dags/load_to_snowflag.py
[2026-02-18T19:33:02.424+0000] {logging_mixin.py:188} INFO - [2026-02-18T19:33:02.417+0000] {dag.py:3036} INFO - Sync 1 DAGs
[2026-02-18T19:33:02.611+0000] {logging_mixin.py:188} INFO - [2026-02-18T19:33:02.610+0000] {dag.py:3823} INFO - Setting next_dagrun for social_media_to_snowflake to None, run_after=None
[2026-02-18T19:33:02.721+0000] {processor.py:183} INFO - Processing /opt/airflow/dags/load_to_snowflag.py took 0.871 seconds
[2026-02-18T19:33:33.180+0000] {processor.py:161} INFO - Started process (PID=438) to work on /opt/airflow/dags/load_to_snowflag.py
[2026-02-18T19:33:33.184+0000] {processor.py:830} INFO - Processing file /opt/airflow/dags/load_to_snowflag.py for tasks to queue
[2026-02-18T19:33:33.196+0000] {logging_mixin.py:188} INFO - [2026-02-18T19:33:33.192+0000] {dagbag.py:538} INFO - Filling up the DagBag from /opt/airflow/dags/load_to_snowflag.py
[2026-02-18T19:33:33.322+0000] {processor.py:840} INFO - DAG(s) 'social_media_to_snowflake' retrieved from /opt/airflow/dags/load_to_snowflag.py
[2026-02-18T19:33:33.652+0000] {logging_mixin.py:188} INFO - [2026-02-18T19:33:33.643+0000] {dag.py:3036} INFO - Sync 1 DAGs
[2026-02-18T19:33:33.709+0000] {logging_mixin.py:188} INFO - [2026-02-18T19:33:33.708+0000] {dag.py:3823} INFO - Setting next_dagrun for social_media_to_snowflake to None, run_after=None
[2026-02-18T19:33:33.851+0000] {processor.py:183} INFO - Processing /opt/airflow/dags/load_to_snowflag.py took 0.687 seconds
[2026-02-18T19:34:04.334+0000] {processor.py:161} INFO - Started process (PID=455) to work on /opt/airflow/dags/load_to_snowflag.py
[2026-02-18T19:34:04.337+0000] {processor.py:830} INFO - Processing file /opt/airflow/dags/load_to_snowflag.py for tasks to queue
[2026-02-18T19:34:04.344+0000] {logging_mixin.py:188} INFO - [2026-02-18T19:34:04.343+0000] {dagbag.py:538} INFO - Filling up the DagBag from /opt/airflow/dags/load_to_snowflag.py
[2026-02-18T19:34:04.406+0000] {processor.py:840} INFO - DAG(s) 'social_media_to_snowflake' retrieved from /opt/airflow/dags/load_to_snowflag.py
[2026-02-18T19:34:04.584+0000] {logging_mixin.py:188} INFO - [2026-02-18T19:34:04.582+0000] {dag.py:3036} INFO - Sync 1 DAGs
[2026-02-18T19:34:04.626+0000] {logging_mixin.py:188} INFO - [2026-02-18T19:34:04.626+0000] {dag.py:3823} INFO - Setting next_dagrun for social_media_to_snowflake to None, run_after=None
[2026-02-18T19:34:04.702+0000] {processor.py:183} INFO - Processing /opt/airflow/dags/load_to_snowflag.py took 0.380 seconds
[2026-02-18T19:34:44.645+0000] {processor.py:161} INFO - Started process (PID=469) to work on /opt/airflow/dags/load_to_snowflag.py
[2026-02-18T19:34:48.865+0000] {processor.py:830} INFO - Processing file /opt/airflow/dags/load_to_snowflag.py for tasks to queue
[2026-02-18T19:34:52.287+0000] {logging_mixin.py:188} INFO - [2026-02-18T19:34:50.802+0000] {dagbag.py:538} INFO - Filling up the DagBag from /opt/airflow/dags/load_to_snowflag.py
[2026-02-18T19:35:20.111+0000] {processor.py:840} INFO - DAG(s) 'social_media_to_snowflake' retrieved from /opt/airflow/dags/load_to_snowflag.py
[2026-02-18T19:37:14.495+0000] {processor.py:161} INFO - Started process (PID=482) to work on /opt/airflow/dags/load_to_snowflag.py
[2026-02-18T19:37:15.029+0000] {processor.py:830} INFO - Processing file /opt/airflow/dags/load_to_snowflag.py for tasks to queue
[2026-02-18T19:37:16.867+0000] {logging_mixin.py:188} INFO - [2026-02-18T19:37:15.448+0000] {dagbag.py:538} INFO - Filling up the DagBag from /opt/airflow/dags/load_to_snowflag.py
[2026-02-18T19:37:25.315+0000] {processor.py:840} INFO - DAG(s) 'social_media_to_snowflake' retrieved from /opt/airflow/dags/load_to_snowflag.py
[2026-02-18T19:39:16.992+0000] {processor.py:161} INFO - Started process (PID=488) to work on /opt/airflow/dags/load_to_snowflag.py
[2026-02-18T19:39:17.058+0000] {processor.py:830} INFO - Processing file /opt/airflow/dags/load_to_snowflag.py for tasks to queue
[2026-02-18T19:39:17.165+0000] {logging_mixin.py:188} INFO - [2026-02-18T19:39:17.069+0000] {dagbag.py:538} INFO - Filling up the DagBag from /opt/airflow/dags/load_to_snowflag.py
[2026-02-18T19:39:19.646+0000] {processor.py:840} INFO - DAG(s) 'social_media_to_snowflake' retrieved from /opt/airflow/dags/load_to_snowflag.py
[2026-02-18T19:40:07.789+0000] {processor.py:186} ERROR - Got an exception! Propagating...
Traceback (most recent call last):
  File "/home/airflow/.local/lib/python3.8/site-packages/sqlalchemy/engine/base.py", line 3371, in _wrap_pool_connect
    return fn()
  File "/home/airflow/.local/lib/python3.8/site-packages/sqlalchemy/pool/base.py", line 327, in connect
    return _ConnectionFairy._checkout(self)
  File "/home/airflow/.local/lib/python3.8/site-packages/sqlalchemy/pool/base.py", line 894, in _checkout
    fairy = _ConnectionRecord.checkout(pool)
  File "/home/airflow/.local/lib/python3.8/site-packages/sqlalchemy/pool/base.py", line 493, in checkout
    rec = pool._do_get()
  File "/home/airflow/.local/lib/python3.8/site-packages/sqlalchemy/pool/impl.py", line 146, in _do_get
    self._dec_overflow()
  File "/home/airflow/.local/lib/python3.8/site-packages/sqlalchemy/util/langhelpers.py", line 70, in __exit__
    compat.raise_(
  File "/home/airflow/.local/lib/python3.8/site-packages/sqlalchemy/util/compat.py", line 211, in raise_
    raise exception
  File "/home/airflow/.local/lib/python3.8/site-packages/sqlalchemy/pool/impl.py", line 143, in _do_get
    return self._create_connection()
  File "/home/airflow/.local/lib/python3.8/site-packages/sqlalchemy/pool/base.py", line 273, in _create_connection
    return _ConnectionRecord(self)
  File "/home/airflow/.local/lib/python3.8/site-packages/sqlalchemy/pool/base.py", line 388, in __init__
    self.__connect()
  File "/home/airflow/.local/lib/python3.8/site-packages/sqlalchemy/pool/base.py", line 691, in __connect
    pool.logger.debug("Error on connect(): %s", e)
  File "/home/airflow/.local/lib/python3.8/site-packages/sqlalchemy/util/langhelpers.py", line 70, in __exit__
    compat.raise_(
  File "/home/airflow/.local/lib/python3.8/site-packages/sqlalchemy/util/compat.py", line 211, in raise_
    raise exception
  File "/home/airflow/.local/lib/python3.8/site-packages/sqlalchemy/pool/base.py", line 686, in __connect
    self.dbapi_connection = connection = pool._invoke_creator(self)
  File "/home/airflow/.local/lib/python3.8/site-packages/sqlalchemy/engine/create.py", line 574, in connect
    return dialect.connect(*cargs, **cparams)
  File "/home/airflow/.local/lib/python3.8/site-packages/sqlalchemy/engine/default.py", line 598, in connect
    return self.dbapi.connect(*cargs, **cparams)
  File "/home/airflow/.local/lib/python3.8/site-packages/psycopg2/__init__.py", line 122, in connect
    conn = _connect(dsn, connection_factory=connection_factory, **kwasync)
psycopg2.OperationalError: could not translate host name "postgres" to address: Temporary failure in name resolution


The above exception was the direct cause of the following exception:

Traceback (most recent call last):
  File "/home/airflow/.local/lib/python3.8/site-packages/airflow/dag_processing/processor.py", line 182, in _run_file_processor
    _handle_dag_file_processing()
  File "/home/airflow/.local/lib/python3.8/site-packages/airflow/dag_processing/processor.py", line 163, in _handle_dag_file_processing
    result: tuple[int, int] = dag_file_processor.process_file(
  File "/home/airflow/.local/lib/python3.8/site-packages/airflow/utils/session.py", line 79, in wrapper
    return func(*args, session=session, **kwargs)
  File "/home/airflow/.local/lib/python3.8/site-packages/airflow/dag_processing/processor.py", line 859, in process_file
    serialize_errors = DagFileProcessor.save_dag_to_db(
  File "/home/airflow/.local/lib/python3.8/site-packages/airflow/api_internal/internal_api_call.py", line 114, in wrapper
    return func(*args, **kwargs)
  File "/home/airflow/.local/lib/python3.8/site-packages/airflow/utils/session.py", line 79, in wrapper
    return func(*args, session=session, **kwargs)
  File "/home/airflow/.local/lib/python3.8/site-packages/airflow/dag_processing/processor.py", line 895, in save_dag_to_db
    import_errors = DagBag._sync_to_db(dags=dags, processor_subdir=dag_directory, session=session)
  File "/home/airflow/.local/lib/python3.8/site-packages/airflow/utils/session.py", line 76, in wrapper
    return func(*args, **kwargs)
  File "/home/airflow/.local/lib/python3.8/site-packages/airflow/models/dagbag.py", line 657, in _sync_to_db
    for attempt in run_with_db_retries(logger=log):
  File "/home/airflow/.local/lib/python3.8/site-packages/tenacity/__init__.py", line 347, in __iter__
    do = self.iter(retry_state=retry_state)
  File "/home/airflow/.local/lib/python3.8/site-packages/tenacity/__init__.py", line 325, in iter
    raise retry_exc.reraise()
  File "/home/airflow/.local/lib/python3.8/site-packages/tenacity/__init__.py", line 158, in reraise
    raise self.last_attempt.result()
  File "/usr/local/lib/python3.8/concurrent/futures/_base.py", line 437, in result
    return self.__get_result()
  File "/usr/local/lib/python3.8/concurrent/futures/_base.py", line 389, in __get_result
    raise self._exception
  File "/home/airflow/.local/lib/python3.8/site-packages/airflow/models/dagbag.py", line 670, in _sync_to_db
    _serialize_dag_capturing_errors(dag, session, processor_subdir)
  File "/home/airflow/.local/lib/python3.8/site-packages/airflow/models/dagbag.py", line 635, in _serialize_dag_capturing_errors
    dag_was_updated = SerializedDagModel.write_dag(
  File "/home/airflow/.local/lib/python3.8/site-packages/airflow/utils/session.py", line 76, in wrapper
    return func(*args, **kwargs)
  File "/home/airflow/.local/lib/python3.8/site-packages/airflow/models/serialized_dag.py", line 157, in write_dag
    if session.scalar(
  File "/home/airflow/.local/lib/python3.8/site-packages/sqlalchemy/orm/session.py", line 1747, in scalar
    return self.execute(
  File "/home/airflow/.local/lib/python3.8/site-packages/sqlalchemy/orm/session.py", line 1716, in execute
    conn = self._connection_for_bind(bind)
  File "/home/airflow/.local/lib/python3.8/site-packages/sqlalchemy/orm/session.py", line 1555, in _connection_for_bind
    return self._transaction._connection_for_bind(
  File "/home/airflow/.local/lib/python3.8/site-packages/sqlalchemy/orm/session.py", line 750, in _connection_for_bind
    conn = bind.connect()
  File "/home/airflow/.local/lib/python3.8/site-packages/sqlalchemy/future/engine.py", line 412, in connect
    return super(Engine, self).connect()
  File "/home/airflow/.local/lib/python3.8/site-packages/sqlalchemy/engine/base.py", line 3325, in connect
    return self._connection_cls(self, close_with_result=close_with_result)
  File "/home/airflow/.local/lib/python3.8/site-packages/sqlalchemy/engine/base.py", line 96, in __init__
    else engine.raw_connection()
  File "/home/airflow/.local/lib/python3.8/site-packages/sqlalchemy/engine/base.py", line 3404, in raw_connection
    return self._wrap_pool_connect(self.pool.connect, _connection)
  File "/home/airflow/.local/lib/python3.8/site-packages/sqlalchemy/engine/base.py", line 3374, in _wrap_pool_connect
    Connection._handle_dbapi_exception_noconnection(
  File "/home/airflow/.local/lib/python3.8/site-packages/sqlalchemy/engine/base.py", line 2208, in _handle_dbapi_exception_noconnection
    util.raise_(
  File "/home/airflow/.local/lib/python3.8/site-packages/sqlalchemy/util/compat.py", line 211, in raise_
    raise exception
  File "/home/airflow/.local/lib/python3.8/site-packages/sqlalchemy/engine/base.py", line 3371, in _wrap_pool_connect
    return fn()
  File "/home/airflow/.local/lib/python3.8/site-packages/sqlalchemy/pool/base.py", line 327, in connect
    return _ConnectionFairy._checkout(self)
  File "/home/airflow/.local/lib/python3.8/site-packages/sqlalchemy/pool/base.py", line 894, in _checkout
    fairy = _ConnectionRecord.checkout(pool)
  File "/home/airflow/.local/lib/python3.8/site-packages/sqlalchemy/pool/base.py", line 493, in checkout
    rec = pool._do_get()
  File "/home/airflow/.local/lib/python3.8/site-packages/sqlalchemy/pool/impl.py", line 146, in _do_get
    self._dec_overflow()
  File "/home/airflow/.local/lib/python3.8/site-packages/sqlalchemy/util/langhelpers.py", line 70, in __exit__
    compat.raise_(
  File "/home/airflow/.local/lib/python3.8/site-packages/sqlalchemy/util/compat.py", line 211, in raise_
    raise exception
  File "/home/airflow/.local/lib/python3.8/site-packages/sqlalchemy/pool/impl.py", line 143, in _do_get
    return self._create_connection()
  File "/home/airflow/.local/lib/python3.8/site-packages/sqlalchemy/pool/base.py", line 273, in _create_connection
    return _ConnectionRecord(self)
  File "/home/airflow/.local/lib/python3.8/site-packages/sqlalchemy/pool/base.py", line 388, in __init__
    self.__connect()
  File "/home/airflow/.local/lib/python3.8/site-packages/sqlalchemy/pool/base.py", line 691, in __connect
    pool.logger.debug("Error on connect(): %s", e)
  File "/home/airflow/.local/lib/python3.8/site-packages/sqlalchemy/util/langhelpers.py", line 70, in __exit__
    compat.raise_(
  File "/home/airflow/.local/lib/python3.8/site-packages/sqlalchemy/util/compat.py", line 211, in raise_
    raise exception
  File "/home/airflow/.local/lib/python3.8/site-packages/sqlalchemy/pool/base.py", line 686, in __connect
    self.dbapi_connection = connection = pool._invoke_creator(self)
  File "/home/airflow/.local/lib/python3.8/site-packages/sqlalchemy/engine/create.py", line 574, in connect
    return dialect.connect(*cargs, **cparams)
  File "/home/airflow/.local/lib/python3.8/site-packages/sqlalchemy/engine/default.py", line 598, in connect
    return self.dbapi.connect(*cargs, **cparams)
  File "/home/airflow/.local/lib/python3.8/site-packages/psycopg2/__init__.py", line 122, in connect
    conn = _connect(dsn, connection_factory=connection_factory, **kwasync)
sqlalchemy.exc.OperationalError: (psycopg2.OperationalError) could not translate host name "postgres" to address: Temporary failure in name resolution

(Background on this error at: https://sqlalche.me/e/14/e3q8)
[2026-02-18T19:44:51.010+0000] {processor.py:161} INFO - Started process (PID=498) to work on /opt/airflow/dags/load_to_snowflag.py
[2026-02-18T19:44:58.971+0000] {processor.py:830} INFO - Processing file /opt/airflow/dags/load_to_snowflag.py for tasks to queue
[2026-02-18T19:45:17.493+0000] {logging_mixin.py:188} INFO - [2026-02-18T19:45:16.544+0000] {dagbag.py:538} INFO - Filling up the DagBag from /opt/airflow/dags/load_to_snowflag.py
[2026-02-18T19:45:58.954+0000] {logging_mixin.py:188} INFO - [2026-02-18T19:45:58.488+0000] {timeout.py:68} ERROR - Process timed out, PID: 498
[2026-02-18T19:46:00.255+0000] {logging_mixin.py:188} INFO - [2026-02-18T19:45:59.231+0000] {dagbag.py:348} ERROR - Failed to import: /opt/airflow/dags/load_to_snowflag.py
Traceback (most recent call last):
  File "/home/airflow/.local/lib/python3.8/site-packages/airflow/models/dagbag.py", line 344, in parse
    loader.exec_module(new_module)
  File "<frozen importlib._bootstrap_external>", line 843, in exec_module
  File "<frozen importlib._bootstrap>", line 219, in _call_with_frames_removed
  File "/opt/airflow/dags/load_to_snowflag.py", line 186, in <module>
    [t1, t2] >> t3
  File "/home/airflow/.local/lib/python3.8/site-packages/airflow/models/taskmixin.py", line 109, in __rrshift__
    self.__lshift__(other)
  File "/home/airflow/.local/lib/python3.8/site-packages/airflow/models/taskmixin.py", line 99, in __lshift__
    self.set_upstream(other)
  File "/home/airflow/.local/lib/python3.8/site-packages/airflow/models/taskmixin.py", line 270, in set_upstream
    self._set_relatives(task_or_task_list, upstream=True, edge_modifier=edge_modifier)
  File "/home/airflow/.local/lib/python3.8/site-packages/airflow/models/taskmixin.py", line 225, in _set_relatives
    dags: set[DAG] = {task.dag for task in [*self.roots, *task_list] if task.has_dag() and task.dag}
  File "/home/airflow/.local/lib/python3.8/site-packages/airflow/models/taskmixin.py", line 225, in <setcomp>
    dags: set[DAG] = {task.dag for task in [*self.roots, *task_list] if task.has_dag() and task.dag}
  File "/home/airflow/.local/lib/python3.8/site-packages/airflow/models/dag.py", line 783, in __hash__
    hash(val)
  File "/home/airflow/.local/lib/python3.8/site-packages/airflow/utils/timeout.py", line 69, in handle_timeout
    raise AirflowTaskTimeout(self.error_message)
airflow.exceptions.AirflowTaskTimeout: DagBag import timeout for /opt/airflow/dags/load_to_snowflag.py after 30.0s.
Please take a look at these docs to improve your DAG import time:
* https://airflow.apache.org/docs/apache-airflow/2.8.1/best-practices.html#top-level-python-code
* https://airflow.apache.org/docs/apache-airflow/2.8.1/best-practices.html#reducing-dag-complexity, PID: 498
[2026-02-18T19:46:00.706+0000] {processor.py:842} WARNING - No viable dags retrieved from /opt/airflow/dags/load_to_snowflag.py
[2026-02-18T19:46:29.286+0000] {processor.py:186} ERROR - Got an exception! Propagating...
Traceback (most recent call last):
  File "/home/airflow/.local/lib/python3.8/site-packages/sqlalchemy/engine/base.py", line 3371, in _wrap_pool_connect
    return fn()
  File "/home/airflow/.local/lib/python3.8/site-packages/sqlalchemy/pool/base.py", line 327, in connect
    return _ConnectionFairy._checkout(self)
  File "/home/airflow/.local/lib/python3.8/site-packages/sqlalchemy/pool/base.py", line 894, in _checkout
    fairy = _ConnectionRecord.checkout(pool)
  File "/home/airflow/.local/lib/python3.8/site-packages/sqlalchemy/pool/base.py", line 493, in checkout
    rec = pool._do_get()
  File "/home/airflow/.local/lib/python3.8/site-packages/sqlalchemy/pool/impl.py", line 146, in _do_get
    self._dec_overflow()
  File "/home/airflow/.local/lib/python3.8/site-packages/sqlalchemy/util/langhelpers.py", line 70, in __exit__
    compat.raise_(
  File "/home/airflow/.local/lib/python3.8/site-packages/sqlalchemy/util/compat.py", line 211, in raise_
    raise exception
  File "/home/airflow/.local/lib/python3.8/site-packages/sqlalchemy/pool/impl.py", line 143, in _do_get
    return self._create_connection()
  File "/home/airflow/.local/lib/python3.8/site-packages/sqlalchemy/pool/base.py", line 273, in _create_connection
    return _ConnectionRecord(self)
  File "/home/airflow/.local/lib/python3.8/site-packages/sqlalchemy/pool/base.py", line 388, in __init__
    self.__connect()
  File "/home/airflow/.local/lib/python3.8/site-packages/sqlalchemy/pool/base.py", line 691, in __connect
    pool.logger.debug("Error on connect(): %s", e)
  File "/home/airflow/.local/lib/python3.8/site-packages/sqlalchemy/util/langhelpers.py", line 70, in __exit__
    compat.raise_(
  File "/home/airflow/.local/lib/python3.8/site-packages/sqlalchemy/util/compat.py", line 211, in raise_
    raise exception
  File "/home/airflow/.local/lib/python3.8/site-packages/sqlalchemy/pool/base.py", line 686, in __connect
    self.dbapi_connection = connection = pool._invoke_creator(self)
  File "/home/airflow/.local/lib/python3.8/site-packages/sqlalchemy/engine/create.py", line 574, in connect
    return dialect.connect(*cargs, **cparams)
  File "/home/airflow/.local/lib/python3.8/site-packages/sqlalchemy/engine/default.py", line 598, in connect
    return self.dbapi.connect(*cargs, **cparams)
  File "/home/airflow/.local/lib/python3.8/site-packages/psycopg2/__init__.py", line 122, in connect
    conn = _connect(dsn, connection_factory=connection_factory, **kwasync)
psycopg2.OperationalError: could not translate host name "postgres" to address: Temporary failure in name resolution


The above exception was the direct cause of the following exception:

Traceback (most recent call last):
  File "/home/airflow/.local/lib/python3.8/site-packages/airflow/dag_processing/processor.py", line 182, in _run_file_processor
    _handle_dag_file_processing()
  File "/home/airflow/.local/lib/python3.8/site-packages/airflow/dag_processing/processor.py", line 163, in _handle_dag_file_processing
    result: tuple[int, int] = dag_file_processor.process_file(
  File "/home/airflow/.local/lib/python3.8/site-packages/airflow/utils/session.py", line 79, in wrapper
    return func(*args, session=session, **kwargs)
  File "/home/airflow/.local/lib/python3.8/site-packages/airflow/dag_processing/processor.py", line 843, in process_file
    DagFileProcessor.update_import_errors(
  File "/home/airflow/.local/lib/python3.8/site-packages/airflow/api_internal/internal_api_call.py", line 114, in wrapper
    return func(*args, **kwargs)
  File "/home/airflow/.local/lib/python3.8/site-packages/airflow/utils/session.py", line 76, in wrapper
    return func(*args, **kwargs)
  File "/home/airflow/.local/lib/python3.8/site-packages/airflow/dag_processing/processor.py", line 622, in update_import_errors
    existing_import_error_files = [x.filename for x in session.query(errors.ImportError.filename).all()]
  File "/home/airflow/.local/lib/python3.8/site-packages/sqlalchemy/orm/query.py", line 2773, in all
    return self._iter().all()
  File "/home/airflow/.local/lib/python3.8/site-packages/sqlalchemy/orm/query.py", line 2916, in _iter
    result = self.session.execute(
  File "/home/airflow/.local/lib/python3.8/site-packages/sqlalchemy/orm/session.py", line 1716, in execute
    conn = self._connection_for_bind(bind)
  File "/home/airflow/.local/lib/python3.8/site-packages/sqlalchemy/orm/session.py", line 1555, in _connection_for_bind
    return self._transaction._connection_for_bind(
  File "/home/airflow/.local/lib/python3.8/site-packages/sqlalchemy/orm/session.py", line 750, in _connection_for_bind
    conn = bind.connect()
  File "/home/airflow/.local/lib/python3.8/site-packages/sqlalchemy/future/engine.py", line 412, in connect
    return super(Engine, self).connect()
  File "/home/airflow/.local/lib/python3.8/site-packages/sqlalchemy/engine/base.py", line 3325, in connect
    return self._connection_cls(self, close_with_result=close_with_result)
  File "/home/airflow/.local/lib/python3.8/site-packages/sqlalchemy/engine/base.py", line 96, in __init__
    else engine.raw_connection()
  File "/home/airflow/.local/lib/python3.8/site-packages/sqlalchemy/engine/base.py", line 3404, in raw_connection
    return self._wrap_pool_connect(self.pool.connect, _connection)
  File "/home/airflow/.local/lib/python3.8/site-packages/sqlalchemy/engine/base.py", line 3374, in _wrap_pool_connect
    Connection._handle_dbapi_exception_noconnection(
  File "/home/airflow/.local/lib/python3.8/site-packages/sqlalchemy/engine/base.py", line 2208, in _handle_dbapi_exception_noconnection
    util.raise_(
  File "/home/airflow/.local/lib/python3.8/site-packages/sqlalchemy/util/compat.py", line 211, in raise_
    raise exception
  File "/home/airflow/.local/lib/python3.8/site-packages/sqlalchemy/engine/base.py", line 3371, in _wrap_pool_connect
    return fn()
  File "/home/airflow/.local/lib/python3.8/site-packages/sqlalchemy/pool/base.py", line 327, in connect
    return _ConnectionFairy._checkout(self)
  File "/home/airflow/.local/lib/python3.8/site-packages/sqlalchemy/pool/base.py", line 894, in _checkout
    fairy = _ConnectionRecord.checkout(pool)
  File "/home/airflow/.local/lib/python3.8/site-packages/sqlalchemy/pool/base.py", line 493, in checkout
    rec = pool._do_get()
  File "/home/airflow/.local/lib/python3.8/site-packages/sqlalchemy/pool/impl.py", line 146, in _do_get
    self._dec_overflow()
  File "/home/airflow/.local/lib/python3.8/site-packages/sqlalchemy/util/langhelpers.py", line 70, in __exit__
    compat.raise_(
  File "/home/airflow/.local/lib/python3.8/site-packages/sqlalchemy/util/compat.py", line 211, in raise_
    raise exception
  File "/home/airflow/.local/lib/python3.8/site-packages/sqlalchemy/pool/impl.py", line 143, in _do_get
    return self._create_connection()
  File "/home/airflow/.local/lib/python3.8/site-packages/sqlalchemy/pool/base.py", line 273, in _create_connection
    return _ConnectionRecord(self)
  File "/home/airflow/.local/lib/python3.8/site-packages/sqlalchemy/pool/base.py", line 388, in __init__
    self.__connect()
  File "/home/airflow/.local/lib/python3.8/site-packages/sqlalchemy/pool/base.py", line 691, in __connect
    pool.logger.debug("Error on connect(): %s", e)
  File "/home/airflow/.local/lib/python3.8/site-packages/sqlalchemy/util/langhelpers.py", line 70, in __exit__
    compat.raise_(
  File "/home/airflow/.local/lib/python3.8/site-packages/sqlalchemy/util/compat.py", line 211, in raise_
    raise exception
  File "/home/airflow/.local/lib/python3.8/site-packages/sqlalchemy/pool/base.py", line 686, in __connect
    self.dbapi_connection = connection = pool._invoke_creator(self)
  File "/home/airflow/.local/lib/python3.8/site-packages/sqlalchemy/engine/create.py", line 574, in connect
    return dialect.connect(*cargs, **cparams)
  File "/home/airflow/.local/lib/python3.8/site-packages/sqlalchemy/engine/default.py", line 598, in connect
    return self.dbapi.connect(*cargs, **cparams)
  File "/home/airflow/.local/lib/python3.8/site-packages/psycopg2/__init__.py", line 122, in connect
    conn = _connect(dsn, connection_factory=connection_factory, **kwasync)
sqlalchemy.exc.OperationalError: (psycopg2.OperationalError) could not translate host name "postgres" to address: Temporary failure in name resolution

(Background on this error at: https://sqlalche.me/e/14/e3q8)
