[2026-02-20T00:09:13.377+0000] {processor.py:161} INFO - Started process (PID=1905) to work on /opt/airflow/dags/hackernews_news_ingestion.py
[2026-02-20T00:09:13.398+0000] {processor.py:830} INFO - Processing file /opt/airflow/dags/hackernews_news_ingestion.py for tasks to queue
[2026-02-20T00:09:13.432+0000] {logging_mixin.py:188} INFO - [2026-02-20T00:09:13.427+0000] {dagbag.py:538} INFO - Filling up the DagBag from /opt/airflow/dags/hackernews_news_ingestion.py
[2026-02-20T00:09:13.683+0000] {processor.py:840} INFO - DAG(s) 'hackernews_news_pipeline' retrieved from /opt/airflow/dags/hackernews_news_ingestion.py
[2026-02-20T00:09:14.736+0000] {logging_mixin.py:188} INFO - [2026-02-20T00:09:14.729+0000] {dag.py:3036} INFO - Sync 1 DAGs
[2026-02-20T00:09:15.461+0000] {logging_mixin.py:188} INFO - [2026-02-20T00:09:15.446+0000] {dag.py:3823} INFO - Setting next_dagrun for hackernews_news_pipeline to None, run_after=None
[2026-02-20T00:09:16.107+0000] {processor.py:183} INFO - Processing /opt/airflow/dags/hackernews_news_ingestion.py took 2.762 seconds
[2026-02-20T00:10:20.907+0000] {processor.py:161} INFO - Started process (PID=1942) to work on /opt/airflow/dags/hackernews_news_ingestion.py
[2026-02-20T00:10:21.001+0000] {processor.py:830} INFO - Processing file /opt/airflow/dags/hackernews_news_ingestion.py for tasks to queue
[2026-02-20T00:10:21.047+0000] {logging_mixin.py:188} INFO - [2026-02-20T00:10:21.023+0000] {dagbag.py:538} INFO - Filling up the DagBag from /opt/airflow/dags/hackernews_news_ingestion.py
[2026-02-20T00:10:22.275+0000] {processor.py:840} INFO - DAG(s) 'hackernews_news_pipeline' retrieved from /opt/airflow/dags/hackernews_news_ingestion.py
[2026-02-20T00:10:23.546+0000] {logging_mixin.py:188} INFO - [2026-02-20T00:10:23.537+0000] {dag.py:3036} INFO - Sync 1 DAGs
[2026-02-20T00:10:24.142+0000] {logging_mixin.py:188} INFO - [2026-02-20T00:10:24.141+0000] {dag.py:3823} INFO - Setting next_dagrun for hackernews_news_pipeline to None, run_after=None
[2026-02-20T00:10:24.668+0000] {processor.py:183} INFO - Processing /opt/airflow/dags/hackernews_news_ingestion.py took 4.117 seconds
[2026-02-20T00:11:25.845+0000] {processor.py:161} INFO - Started process (PID=1978) to work on /opt/airflow/dags/hackernews_news_ingestion.py
[2026-02-20T00:11:25.887+0000] {processor.py:830} INFO - Processing file /opt/airflow/dags/hackernews_news_ingestion.py for tasks to queue
[2026-02-20T00:11:25.900+0000] {logging_mixin.py:188} INFO - [2026-02-20T00:11:25.897+0000] {dagbag.py:538} INFO - Filling up the DagBag from /opt/airflow/dags/hackernews_news_ingestion.py
[2026-02-20T00:11:26.772+0000] {processor.py:840} INFO - DAG(s) 'hackernews_news_pipeline' retrieved from /opt/airflow/dags/hackernews_news_ingestion.py
[2026-02-20T00:11:27.872+0000] {logging_mixin.py:188} INFO - [2026-02-20T00:11:27.869+0000] {dag.py:3036} INFO - Sync 1 DAGs
[2026-02-20T00:11:28.049+0000] {logging_mixin.py:188} INFO - [2026-02-20T00:11:28.046+0000] {dag.py:3823} INFO - Setting next_dagrun for hackernews_news_pipeline to None, run_after=None
[2026-02-20T00:11:28.341+0000] {processor.py:183} INFO - Processing /opt/airflow/dags/hackernews_news_ingestion.py took 2.549 seconds
[2026-02-20T00:12:29.183+0000] {processor.py:161} INFO - Started process (PID=2014) to work on /opt/airflow/dags/hackernews_news_ingestion.py
[2026-02-20T00:12:29.192+0000] {processor.py:830} INFO - Processing file /opt/airflow/dags/hackernews_news_ingestion.py for tasks to queue
[2026-02-20T00:12:29.200+0000] {logging_mixin.py:188} INFO - [2026-02-20T00:12:29.199+0000] {dagbag.py:538} INFO - Filling up the DagBag from /opt/airflow/dags/hackernews_news_ingestion.py
[2026-02-20T00:12:29.386+0000] {processor.py:840} INFO - DAG(s) 'hackernews_news_pipeline' retrieved from /opt/airflow/dags/hackernews_news_ingestion.py
[2026-02-20T00:12:29.831+0000] {logging_mixin.py:188} INFO - [2026-02-20T00:12:29.830+0000] {dag.py:3036} INFO - Sync 1 DAGs
[2026-02-20T00:12:30.212+0000] {logging_mixin.py:188} INFO - [2026-02-20T00:12:30.211+0000] {dag.py:3823} INFO - Setting next_dagrun for hackernews_news_pipeline to None, run_after=None
[2026-02-20T00:12:30.418+0000] {processor.py:183} INFO - Processing /opt/airflow/dags/hackernews_news_ingestion.py took 1.259 seconds
[2026-02-20T00:13:30.758+0000] {processor.py:161} INFO - Started process (PID=2056) to work on /opt/airflow/dags/hackernews_news_ingestion.py
[2026-02-20T00:13:30.775+0000] {processor.py:830} INFO - Processing file /opt/airflow/dags/hackernews_news_ingestion.py for tasks to queue
[2026-02-20T00:13:30.793+0000] {logging_mixin.py:188} INFO - [2026-02-20T00:13:30.789+0000] {dagbag.py:538} INFO - Filling up the DagBag from /opt/airflow/dags/hackernews_news_ingestion.py
[2026-02-20T00:13:30.878+0000] {processor.py:840} INFO - DAG(s) 'hackernews_news_pipeline' retrieved from /opt/airflow/dags/hackernews_news_ingestion.py
[2026-02-20T00:13:31.089+0000] {logging_mixin.py:188} INFO - [2026-02-20T00:13:31.088+0000] {dag.py:3036} INFO - Sync 1 DAGs
[2026-02-20T00:13:31.176+0000] {logging_mixin.py:188} INFO - [2026-02-20T00:13:31.175+0000] {dag.py:3823} INFO - Setting next_dagrun for hackernews_news_pipeline to None, run_after=None
[2026-02-20T00:13:31.288+0000] {processor.py:183} INFO - Processing /opt/airflow/dags/hackernews_news_ingestion.py took 0.623 seconds
[2026-02-20T00:14:31.769+0000] {processor.py:161} INFO - Started process (PID=2088) to work on /opt/airflow/dags/hackernews_news_ingestion.py
[2026-02-20T00:14:31.772+0000] {processor.py:830} INFO - Processing file /opt/airflow/dags/hackernews_news_ingestion.py for tasks to queue
[2026-02-20T00:14:31.776+0000] {logging_mixin.py:188} INFO - [2026-02-20T00:14:31.775+0000] {dagbag.py:538} INFO - Filling up the DagBag from /opt/airflow/dags/hackernews_news_ingestion.py
[2026-02-20T00:14:31.820+0000] {processor.py:840} INFO - DAG(s) 'hackernews_news_pipeline' retrieved from /opt/airflow/dags/hackernews_news_ingestion.py
[2026-02-20T00:14:32.028+0000] {logging_mixin.py:188} INFO - [2026-02-20T00:14:32.025+0000] {dag.py:3036} INFO - Sync 1 DAGs
[2026-02-20T00:14:32.111+0000] {logging_mixin.py:188} INFO - [2026-02-20T00:14:32.110+0000] {dag.py:3823} INFO - Setting next_dagrun for hackernews_news_pipeline to None, run_after=None
[2026-02-20T00:14:32.220+0000] {processor.py:183} INFO - Processing /opt/airflow/dags/hackernews_news_ingestion.py took 0.464 seconds
[2026-02-20T00:15:32.933+0000] {processor.py:161} INFO - Started process (PID=2135) to work on /opt/airflow/dags/hackernews_news_ingestion.py
[2026-02-20T00:15:32.939+0000] {processor.py:830} INFO - Processing file /opt/airflow/dags/hackernews_news_ingestion.py for tasks to queue
[2026-02-20T00:15:32.942+0000] {logging_mixin.py:188} INFO - [2026-02-20T00:15:32.941+0000] {dagbag.py:538} INFO - Filling up the DagBag from /opt/airflow/dags/hackernews_news_ingestion.py
[2026-02-20T00:15:32.970+0000] {processor.py:840} INFO - DAG(s) 'hackernews_news_pipeline' retrieved from /opt/airflow/dags/hackernews_news_ingestion.py
[2026-02-20T00:15:33.019+0000] {logging_mixin.py:188} INFO - [2026-02-20T00:15:33.018+0000] {dag.py:3036} INFO - Sync 1 DAGs
[2026-02-20T00:15:33.040+0000] {logging_mixin.py:188} INFO - [2026-02-20T00:15:33.040+0000] {dag.py:3823} INFO - Setting next_dagrun for hackernews_news_pipeline to None, run_after=None
[2026-02-20T00:15:33.077+0000] {processor.py:183} INFO - Processing /opt/airflow/dags/hackernews_news_ingestion.py took 0.155 seconds
[2026-02-20T00:16:33.731+0000] {processor.py:161} INFO - Started process (PID=2170) to work on /opt/airflow/dags/hackernews_news_ingestion.py
[2026-02-20T00:16:33.733+0000] {processor.py:830} INFO - Processing file /opt/airflow/dags/hackernews_news_ingestion.py for tasks to queue
[2026-02-20T00:16:33.735+0000] {logging_mixin.py:188} INFO - [2026-02-20T00:16:33.735+0000] {dagbag.py:538} INFO - Filling up the DagBag from /opt/airflow/dags/hackernews_news_ingestion.py
[2026-02-20T00:16:33.753+0000] {processor.py:840} INFO - DAG(s) 'hackernews_news_pipeline' retrieved from /opt/airflow/dags/hackernews_news_ingestion.py
[2026-02-20T00:16:33.801+0000] {logging_mixin.py:188} INFO - [2026-02-20T00:16:33.800+0000] {dag.py:3036} INFO - Sync 1 DAGs
[2026-02-20T00:16:33.823+0000] {logging_mixin.py:188} INFO - [2026-02-20T00:16:33.823+0000] {dag.py:3823} INFO - Setting next_dagrun for hackernews_news_pipeline to None, run_after=None
[2026-02-20T00:16:33.862+0000] {processor.py:183} INFO - Processing /opt/airflow/dags/hackernews_news_ingestion.py took 0.136 seconds
[2026-02-20T00:17:34.573+0000] {processor.py:161} INFO - Started process (PID=2202) to work on /opt/airflow/dags/hackernews_news_ingestion.py
[2026-02-20T00:17:34.574+0000] {processor.py:830} INFO - Processing file /opt/airflow/dags/hackernews_news_ingestion.py for tasks to queue
[2026-02-20T00:17:34.577+0000] {logging_mixin.py:188} INFO - [2026-02-20T00:17:34.576+0000] {dagbag.py:538} INFO - Filling up the DagBag from /opt/airflow/dags/hackernews_news_ingestion.py
[2026-02-20T00:17:34.600+0000] {processor.py:840} INFO - DAG(s) 'hackernews_news_pipeline' retrieved from /opt/airflow/dags/hackernews_news_ingestion.py
[2026-02-20T00:17:34.660+0000] {logging_mixin.py:188} INFO - [2026-02-20T00:17:34.660+0000] {dag.py:3036} INFO - Sync 1 DAGs
[2026-02-20T00:17:34.690+0000] {logging_mixin.py:188} INFO - [2026-02-20T00:17:34.689+0000] {dag.py:3823} INFO - Setting next_dagrun for hackernews_news_pipeline to None, run_after=None
[2026-02-20T00:17:34.727+0000] {processor.py:183} INFO - Processing /opt/airflow/dags/hackernews_news_ingestion.py took 0.160 seconds
[2026-02-20T00:18:35.415+0000] {processor.py:161} INFO - Started process (PID=2234) to work on /opt/airflow/dags/hackernews_news_ingestion.py
[2026-02-20T00:18:35.417+0000] {processor.py:830} INFO - Processing file /opt/airflow/dags/hackernews_news_ingestion.py for tasks to queue
[2026-02-20T00:18:35.419+0000] {logging_mixin.py:188} INFO - [2026-02-20T00:18:35.418+0000] {dagbag.py:538} INFO - Filling up the DagBag from /opt/airflow/dags/hackernews_news_ingestion.py
[2026-02-20T00:18:35.440+0000] {processor.py:840} INFO - DAG(s) 'hackernews_news_pipeline' retrieved from /opt/airflow/dags/hackernews_news_ingestion.py
[2026-02-20T00:18:35.486+0000] {logging_mixin.py:188} INFO - [2026-02-20T00:18:35.486+0000] {dag.py:3036} INFO - Sync 1 DAGs
[2026-02-20T00:18:35.511+0000] {logging_mixin.py:188} INFO - [2026-02-20T00:18:35.511+0000] {dag.py:3823} INFO - Setting next_dagrun for hackernews_news_pipeline to None, run_after=None
[2026-02-20T00:18:35.546+0000] {processor.py:183} INFO - Processing /opt/airflow/dags/hackernews_news_ingestion.py took 0.137 seconds
[2026-02-20T00:19:36.267+0000] {processor.py:161} INFO - Started process (PID=2266) to work on /opt/airflow/dags/hackernews_news_ingestion.py
[2026-02-20T00:19:36.269+0000] {processor.py:830} INFO - Processing file /opt/airflow/dags/hackernews_news_ingestion.py for tasks to queue
[2026-02-20T00:19:36.271+0000] {logging_mixin.py:188} INFO - [2026-02-20T00:19:36.270+0000] {dagbag.py:538} INFO - Filling up the DagBag from /opt/airflow/dags/hackernews_news_ingestion.py
[2026-02-20T00:19:36.291+0000] {processor.py:840} INFO - DAG(s) 'hackernews_news_pipeline' retrieved from /opt/airflow/dags/hackernews_news_ingestion.py
[2026-02-20T00:19:36.346+0000] {logging_mixin.py:188} INFO - [2026-02-20T00:19:36.345+0000] {dag.py:3036} INFO - Sync 1 DAGs
[2026-02-20T00:19:36.370+0000] {logging_mixin.py:188} INFO - [2026-02-20T00:19:36.370+0000] {dag.py:3823} INFO - Setting next_dagrun for hackernews_news_pipeline to None, run_after=None
[2026-02-20T00:19:36.411+0000] {processor.py:183} INFO - Processing /opt/airflow/dags/hackernews_news_ingestion.py took 0.149 seconds
[2026-02-20T00:38:55.910+0000] {processor.py:161} INFO - Started process (PID=2315) to work on /opt/airflow/dags/hackernews_news_ingestion.py
[2026-02-20T00:38:55.922+0000] {processor.py:830} INFO - Processing file /opt/airflow/dags/hackernews_news_ingestion.py for tasks to queue
[2026-02-20T00:38:55.943+0000] {logging_mixin.py:188} INFO - [2026-02-20T00:38:55.936+0000] {dagbag.py:538} INFO - Filling up the DagBag from /opt/airflow/dags/hackernews_news_ingestion.py
[2026-02-20T00:38:56.319+0000] {processor.py:840} INFO - DAG(s) 'hackernews_news_pipeline' retrieved from /opt/airflow/dags/hackernews_news_ingestion.py
[2026-02-20T00:38:58.276+0000] {logging_mixin.py:188} INFO - [2026-02-20T00:38:58.267+0000] {dag.py:3036} INFO - Sync 1 DAGs
[2026-02-20T00:38:58.870+0000] {logging_mixin.py:188} INFO - [2026-02-20T00:38:58.868+0000] {dag.py:3823} INFO - Setting next_dagrun for hackernews_news_pipeline to None, run_after=None
[2026-02-20T00:38:59.123+0000] {processor.py:183} INFO - Processing /opt/airflow/dags/hackernews_news_ingestion.py took 3.310 seconds
[2026-02-20T00:56:45.891+0000] {processor.py:161} INFO - Started process (PID=2352) to work on /opt/airflow/dags/hackernews_news_ingestion.py
[2026-02-20T00:56:46.022+0000] {processor.py:830} INFO - Processing file /opt/airflow/dags/hackernews_news_ingestion.py for tasks to queue
[2026-02-20T00:56:46.098+0000] {logging_mixin.py:188} INFO - [2026-02-20T00:56:46.078+0000] {dagbag.py:538} INFO - Filling up the DagBag from /opt/airflow/dags/hackernews_news_ingestion.py
[2026-02-20T00:56:46.739+0000] {processor.py:840} INFO - DAG(s) 'hackernews_news_pipeline' retrieved from /opt/airflow/dags/hackernews_news_ingestion.py
[2026-02-20T00:56:49.349+0000] {logging_mixin.py:188} INFO - [2026-02-20T00:56:49.343+0000] {dag.py:3036} INFO - Sync 1 DAGs
[2026-02-20T00:56:49.601+0000] {logging_mixin.py:188} INFO - [2026-02-20T00:56:49.597+0000] {dag.py:3823} INFO - Setting next_dagrun for hackernews_news_pipeline to None, run_after=None
[2026-02-20T01:14:04.439+0000] {processor.py:183} INFO - Processing /opt/airflow/dags/hackernews_news_ingestion.py took 1039.055 seconds
[2026-02-20T01:15:11.404+0000] {processor.py:161} INFO - Started process (PID=2394) to work on /opt/airflow/dags/hackernews_news_ingestion.py
[2026-02-20T01:15:11.409+0000] {processor.py:830} INFO - Processing file /opt/airflow/dags/hackernews_news_ingestion.py for tasks to queue
[2026-02-20T01:15:11.422+0000] {logging_mixin.py:188} INFO - [2026-02-20T01:15:11.420+0000] {dagbag.py:538} INFO - Filling up the DagBag from /opt/airflow/dags/hackernews_news_ingestion.py
[2026-02-20T01:15:11.451+0000] {processor.py:840} INFO - DAG(s) 'hackernews_news_pipeline' retrieved from /opt/airflow/dags/hackernews_news_ingestion.py
[2026-02-20T01:15:11.587+0000] {logging_mixin.py:188} INFO - [2026-02-20T01:15:11.585+0000] {dag.py:3036} INFO - Sync 1 DAGs
[2026-02-20T01:15:11.632+0000] {logging_mixin.py:188} INFO - [2026-02-20T01:15:11.631+0000] {dag.py:3823} INFO - Setting next_dagrun for hackernews_news_pipeline to None, run_after=None
[2026-02-20T01:15:11.684+0000] {processor.py:183} INFO - Processing /opt/airflow/dags/hackernews_news_ingestion.py took 0.299 seconds
[2026-02-20T01:16:12.326+0000] {processor.py:161} INFO - Started process (PID=2426) to work on /opt/airflow/dags/hackernews_news_ingestion.py
[2026-02-20T01:16:12.331+0000] {processor.py:830} INFO - Processing file /opt/airflow/dags/hackernews_news_ingestion.py for tasks to queue
[2026-02-20T01:16:12.335+0000] {logging_mixin.py:188} INFO - [2026-02-20T01:16:12.334+0000] {dagbag.py:538} INFO - Filling up the DagBag from /opt/airflow/dags/hackernews_news_ingestion.py
[2026-02-20T01:16:12.345+0000] {processor.py:840} INFO - DAG(s) 'hackernews_news_pipeline' retrieved from /opt/airflow/dags/hackernews_news_ingestion.py
[2026-02-20T01:16:12.395+0000] {logging_mixin.py:188} INFO - [2026-02-20T01:16:12.395+0000] {dag.py:3036} INFO - Sync 1 DAGs
[2026-02-20T01:16:12.418+0000] {logging_mixin.py:188} INFO - [2026-02-20T01:16:12.417+0000] {dag.py:3823} INFO - Setting next_dagrun for hackernews_news_pipeline to None, run_after=None
[2026-02-20T01:16:12.450+0000] {processor.py:183} INFO - Processing /opt/airflow/dags/hackernews_news_ingestion.py took 0.130 seconds
[2026-02-20T01:17:13.204+0000] {processor.py:161} INFO - Started process (PID=2458) to work on /opt/airflow/dags/hackernews_news_ingestion.py
[2026-02-20T01:17:13.206+0000] {processor.py:830} INFO - Processing file /opt/airflow/dags/hackernews_news_ingestion.py for tasks to queue
[2026-02-20T01:17:13.209+0000] {logging_mixin.py:188} INFO - [2026-02-20T01:17:13.209+0000] {dagbag.py:538} INFO - Filling up the DagBag from /opt/airflow/dags/hackernews_news_ingestion.py
[2026-02-20T01:17:13.220+0000] {processor.py:840} INFO - DAG(s) 'hackernews_news_pipeline' retrieved from /opt/airflow/dags/hackernews_news_ingestion.py
[2026-02-20T01:17:13.269+0000] {logging_mixin.py:188} INFO - [2026-02-20T01:17:13.269+0000] {dag.py:3036} INFO - Sync 1 DAGs
[2026-02-20T01:17:13.291+0000] {logging_mixin.py:188} INFO - [2026-02-20T01:17:13.290+0000] {dag.py:3823} INFO - Setting next_dagrun for hackernews_news_pipeline to None, run_after=None
[2026-02-20T01:17:13.325+0000] {processor.py:183} INFO - Processing /opt/airflow/dags/hackernews_news_ingestion.py took 0.128 seconds
[2026-02-20T01:30:14.744+0000] {processor.py:161} INFO - Started process (PID=2505) to work on /opt/airflow/dags/hackernews_news_ingestion.py
[2026-02-20T01:30:14.746+0000] {processor.py:830} INFO - Processing file /opt/airflow/dags/hackernews_news_ingestion.py for tasks to queue
[2026-02-20T01:30:14.751+0000] {logging_mixin.py:188} INFO - [2026-02-20T01:30:14.750+0000] {dagbag.py:538} INFO - Filling up the DagBag from /opt/airflow/dags/hackernews_news_ingestion.py
[2026-02-20T01:30:14.763+0000] {processor.py:840} INFO - DAG(s) 'hackernews_news_pipeline' retrieved from /opt/airflow/dags/hackernews_news_ingestion.py
[2026-02-20T01:30:14.819+0000] {logging_mixin.py:188} INFO - [2026-02-20T01:30:14.815+0000] {dag.py:3036} INFO - Sync 1 DAGs
[2026-02-20T01:30:14.841+0000] {logging_mixin.py:188} INFO - [2026-02-20T01:30:14.841+0000] {dag.py:3823} INFO - Setting next_dagrun for hackernews_news_pipeline to None, run_after=None
[2026-02-20T01:30:14.873+0000] {processor.py:183} INFO - Processing /opt/airflow/dags/hackernews_news_ingestion.py took 0.136 seconds
[2026-02-20T01:48:57.988+0000] {processor.py:161} INFO - Started process (PID=2556) to work on /opt/airflow/dags/hackernews_news_ingestion.py
[2026-02-20T01:48:57.996+0000] {processor.py:830} INFO - Processing file /opt/airflow/dags/hackernews_news_ingestion.py for tasks to queue
[2026-02-20T01:48:58.016+0000] {logging_mixin.py:188} INFO - [2026-02-20T01:48:58.013+0000] {dagbag.py:538} INFO - Filling up the DagBag from /opt/airflow/dags/hackernews_news_ingestion.py
[2026-02-20T01:48:58.073+0000] {processor.py:840} INFO - DAG(s) 'hackernews_news_pipeline' retrieved from /opt/airflow/dags/hackernews_news_ingestion.py
[2026-02-20T01:48:58.359+0000] {logging_mixin.py:188} INFO - [2026-02-20T01:48:58.355+0000] {dag.py:3036} INFO - Sync 1 DAGs
[2026-02-20T01:48:58.605+0000] {logging_mixin.py:188} INFO - [2026-02-20T01:48:58.599+0000] {dag.py:3823} INFO - Setting next_dagrun for hackernews_news_pipeline to None, run_after=None
[2026-02-20T01:48:58.816+0000] {processor.py:183} INFO - Processing /opt/airflow/dags/hackernews_news_ingestion.py took 0.866 seconds
[2026-02-20T01:49:59.778+0000] {processor.py:161} INFO - Started process (PID=2588) to work on /opt/airflow/dags/hackernews_news_ingestion.py
[2026-02-20T01:49:59.780+0000] {processor.py:830} INFO - Processing file /opt/airflow/dags/hackernews_news_ingestion.py for tasks to queue
[2026-02-20T01:49:59.783+0000] {logging_mixin.py:188} INFO - [2026-02-20T01:49:59.783+0000] {dagbag.py:538} INFO - Filling up the DagBag from /opt/airflow/dags/hackernews_news_ingestion.py
[2026-02-20T01:49:59.794+0000] {processor.py:840} INFO - DAG(s) 'hackernews_news_pipeline' retrieved from /opt/airflow/dags/hackernews_news_ingestion.py
[2026-02-20T01:49:59.845+0000] {logging_mixin.py:188} INFO - [2026-02-20T01:49:59.844+0000] {dag.py:3036} INFO - Sync 1 DAGs
[2026-02-20T01:49:59.870+0000] {logging_mixin.py:188} INFO - [2026-02-20T01:49:59.869+0000] {dag.py:3823} INFO - Setting next_dagrun for hackernews_news_pipeline to None, run_after=None
[2026-02-20T01:49:59.901+0000] {processor.py:183} INFO - Processing /opt/airflow/dags/hackernews_news_ingestion.py took 0.129 seconds
[2026-02-20T01:51:00.507+0000] {processor.py:161} INFO - Started process (PID=2620) to work on /opt/airflow/dags/hackernews_news_ingestion.py
[2026-02-20T01:51:00.508+0000] {processor.py:830} INFO - Processing file /opt/airflow/dags/hackernews_news_ingestion.py for tasks to queue
[2026-02-20T01:51:00.512+0000] {logging_mixin.py:188} INFO - [2026-02-20T01:51:00.512+0000] {dagbag.py:538} INFO - Filling up the DagBag from /opt/airflow/dags/hackernews_news_ingestion.py
[2026-02-20T01:51:00.523+0000] {processor.py:840} INFO - DAG(s) 'hackernews_news_pipeline' retrieved from /opt/airflow/dags/hackernews_news_ingestion.py
[2026-02-20T01:51:00.572+0000] {logging_mixin.py:188} INFO - [2026-02-20T01:51:00.572+0000] {dag.py:3036} INFO - Sync 1 DAGs
[2026-02-20T01:51:00.594+0000] {logging_mixin.py:188} INFO - [2026-02-20T01:51:00.593+0000] {dag.py:3823} INFO - Setting next_dagrun for hackernews_news_pipeline to None, run_after=None
[2026-02-20T01:51:00.628+0000] {processor.py:183} INFO - Processing /opt/airflow/dags/hackernews_news_ingestion.py took 0.127 seconds
[2026-02-20T01:52:01.246+0000] {processor.py:161} INFO - Started process (PID=2652) to work on /opt/airflow/dags/hackernews_news_ingestion.py
[2026-02-20T01:52:01.248+0000] {processor.py:830} INFO - Processing file /opt/airflow/dags/hackernews_news_ingestion.py for tasks to queue
[2026-02-20T01:52:01.255+0000] {logging_mixin.py:188} INFO - [2026-02-20T01:52:01.254+0000] {dagbag.py:538} INFO - Filling up the DagBag from /opt/airflow/dags/hackernews_news_ingestion.py
[2026-02-20T01:52:01.270+0000] {processor.py:840} INFO - DAG(s) 'hackernews_news_pipeline' retrieved from /opt/airflow/dags/hackernews_news_ingestion.py
[2026-02-20T01:52:01.330+0000] {logging_mixin.py:188} INFO - [2026-02-20T01:52:01.329+0000] {dag.py:3036} INFO - Sync 1 DAGs
[2026-02-20T01:52:01.362+0000] {logging_mixin.py:188} INFO - [2026-02-20T01:52:01.361+0000] {dag.py:3823} INFO - Setting next_dagrun for hackernews_news_pipeline to None, run_after=None
[2026-02-20T01:52:01.394+0000] {processor.py:183} INFO - Processing /opt/airflow/dags/hackernews_news_ingestion.py took 0.155 seconds
[2026-02-20T01:53:01.936+0000] {processor.py:161} INFO - Started process (PID=2684) to work on /opt/airflow/dags/hackernews_news_ingestion.py
[2026-02-20T01:53:01.937+0000] {processor.py:830} INFO - Processing file /opt/airflow/dags/hackernews_news_ingestion.py for tasks to queue
[2026-02-20T01:53:01.941+0000] {logging_mixin.py:188} INFO - [2026-02-20T01:53:01.940+0000] {dagbag.py:538} INFO - Filling up the DagBag from /opt/airflow/dags/hackernews_news_ingestion.py
[2026-02-20T01:53:01.952+0000] {processor.py:840} INFO - DAG(s) 'hackernews_news_pipeline' retrieved from /opt/airflow/dags/hackernews_news_ingestion.py
[2026-02-20T01:53:02.004+0000] {logging_mixin.py:188} INFO - [2026-02-20T01:53:02.004+0000] {dag.py:3036} INFO - Sync 1 DAGs
[2026-02-20T01:53:02.027+0000] {logging_mixin.py:188} INFO - [2026-02-20T01:53:02.026+0000] {dag.py:3823} INFO - Setting next_dagrun for hackernews_news_pipeline to None, run_after=None
[2026-02-20T01:53:02.064+0000] {processor.py:183} INFO - Processing /opt/airflow/dags/hackernews_news_ingestion.py took 0.134 seconds
[2026-02-20T01:54:02.694+0000] {processor.py:161} INFO - Started process (PID=2719) to work on /opt/airflow/dags/hackernews_news_ingestion.py
[2026-02-20T01:54:02.696+0000] {processor.py:830} INFO - Processing file /opt/airflow/dags/hackernews_news_ingestion.py for tasks to queue
[2026-02-20T01:54:02.699+0000] {logging_mixin.py:188} INFO - [2026-02-20T01:54:02.699+0000] {dagbag.py:538} INFO - Filling up the DagBag from /opt/airflow/dags/hackernews_news_ingestion.py
[2026-02-20T01:54:02.710+0000] {processor.py:840} INFO - DAG(s) 'hackernews_news_pipeline' retrieved from /opt/airflow/dags/hackernews_news_ingestion.py
[2026-02-20T01:54:02.758+0000] {logging_mixin.py:188} INFO - [2026-02-20T01:54:02.757+0000] {dag.py:3036} INFO - Sync 1 DAGs
[2026-02-20T01:54:02.779+0000] {logging_mixin.py:188} INFO - [2026-02-20T01:54:02.779+0000] {dag.py:3823} INFO - Setting next_dagrun for hackernews_news_pipeline to None, run_after=None
[2026-02-20T01:54:02.811+0000] {processor.py:183} INFO - Processing /opt/airflow/dags/hackernews_news_ingestion.py took 0.122 seconds
[2026-02-20T01:55:03.440+0000] {processor.py:161} INFO - Started process (PID=2751) to work on /opt/airflow/dags/hackernews_news_ingestion.py
[2026-02-20T01:55:03.442+0000] {processor.py:830} INFO - Processing file /opt/airflow/dags/hackernews_news_ingestion.py for tasks to queue
[2026-02-20T01:55:03.446+0000] {logging_mixin.py:188} INFO - [2026-02-20T01:55:03.446+0000] {dagbag.py:538} INFO - Filling up the DagBag from /opt/airflow/dags/hackernews_news_ingestion.py
[2026-02-20T01:55:03.461+0000] {processor.py:840} INFO - DAG(s) 'hackernews_news_pipeline' retrieved from /opt/airflow/dags/hackernews_news_ingestion.py
[2026-02-20T01:55:03.509+0000] {logging_mixin.py:188} INFO - [2026-02-20T01:55:03.509+0000] {dag.py:3036} INFO - Sync 1 DAGs
[2026-02-20T01:55:03.530+0000] {logging_mixin.py:188} INFO - [2026-02-20T01:55:03.530+0000] {dag.py:3823} INFO - Setting next_dagrun for hackernews_news_pipeline to None, run_after=None
[2026-02-20T01:55:03.562+0000] {processor.py:183} INFO - Processing /opt/airflow/dags/hackernews_news_ingestion.py took 0.130 seconds
[2026-02-20T01:56:04.083+0000] {processor.py:161} INFO - Started process (PID=2783) to work on /opt/airflow/dags/hackernews_news_ingestion.py
[2026-02-20T01:56:04.084+0000] {processor.py:830} INFO - Processing file /opt/airflow/dags/hackernews_news_ingestion.py for tasks to queue
[2026-02-20T01:56:04.088+0000] {logging_mixin.py:188} INFO - [2026-02-20T01:56:04.087+0000] {dagbag.py:538} INFO - Filling up the DagBag from /opt/airflow/dags/hackernews_news_ingestion.py
[2026-02-20T01:56:04.099+0000] {processor.py:840} INFO - DAG(s) 'hackernews_news_pipeline' retrieved from /opt/airflow/dags/hackernews_news_ingestion.py
[2026-02-20T01:56:04.159+0000] {logging_mixin.py:188} INFO - [2026-02-20T01:56:04.158+0000] {dag.py:3036} INFO - Sync 1 DAGs
[2026-02-20T01:56:04.182+0000] {logging_mixin.py:188} INFO - [2026-02-20T01:56:04.182+0000] {dag.py:3823} INFO - Setting next_dagrun for hackernews_news_pipeline to None, run_after=None
[2026-02-20T01:56:04.217+0000] {processor.py:183} INFO - Processing /opt/airflow/dags/hackernews_news_ingestion.py took 0.141 seconds
[2026-02-20T02:14:16.316+0000] {processor.py:161} INFO - Started process (PID=2831) to work on /opt/airflow/dags/hackernews_news_ingestion.py
[2026-02-20T02:14:16.318+0000] {processor.py:830} INFO - Processing file /opt/airflow/dags/hackernews_news_ingestion.py for tasks to queue
[2026-02-20T02:14:16.323+0000] {logging_mixin.py:188} INFO - [2026-02-20T02:14:16.323+0000] {dagbag.py:538} INFO - Filling up the DagBag from /opt/airflow/dags/hackernews_news_ingestion.py
[2026-02-20T02:14:16.338+0000] {processor.py:840} INFO - DAG(s) 'hackernews_news_pipeline' retrieved from /opt/airflow/dags/hackernews_news_ingestion.py
[2026-02-20T02:14:16.416+0000] {logging_mixin.py:188} INFO - [2026-02-20T02:14:16.415+0000] {dag.py:3036} INFO - Sync 1 DAGs
[2026-02-20T02:14:16.451+0000] {logging_mixin.py:188} INFO - [2026-02-20T02:14:16.451+0000] {dag.py:3823} INFO - Setting next_dagrun for hackernews_news_pipeline to None, run_after=None
[2026-02-20T02:14:16.495+0000] {processor.py:183} INFO - Processing /opt/airflow/dags/hackernews_news_ingestion.py took 0.212 seconds
[2026-02-20T02:15:17.949+0000] {processor.py:161} INFO - Started process (PID=2872) to work on /opt/airflow/dags/hackernews_news_ingestion.py
[2026-02-20T02:15:17.957+0000] {processor.py:830} INFO - Processing file /opt/airflow/dags/hackernews_news_ingestion.py for tasks to queue
[2026-02-20T02:15:17.974+0000] {logging_mixin.py:188} INFO - [2026-02-20T02:15:17.972+0000] {dagbag.py:538} INFO - Filling up the DagBag from /opt/airflow/dags/hackernews_news_ingestion.py
[2026-02-20T02:15:18.012+0000] {processor.py:840} INFO - DAG(s) 'hackernews_news_pipeline' retrieved from /opt/airflow/dags/hackernews_news_ingestion.py
[2026-02-20T02:15:18.210+0000] {logging_mixin.py:188} INFO - [2026-02-20T02:15:18.208+0000] {dag.py:3036} INFO - Sync 1 DAGs
[2026-02-20T02:15:18.304+0000] {logging_mixin.py:188} INFO - [2026-02-20T02:15:18.303+0000] {dag.py:3823} INFO - Setting next_dagrun for hackernews_news_pipeline to None, run_after=None
[2026-02-20T02:15:18.424+0000] {processor.py:183} INFO - Processing /opt/airflow/dags/hackernews_news_ingestion.py took 0.501 seconds
[2026-02-20T02:31:15.158+0000] {processor.py:161} INFO - Started process (PID=2913) to work on /opt/airflow/dags/hackernews_news_ingestion.py
[2026-02-20T02:31:15.164+0000] {processor.py:830} INFO - Processing file /opt/airflow/dags/hackernews_news_ingestion.py for tasks to queue
[2026-02-20T02:31:15.189+0000] {logging_mixin.py:188} INFO - [2026-02-20T02:31:15.186+0000] {dagbag.py:538} INFO - Filling up the DagBag from /opt/airflow/dags/hackernews_news_ingestion.py
[2026-02-20T02:31:15.232+0000] {processor.py:840} INFO - DAG(s) 'hackernews_news_pipeline' retrieved from /opt/airflow/dags/hackernews_news_ingestion.py
[2026-02-20T02:31:15.420+0000] {logging_mixin.py:188} INFO - [2026-02-20T02:31:15.419+0000] {dag.py:3036} INFO - Sync 1 DAGs
[2026-02-20T02:31:15.453+0000] {logging_mixin.py:188} INFO - [2026-02-20T02:31:15.453+0000] {dag.py:3823} INFO - Setting next_dagrun for hackernews_news_pipeline to None, run_after=None
[2026-02-20T02:31:15.499+0000] {processor.py:183} INFO - Processing /opt/airflow/dags/hackernews_news_ingestion.py took 0.370 seconds
[2026-02-20T02:32:28.835+0000] {processor.py:161} INFO - Started process (PID=2946) to work on /opt/airflow/dags/hackernews_news_ingestion.py
[2026-02-20T02:32:28.838+0000] {processor.py:830} INFO - Processing file /opt/airflow/dags/hackernews_news_ingestion.py for tasks to queue
[2026-02-20T02:32:28.841+0000] {logging_mixin.py:188} INFO - [2026-02-20T02:32:28.841+0000] {dagbag.py:538} INFO - Filling up the DagBag from /opt/airflow/dags/hackernews_news_ingestion.py
[2026-02-20T02:32:28.852+0000] {processor.py:840} INFO - DAG(s) 'hackernews_news_pipeline' retrieved from /opt/airflow/dags/hackernews_news_ingestion.py
[2026-02-20T02:32:28.925+0000] {logging_mixin.py:188} INFO - [2026-02-20T02:32:28.924+0000] {dag.py:3036} INFO - Sync 1 DAGs
[2026-02-20T02:32:28.952+0000] {logging_mixin.py:188} INFO - [2026-02-20T02:32:28.952+0000] {dag.py:3823} INFO - Setting next_dagrun for hackernews_news_pipeline to None, run_after=None
[2026-02-20T02:32:28.998+0000] {processor.py:183} INFO - Processing /opt/airflow/dags/hackernews_news_ingestion.py took 0.170 seconds
[2026-02-20T02:33:29.315+0000] {processor.py:161} INFO - Started process (PID=2978) to work on /opt/airflow/dags/hackernews_news_ingestion.py
[2026-02-20T02:33:29.318+0000] {processor.py:830} INFO - Processing file /opt/airflow/dags/hackernews_news_ingestion.py for tasks to queue
[2026-02-20T02:33:29.322+0000] {logging_mixin.py:188} INFO - [2026-02-20T02:33:29.321+0000] {dagbag.py:538} INFO - Filling up the DagBag from /opt/airflow/dags/hackernews_news_ingestion.py
[2026-02-20T02:33:29.337+0000] {processor.py:840} INFO - DAG(s) 'hackernews_news_pipeline' retrieved from /opt/airflow/dags/hackernews_news_ingestion.py
[2026-02-20T02:33:29.410+0000] {logging_mixin.py:188} INFO - [2026-02-20T02:33:29.409+0000] {dag.py:3036} INFO - Sync 1 DAGs
[2026-02-20T02:33:29.455+0000] {logging_mixin.py:188} INFO - [2026-02-20T02:33:29.455+0000] {dag.py:3823} INFO - Setting next_dagrun for hackernews_news_pipeline to None, run_after=None
[2026-02-20T02:33:29.500+0000] {processor.py:183} INFO - Processing /opt/airflow/dags/hackernews_news_ingestion.py took 0.192 seconds
[2026-02-20T02:34:30.848+0000] {processor.py:161} INFO - Started process (PID=3009) to work on /opt/airflow/dags/hackernews_news_ingestion.py
[2026-02-20T02:34:30.850+0000] {processor.py:830} INFO - Processing file /opt/airflow/dags/hackernews_news_ingestion.py for tasks to queue
[2026-02-20T02:34:30.855+0000] {logging_mixin.py:188} INFO - [2026-02-20T02:34:30.854+0000] {dagbag.py:538} INFO - Filling up the DagBag from /opt/airflow/dags/hackernews_news_ingestion.py
[2026-02-20T02:34:30.869+0000] {processor.py:840} INFO - DAG(s) 'hackernews_news_pipeline' retrieved from /opt/airflow/dags/hackernews_news_ingestion.py
[2026-02-20T02:34:30.932+0000] {logging_mixin.py:188} INFO - [2026-02-20T02:34:30.931+0000] {dag.py:3036} INFO - Sync 1 DAGs
[2026-02-20T02:34:30.955+0000] {logging_mixin.py:188} INFO - [2026-02-20T02:34:30.955+0000] {dag.py:3823} INFO - Setting next_dagrun for hackernews_news_pipeline to None, run_after=None
[2026-02-20T02:34:30.986+0000] {processor.py:183} INFO - Processing /opt/airflow/dags/hackernews_news_ingestion.py took 0.144 seconds
[2026-02-20T02:35:32.200+0000] {processor.py:161} INFO - Started process (PID=3040) to work on /opt/airflow/dags/hackernews_news_ingestion.py
[2026-02-20T02:35:32.201+0000] {processor.py:830} INFO - Processing file /opt/airflow/dags/hackernews_news_ingestion.py for tasks to queue
[2026-02-20T02:35:32.205+0000] {logging_mixin.py:188} INFO - [2026-02-20T02:35:32.205+0000] {dagbag.py:538} INFO - Filling up the DagBag from /opt/airflow/dags/hackernews_news_ingestion.py
[2026-02-20T02:35:32.220+0000] {processor.py:840} INFO - DAG(s) 'hackernews_news_pipeline' retrieved from /opt/airflow/dags/hackernews_news_ingestion.py
[2026-02-20T02:35:32.282+0000] {logging_mixin.py:188} INFO - [2026-02-20T02:35:32.281+0000] {dag.py:3036} INFO - Sync 1 DAGs
[2026-02-20T02:35:32.308+0000] {logging_mixin.py:188} INFO - [2026-02-20T02:35:32.307+0000] {dag.py:3823} INFO - Setting next_dagrun for hackernews_news_pipeline to None, run_after=None
[2026-02-20T02:35:32.342+0000] {processor.py:183} INFO - Processing /opt/airflow/dags/hackernews_news_ingestion.py took 0.148 seconds
[2026-02-20T02:36:33.545+0000] {processor.py:161} INFO - Started process (PID=3079) to work on /opt/airflow/dags/hackernews_news_ingestion.py
[2026-02-20T02:36:33.547+0000] {processor.py:830} INFO - Processing file /opt/airflow/dags/hackernews_news_ingestion.py for tasks to queue
[2026-02-20T02:36:33.551+0000] {logging_mixin.py:188} INFO - [2026-02-20T02:36:33.550+0000] {dagbag.py:538} INFO - Filling up the DagBag from /opt/airflow/dags/hackernews_news_ingestion.py
[2026-02-20T02:36:33.566+0000] {processor.py:840} INFO - DAG(s) 'hackernews_news_pipeline' retrieved from /opt/airflow/dags/hackernews_news_ingestion.py
[2026-02-20T02:36:33.734+0000] {logging_mixin.py:188} INFO - [2026-02-20T02:36:33.733+0000] {dag.py:3036} INFO - Sync 1 DAGs
[2026-02-20T02:36:33.821+0000] {logging_mixin.py:188} INFO - [2026-02-20T02:36:33.820+0000] {dag.py:3823} INFO - Setting next_dagrun for hackernews_news_pipeline to None, run_after=None
[2026-02-20T02:36:33.909+0000] {processor.py:183} INFO - Processing /opt/airflow/dags/hackernews_news_ingestion.py took 0.371 seconds
[2026-02-20T02:37:34.817+0000] {processor.py:161} INFO - Started process (PID=3115) to work on /opt/airflow/dags/hackernews_news_ingestion.py
[2026-02-20T02:37:34.820+0000] {processor.py:830} INFO - Processing file /opt/airflow/dags/hackernews_news_ingestion.py for tasks to queue
[2026-02-20T02:37:34.824+0000] {logging_mixin.py:188} INFO - [2026-02-20T02:37:34.823+0000] {dagbag.py:538} INFO - Filling up the DagBag from /opt/airflow/dags/hackernews_news_ingestion.py
[2026-02-20T02:37:34.834+0000] {processor.py:840} INFO - DAG(s) 'hackernews_news_pipeline' retrieved from /opt/airflow/dags/hackernews_news_ingestion.py
[2026-02-20T02:37:34.889+0000] {logging_mixin.py:188} INFO - [2026-02-20T02:37:34.888+0000] {dag.py:3036} INFO - Sync 1 DAGs
[2026-02-20T02:37:34.912+0000] {logging_mixin.py:188} INFO - [2026-02-20T02:37:34.911+0000] {dag.py:3823} INFO - Setting next_dagrun for hackernews_news_pipeline to None, run_after=None
[2026-02-20T02:37:34.942+0000] {processor.py:183} INFO - Processing /opt/airflow/dags/hackernews_news_ingestion.py took 0.131 seconds
[2026-02-20T02:38:35.148+0000] {processor.py:161} INFO - Started process (PID=3147) to work on /opt/airflow/dags/hackernews_news_ingestion.py
[2026-02-20T02:38:35.150+0000] {processor.py:830} INFO - Processing file /opt/airflow/dags/hackernews_news_ingestion.py for tasks to queue
[2026-02-20T02:38:35.155+0000] {logging_mixin.py:188} INFO - [2026-02-20T02:38:35.154+0000] {dagbag.py:538} INFO - Filling up the DagBag from /opt/airflow/dags/hackernews_news_ingestion.py
[2026-02-20T02:38:35.165+0000] {processor.py:840} INFO - DAG(s) 'hackernews_news_pipeline' retrieved from /opt/airflow/dags/hackernews_news_ingestion.py
[2026-02-20T02:38:35.215+0000] {logging_mixin.py:188} INFO - [2026-02-20T02:38:35.214+0000] {dag.py:3036} INFO - Sync 1 DAGs
[2026-02-20T02:38:35.236+0000] {logging_mixin.py:188} INFO - [2026-02-20T02:38:35.235+0000] {dag.py:3823} INFO - Setting next_dagrun for hackernews_news_pipeline to None, run_after=None
[2026-02-20T02:38:35.272+0000] {processor.py:183} INFO - Processing /opt/airflow/dags/hackernews_news_ingestion.py took 0.130 seconds
[2026-02-20T02:39:35.409+0000] {processor.py:161} INFO - Started process (PID=3179) to work on /opt/airflow/dags/hackernews_news_ingestion.py
[2026-02-20T02:39:35.413+0000] {processor.py:830} INFO - Processing file /opt/airflow/dags/hackernews_news_ingestion.py for tasks to queue
[2026-02-20T02:39:35.418+0000] {logging_mixin.py:188} INFO - [2026-02-20T02:39:35.417+0000] {dagbag.py:538} INFO - Filling up the DagBag from /opt/airflow/dags/hackernews_news_ingestion.py
[2026-02-20T02:39:35.430+0000] {processor.py:840} INFO - DAG(s) 'hackernews_news_pipeline' retrieved from /opt/airflow/dags/hackernews_news_ingestion.py
[2026-02-20T02:39:35.491+0000] {logging_mixin.py:188} INFO - [2026-02-20T02:39:35.491+0000] {dag.py:3036} INFO - Sync 1 DAGs
[2026-02-20T02:39:35.532+0000] {logging_mixin.py:188} INFO - [2026-02-20T02:39:35.532+0000] {dag.py:3823} INFO - Setting next_dagrun for hackernews_news_pipeline to None, run_after=None
[2026-02-20T02:39:35.570+0000] {processor.py:183} INFO - Processing /opt/airflow/dags/hackernews_news_ingestion.py took 0.168 seconds
[2026-02-20T02:40:36.579+0000] {processor.py:161} INFO - Started process (PID=3211) to work on /opt/airflow/dags/hackernews_news_ingestion.py
[2026-02-20T02:40:36.582+0000] {processor.py:830} INFO - Processing file /opt/airflow/dags/hackernews_news_ingestion.py for tasks to queue
[2026-02-20T02:40:36.586+0000] {logging_mixin.py:188} INFO - [2026-02-20T02:40:36.585+0000] {dagbag.py:538} INFO - Filling up the DagBag from /opt/airflow/dags/hackernews_news_ingestion.py
[2026-02-20T02:40:36.598+0000] {processor.py:840} INFO - DAG(s) 'hackernews_news_pipeline' retrieved from /opt/airflow/dags/hackernews_news_ingestion.py
[2026-02-20T02:40:36.660+0000] {logging_mixin.py:188} INFO - [2026-02-20T02:40:36.658+0000] {dag.py:3036} INFO - Sync 1 DAGs
[2026-02-20T02:40:36.703+0000] {logging_mixin.py:188} INFO - [2026-02-20T02:40:36.702+0000] {dag.py:3823} INFO - Setting next_dagrun for hackernews_news_pipeline to None, run_after=None
[2026-02-20T02:40:36.768+0000] {processor.py:183} INFO - Processing /opt/airflow/dags/hackernews_news_ingestion.py took 0.195 seconds
[2026-02-20T02:41:36.996+0000] {processor.py:161} INFO - Started process (PID=3243) to work on /opt/airflow/dags/hackernews_news_ingestion.py
[2026-02-20T02:41:36.997+0000] {processor.py:830} INFO - Processing file /opt/airflow/dags/hackernews_news_ingestion.py for tasks to queue
[2026-02-20T02:41:37.001+0000] {logging_mixin.py:188} INFO - [2026-02-20T02:41:37.000+0000] {dagbag.py:538} INFO - Filling up the DagBag from /opt/airflow/dags/hackernews_news_ingestion.py
[2026-02-20T02:41:37.011+0000] {processor.py:840} INFO - DAG(s) 'hackernews_news_pipeline' retrieved from /opt/airflow/dags/hackernews_news_ingestion.py
[2026-02-20T02:41:37.059+0000] {logging_mixin.py:188} INFO - [2026-02-20T02:41:37.059+0000] {dag.py:3036} INFO - Sync 1 DAGs
[2026-02-20T02:41:37.081+0000] {logging_mixin.py:188} INFO - [2026-02-20T02:41:37.080+0000] {dag.py:3823} INFO - Setting next_dagrun for hackernews_news_pipeline to None, run_after=None
[2026-02-20T02:41:37.116+0000] {processor.py:183} INFO - Processing /opt/airflow/dags/hackernews_news_ingestion.py took 0.127 seconds
[2026-02-20T02:42:38.133+0000] {processor.py:161} INFO - Started process (PID=3278) to work on /opt/airflow/dags/hackernews_news_ingestion.py
[2026-02-20T02:42:38.135+0000] {processor.py:830} INFO - Processing file /opt/airflow/dags/hackernews_news_ingestion.py for tasks to queue
[2026-02-20T02:42:38.139+0000] {logging_mixin.py:188} INFO - [2026-02-20T02:42:38.138+0000] {dagbag.py:538} INFO - Filling up the DagBag from /opt/airflow/dags/hackernews_news_ingestion.py
[2026-02-20T02:42:38.150+0000] {processor.py:840} INFO - DAG(s) 'hackernews_news_pipeline' retrieved from /opt/airflow/dags/hackernews_news_ingestion.py
[2026-02-20T02:42:38.202+0000] {logging_mixin.py:188} INFO - [2026-02-20T02:42:38.201+0000] {dag.py:3036} INFO - Sync 1 DAGs
[2026-02-20T02:42:38.224+0000] {logging_mixin.py:188} INFO - [2026-02-20T02:42:38.223+0000] {dag.py:3823} INFO - Setting next_dagrun for hackernews_news_pipeline to None, run_after=None
[2026-02-20T02:42:38.258+0000] {processor.py:183} INFO - Processing /opt/airflow/dags/hackernews_news_ingestion.py took 0.132 seconds
[2026-02-20T02:43:39.196+0000] {processor.py:161} INFO - Started process (PID=3310) to work on /opt/airflow/dags/hackernews_news_ingestion.py
[2026-02-20T02:43:39.199+0000] {processor.py:830} INFO - Processing file /opt/airflow/dags/hackernews_news_ingestion.py for tasks to queue
[2026-02-20T02:43:39.203+0000] {logging_mixin.py:188} INFO - [2026-02-20T02:43:39.202+0000] {dagbag.py:538} INFO - Filling up the DagBag from /opt/airflow/dags/hackernews_news_ingestion.py
[2026-02-20T02:43:39.215+0000] {processor.py:840} INFO - DAG(s) 'hackernews_news_pipeline' retrieved from /opt/airflow/dags/hackernews_news_ingestion.py
[2026-02-20T02:43:39.342+0000] {logging_mixin.py:188} INFO - [2026-02-20T02:43:39.340+0000] {dag.py:3036} INFO - Sync 1 DAGs
[2026-02-20T02:43:39.380+0000] {logging_mixin.py:188} INFO - [2026-02-20T02:43:39.380+0000] {dag.py:3823} INFO - Setting next_dagrun for hackernews_news_pipeline to None, run_after=None
[2026-02-20T02:43:39.422+0000] {processor.py:183} INFO - Processing /opt/airflow/dags/hackernews_news_ingestion.py took 0.233 seconds
[2026-02-20T02:44:40.386+0000] {processor.py:161} INFO - Started process (PID=3342) to work on /opt/airflow/dags/hackernews_news_ingestion.py
[2026-02-20T02:44:40.388+0000] {processor.py:830} INFO - Processing file /opt/airflow/dags/hackernews_news_ingestion.py for tasks to queue
[2026-02-20T02:44:40.392+0000] {logging_mixin.py:188} INFO - [2026-02-20T02:44:40.391+0000] {dagbag.py:538} INFO - Filling up the DagBag from /opt/airflow/dags/hackernews_news_ingestion.py
[2026-02-20T02:44:40.403+0000] {processor.py:840} INFO - DAG(s) 'hackernews_news_pipeline' retrieved from /opt/airflow/dags/hackernews_news_ingestion.py
[2026-02-20T02:44:40.456+0000] {logging_mixin.py:188} INFO - [2026-02-20T02:44:40.456+0000] {dag.py:3036} INFO - Sync 1 DAGs
[2026-02-20T02:44:40.478+0000] {logging_mixin.py:188} INFO - [2026-02-20T02:44:40.477+0000] {dag.py:3823} INFO - Setting next_dagrun for hackernews_news_pipeline to None, run_after=None
[2026-02-20T02:44:40.515+0000] {processor.py:183} INFO - Processing /opt/airflow/dags/hackernews_news_ingestion.py took 0.135 seconds
[2026-02-20T02:45:40.562+0000] {processor.py:161} INFO - Started process (PID=3373) to work on /opt/airflow/dags/hackernews_news_ingestion.py
[2026-02-20T02:45:40.564+0000] {processor.py:830} INFO - Processing file /opt/airflow/dags/hackernews_news_ingestion.py for tasks to queue
[2026-02-20T02:45:40.567+0000] {logging_mixin.py:188} INFO - [2026-02-20T02:45:40.567+0000] {dagbag.py:538} INFO - Filling up the DagBag from /opt/airflow/dags/hackernews_news_ingestion.py
[2026-02-20T02:45:40.578+0000] {processor.py:840} INFO - DAG(s) 'hackernews_news_pipeline' retrieved from /opt/airflow/dags/hackernews_news_ingestion.py
[2026-02-20T02:45:40.629+0000] {logging_mixin.py:188} INFO - [2026-02-20T02:45:40.628+0000] {dag.py:3036} INFO - Sync 1 DAGs
[2026-02-20T02:45:40.650+0000] {logging_mixin.py:188} INFO - [2026-02-20T02:45:40.650+0000] {dag.py:3823} INFO - Setting next_dagrun for hackernews_news_pipeline to None, run_after=None
[2026-02-20T02:45:40.685+0000] {processor.py:183} INFO - Processing /opt/airflow/dags/hackernews_news_ingestion.py took 0.129 seconds
[2026-02-20T02:46:41.894+0000] {processor.py:161} INFO - Started process (PID=3405) to work on /opt/airflow/dags/hackernews_news_ingestion.py
[2026-02-20T02:46:41.896+0000] {processor.py:830} INFO - Processing file /opt/airflow/dags/hackernews_news_ingestion.py for tasks to queue
[2026-02-20T02:46:41.900+0000] {logging_mixin.py:188} INFO - [2026-02-20T02:46:41.899+0000] {dagbag.py:538} INFO - Filling up the DagBag from /opt/airflow/dags/hackernews_news_ingestion.py
[2026-02-20T02:46:41.911+0000] {processor.py:840} INFO - DAG(s) 'hackernews_news_pipeline' retrieved from /opt/airflow/dags/hackernews_news_ingestion.py
[2026-02-20T02:46:41.959+0000] {logging_mixin.py:188} INFO - [2026-02-20T02:46:41.959+0000] {dag.py:3036} INFO - Sync 1 DAGs
[2026-02-20T02:46:41.981+0000] {logging_mixin.py:188} INFO - [2026-02-20T02:46:41.980+0000] {dag.py:3823} INFO - Setting next_dagrun for hackernews_news_pipeline to None, run_after=None
[2026-02-20T02:46:42.014+0000] {processor.py:183} INFO - Processing /opt/airflow/dags/hackernews_news_ingestion.py took 0.127 seconds
[2026-02-20T02:47:42.123+0000] {processor.py:161} INFO - Started process (PID=3450) to work on /opt/airflow/dags/hackernews_news_ingestion.py
[2026-02-20T02:47:42.127+0000] {processor.py:830} INFO - Processing file /opt/airflow/dags/hackernews_news_ingestion.py for tasks to queue
[2026-02-20T02:47:42.132+0000] {logging_mixin.py:188} INFO - [2026-02-20T02:47:42.131+0000] {dagbag.py:538} INFO - Filling up the DagBag from /opt/airflow/dags/hackernews_news_ingestion.py
[2026-02-20T02:47:42.144+0000] {processor.py:840} INFO - DAG(s) 'hackernews_news_pipeline' retrieved from /opt/airflow/dags/hackernews_news_ingestion.py
[2026-02-20T02:47:42.204+0000] {logging_mixin.py:188} INFO - [2026-02-20T02:47:42.203+0000] {dag.py:3036} INFO - Sync 1 DAGs
[2026-02-20T02:47:42.225+0000] {logging_mixin.py:188} INFO - [2026-02-20T02:47:42.225+0000] {dag.py:3823} INFO - Setting next_dagrun for hackernews_news_pipeline to None, run_after=None
[2026-02-20T02:47:42.259+0000] {processor.py:183} INFO - Processing /opt/airflow/dags/hackernews_news_ingestion.py took 0.146 seconds
