[2026-02-20T00:09:22.120+0000] {processor.py:161} INFO - Started process (PID=1910) to work on /opt/airflow/dags/load_to_snowflake.py
[2026-02-20T00:09:22.133+0000] {processor.py:830} INFO - Processing file /opt/airflow/dags/load_to_snowflake.py for tasks to queue
[2026-02-20T00:09:22.143+0000] {logging_mixin.py:188} INFO - [2026-02-20T00:09:22.140+0000] {dagbag.py:538} INFO - Filling up the DagBag from /opt/airflow/dags/load_to_snowflake.py
[2026-02-20T00:09:22.437+0000] {processor.py:840} INFO - DAG(s) 'social_media_to_snowflake' retrieved from /opt/airflow/dags/load_to_snowflake.py
[2026-02-20T00:09:25.804+0000] {logging_mixin.py:188} INFO - [2026-02-20T00:09:25.802+0000] {dag.py:3036} INFO - Sync 1 DAGs
[2026-02-20T00:09:26.581+0000] {processor.py:183} INFO - Processing /opt/airflow/dags/load_to_snowflake.py took 4.502 seconds
[2026-02-20T00:10:27.650+0000] {processor.py:161} INFO - Started process (PID=1947) to work on /opt/airflow/dags/load_to_snowflake.py
[2026-02-20T00:10:27.662+0000] {processor.py:830} INFO - Processing file /opt/airflow/dags/load_to_snowflake.py for tasks to queue
[2026-02-20T00:10:27.677+0000] {logging_mixin.py:188} INFO - [2026-02-20T00:10:27.674+0000] {dagbag.py:538} INFO - Filling up the DagBag from /opt/airflow/dags/load_to_snowflake.py
[2026-02-20T00:10:27.966+0000] {processor.py:840} INFO - DAG(s) 'social_media_to_snowflake' retrieved from /opt/airflow/dags/load_to_snowflake.py
[2026-02-20T00:10:28.903+0000] {logging_mixin.py:188} INFO - [2026-02-20T00:10:28.899+0000] {dag.py:3036} INFO - Sync 1 DAGs
[2026-02-20T00:10:29.799+0000] {processor.py:183} INFO - Processing /opt/airflow/dags/load_to_snowflake.py took 2.195 seconds
[2026-02-20T00:11:30.325+0000] {processor.py:161} INFO - Started process (PID=1983) to work on /opt/airflow/dags/load_to_snowflake.py
[2026-02-20T00:11:30.365+0000] {processor.py:830} INFO - Processing file /opt/airflow/dags/load_to_snowflake.py for tasks to queue
[2026-02-20T00:11:30.399+0000] {logging_mixin.py:188} INFO - [2026-02-20T00:11:30.393+0000] {dagbag.py:538} INFO - Filling up the DagBag from /opt/airflow/dags/load_to_snowflake.py
[2026-02-20T00:11:31.047+0000] {processor.py:840} INFO - DAG(s) 'social_media_to_snowflake' retrieved from /opt/airflow/dags/load_to_snowflake.py
[2026-02-20T00:11:32.146+0000] {logging_mixin.py:188} INFO - [2026-02-20T00:11:32.145+0000] {dag.py:3036} INFO - Sync 1 DAGs
[2026-02-20T00:11:33.230+0000] {processor.py:183} INFO - Processing /opt/airflow/dags/load_to_snowflake.py took 3.014 seconds
[2026-02-20T00:12:33.726+0000] {processor.py:161} INFO - Started process (PID=2019) to work on /opt/airflow/dags/load_to_snowflake.py
[2026-02-20T00:12:33.741+0000] {processor.py:830} INFO - Processing file /opt/airflow/dags/load_to_snowflake.py for tasks to queue
[2026-02-20T00:12:33.757+0000] {logging_mixin.py:188} INFO - [2026-02-20T00:12:33.751+0000] {dagbag.py:538} INFO - Filling up the DagBag from /opt/airflow/dags/load_to_snowflake.py
[2026-02-20T00:12:33.994+0000] {processor.py:840} INFO - DAG(s) 'social_media_to_snowflake' retrieved from /opt/airflow/dags/load_to_snowflake.py
[2026-02-20T00:12:34.403+0000] {logging_mixin.py:188} INFO - [2026-02-20T00:12:34.399+0000] {dag.py:3036} INFO - Sync 1 DAGs
[2026-02-20T00:12:34.810+0000] {processor.py:183} INFO - Processing /opt/airflow/dags/load_to_snowflake.py took 1.147 seconds
[2026-02-20T00:13:35.452+0000] {processor.py:161} INFO - Started process (PID=2061) to work on /opt/airflow/dags/load_to_snowflake.py
[2026-02-20T00:13:35.457+0000] {processor.py:830} INFO - Processing file /opt/airflow/dags/load_to_snowflake.py for tasks to queue
[2026-02-20T00:13:35.461+0000] {logging_mixin.py:188} INFO - [2026-02-20T00:13:35.460+0000] {dagbag.py:538} INFO - Filling up the DagBag from /opt/airflow/dags/load_to_snowflake.py
[2026-02-20T00:13:35.537+0000] {processor.py:840} INFO - DAG(s) 'social_media_to_snowflake' retrieved from /opt/airflow/dags/load_to_snowflake.py
[2026-02-20T00:13:35.675+0000] {logging_mixin.py:188} INFO - [2026-02-20T00:13:35.673+0000] {dag.py:3036} INFO - Sync 1 DAGs
[2026-02-20T00:13:35.879+0000] {logging_mixin.py:188} INFO - [2026-02-20T00:13:35.875+0000] {dag.py:3823} INFO - Setting next_dagrun for social_media_to_snowflake to 2026-02-20 00:00:00+00:00, run_after=2026-02-20 00:15:00+00:00
[2026-02-20T00:13:35.983+0000] {processor.py:183} INFO - Processing /opt/airflow/dags/load_to_snowflake.py took 0.546 seconds
[2026-02-20T00:14:36.324+0000] {processor.py:161} INFO - Started process (PID=2093) to work on /opt/airflow/dags/load_to_snowflake.py
[2026-02-20T00:14:36.327+0000] {processor.py:830} INFO - Processing file /opt/airflow/dags/load_to_snowflake.py for tasks to queue
[2026-02-20T00:14:36.329+0000] {logging_mixin.py:188} INFO - [2026-02-20T00:14:36.328+0000] {dagbag.py:538} INFO - Filling up the DagBag from /opt/airflow/dags/load_to_snowflake.py
[2026-02-20T00:14:36.363+0000] {processor.py:840} INFO - DAG(s) 'social_media_to_snowflake' retrieved from /opt/airflow/dags/load_to_snowflake.py
[2026-02-20T00:14:36.433+0000] {logging_mixin.py:188} INFO - [2026-02-20T00:14:36.433+0000] {dag.py:3036} INFO - Sync 1 DAGs
[2026-02-20T00:14:36.495+0000] {logging_mixin.py:188} INFO - [2026-02-20T00:14:36.494+0000] {dag.py:3823} INFO - Setting next_dagrun for social_media_to_snowflake to 2026-02-20 00:00:00+00:00, run_after=2026-02-20 00:15:00+00:00
[2026-02-20T00:14:36.544+0000] {processor.py:183} INFO - Processing /opt/airflow/dags/load_to_snowflake.py took 0.227 seconds
[2026-02-20T00:15:37.027+0000] {processor.py:161} INFO - Started process (PID=2143) to work on /opt/airflow/dags/load_to_snowflake.py
[2026-02-20T00:15:37.029+0000] {processor.py:830} INFO - Processing file /opt/airflow/dags/load_to_snowflake.py for tasks to queue
[2026-02-20T00:15:37.031+0000] {logging_mixin.py:188} INFO - [2026-02-20T00:15:37.030+0000] {dagbag.py:538} INFO - Filling up the DagBag from /opt/airflow/dags/load_to_snowflake.py
[2026-02-20T00:15:37.055+0000] {processor.py:840} INFO - DAG(s) 'social_media_to_snowflake' retrieved from /opt/airflow/dags/load_to_snowflake.py
[2026-02-20T00:15:37.114+0000] {logging_mixin.py:188} INFO - [2026-02-20T00:15:37.114+0000] {dag.py:3036} INFO - Sync 1 DAGs
[2026-02-20T00:15:37.189+0000] {processor.py:183} INFO - Processing /opt/airflow/dags/load_to_snowflake.py took 0.168 seconds
[2026-02-20T00:16:37.809+0000] {processor.py:161} INFO - Started process (PID=2175) to work on /opt/airflow/dags/load_to_snowflake.py
[2026-02-20T00:16:37.812+0000] {processor.py:830} INFO - Processing file /opt/airflow/dags/load_to_snowflake.py for tasks to queue
[2026-02-20T00:16:37.814+0000] {logging_mixin.py:188} INFO - [2026-02-20T00:16:37.813+0000] {dagbag.py:538} INFO - Filling up the DagBag from /opt/airflow/dags/load_to_snowflake.py
[2026-02-20T00:16:37.839+0000] {processor.py:840} INFO - DAG(s) 'social_media_to_snowflake' retrieved from /opt/airflow/dags/load_to_snowflake.py
[2026-02-20T00:16:37.891+0000] {logging_mixin.py:188} INFO - [2026-02-20T00:16:37.891+0000] {dag.py:3036} INFO - Sync 1 DAGs
[2026-02-20T00:16:37.933+0000] {logging_mixin.py:188} INFO - [2026-02-20T00:16:37.933+0000] {dag.py:3823} INFO - Setting next_dagrun for social_media_to_snowflake to 2026-02-20 00:15:00+00:00, run_after=2026-02-20 00:30:00+00:00
[2026-02-20T00:16:37.965+0000] {processor.py:183} INFO - Processing /opt/airflow/dags/load_to_snowflake.py took 0.163 seconds
[2026-02-20T00:17:38.643+0000] {processor.py:161} INFO - Started process (PID=2207) to work on /opt/airflow/dags/load_to_snowflake.py
[2026-02-20T00:17:38.644+0000] {processor.py:830} INFO - Processing file /opt/airflow/dags/load_to_snowflake.py for tasks to queue
[2026-02-20T00:17:38.646+0000] {logging_mixin.py:188} INFO - [2026-02-20T00:17:38.645+0000] {dagbag.py:538} INFO - Filling up the DagBag from /opt/airflow/dags/load_to_snowflake.py
[2026-02-20T00:17:38.674+0000] {processor.py:840} INFO - DAG(s) 'social_media_to_snowflake' retrieved from /opt/airflow/dags/load_to_snowflake.py
[2026-02-20T00:17:38.737+0000] {logging_mixin.py:188} INFO - [2026-02-20T00:17:38.737+0000] {dag.py:3036} INFO - Sync 1 DAGs
[2026-02-20T00:17:38.783+0000] {logging_mixin.py:188} INFO - [2026-02-20T00:17:38.782+0000] {dag.py:3823} INFO - Setting next_dagrun for social_media_to_snowflake to 2026-02-20 00:15:00+00:00, run_after=2026-02-20 00:30:00+00:00
[2026-02-20T00:17:38.850+0000] {processor.py:183} INFO - Processing /opt/airflow/dags/load_to_snowflake.py took 0.213 seconds
[2026-02-20T00:18:39.502+0000] {processor.py:161} INFO - Started process (PID=2239) to work on /opt/airflow/dags/load_to_snowflake.py
[2026-02-20T00:18:39.504+0000] {processor.py:830} INFO - Processing file /opt/airflow/dags/load_to_snowflake.py for tasks to queue
[2026-02-20T00:18:39.506+0000] {logging_mixin.py:188} INFO - [2026-02-20T00:18:39.505+0000] {dagbag.py:538} INFO - Filling up the DagBag from /opt/airflow/dags/load_to_snowflake.py
[2026-02-20T00:18:39.529+0000] {processor.py:840} INFO - DAG(s) 'social_media_to_snowflake' retrieved from /opt/airflow/dags/load_to_snowflake.py
[2026-02-20T00:18:39.581+0000] {logging_mixin.py:188} INFO - [2026-02-20T00:18:39.580+0000] {dag.py:3036} INFO - Sync 1 DAGs
[2026-02-20T00:18:39.627+0000] {logging_mixin.py:188} INFO - [2026-02-20T00:18:39.627+0000] {dag.py:3823} INFO - Setting next_dagrun for social_media_to_snowflake to 2026-02-20 00:15:00+00:00, run_after=2026-02-20 00:30:00+00:00
[2026-02-20T00:18:39.663+0000] {processor.py:183} INFO - Processing /opt/airflow/dags/load_to_snowflake.py took 0.166 seconds
[2026-02-20T00:19:40.331+0000] {processor.py:161} INFO - Started process (PID=2271) to work on /opt/airflow/dags/load_to_snowflake.py
[2026-02-20T00:19:40.334+0000] {processor.py:830} INFO - Processing file /opt/airflow/dags/load_to_snowflake.py for tasks to queue
[2026-02-20T00:19:40.336+0000] {logging_mixin.py:188} INFO - [2026-02-20T00:19:40.335+0000] {dagbag.py:538} INFO - Filling up the DagBag from /opt/airflow/dags/load_to_snowflake.py
[2026-02-20T00:19:40.360+0000] {processor.py:840} INFO - DAG(s) 'social_media_to_snowflake' retrieved from /opt/airflow/dags/load_to_snowflake.py
[2026-02-20T00:19:40.414+0000] {logging_mixin.py:188} INFO - [2026-02-20T00:19:40.414+0000] {dag.py:3036} INFO - Sync 1 DAGs
[2026-02-20T00:19:40.459+0000] {logging_mixin.py:188} INFO - [2026-02-20T00:19:40.459+0000] {dag.py:3823} INFO - Setting next_dagrun for social_media_to_snowflake to 2026-02-20 00:15:00+00:00, run_after=2026-02-20 00:30:00+00:00
[2026-02-20T00:19:40.493+0000] {processor.py:183} INFO - Processing /opt/airflow/dags/load_to_snowflake.py took 0.176 seconds
[2026-02-20T00:38:10.247+0000] {processor.py:161} INFO - Started process (PID=2291) to work on /opt/airflow/dags/load_to_snowflake.py
[2026-02-20T00:38:10.391+0000] {processor.py:830} INFO - Processing file /opt/airflow/dags/load_to_snowflake.py for tasks to queue
[2026-02-20T00:38:10.459+0000] {logging_mixin.py:188} INFO - [2026-02-20T00:38:10.443+0000] {dagbag.py:538} INFO - Filling up the DagBag from /opt/airflow/dags/load_to_snowflake.py
[2026-02-20T00:38:10.936+0000] {processor.py:840} INFO - DAG(s) 'social_media_to_snowflake' retrieved from /opt/airflow/dags/load_to_snowflake.py
[2026-02-20T00:38:11.936+0000] {logging_mixin.py:188} INFO - [2026-02-20T00:38:11.931+0000] {dag.py:3036} INFO - Sync 1 DAGs
[2026-02-20T00:38:28.805+0000] {processor.py:183} INFO - Processing /opt/airflow/dags/load_to_snowflake.py took 19.173 seconds
[2026-02-20T00:56:03.504+0000] {processor.py:161} INFO - Started process (PID=2327) to work on /opt/airflow/dags/load_to_snowflake.py
[2026-02-20T00:56:03.517+0000] {processor.py:830} INFO - Processing file /opt/airflow/dags/load_to_snowflake.py for tasks to queue
[2026-02-20T00:56:03.533+0000] {logging_mixin.py:188} INFO - [2026-02-20T00:56:03.522+0000] {dagbag.py:538} INFO - Filling up the DagBag from /opt/airflow/dags/load_to_snowflake.py
[2026-02-20T00:56:04.286+0000] {processor.py:840} INFO - DAG(s) 'social_media_to_snowflake' retrieved from /opt/airflow/dags/load_to_snowflake.py
[2026-02-20T00:56:14.258+0000] {logging_mixin.py:188} INFO - [2026-02-20T00:56:14.226+0000] {dag.py:3036} INFO - Sync 1 DAGs
[2026-02-20T00:56:30.237+0000] {processor.py:183} INFO - Processing /opt/airflow/dags/load_to_snowflake.py took 26.781 seconds
[2026-02-20T01:15:09.109+0000] {processor.py:161} INFO - Started process (PID=2379) to work on /opt/airflow/dags/load_to_snowflake.py
[2026-02-20T01:15:09.187+0000] {processor.py:830} INFO - Processing file /opt/airflow/dags/load_to_snowflake.py for tasks to queue
[2026-02-20T01:15:09.229+0000] {logging_mixin.py:188} INFO - [2026-02-20T01:15:09.225+0000] {dagbag.py:538} INFO - Filling up the DagBag from /opt/airflow/dags/load_to_snowflake.py
[2026-02-20T01:15:09.394+0000] {processor.py:840} INFO - DAG(s) 'social_media_to_snowflake' retrieved from /opt/airflow/dags/load_to_snowflake.py
[2026-02-20T01:15:10.066+0000] {logging_mixin.py:188} INFO - [2026-02-20T01:15:10.062+0000] {dag.py:3036} INFO - Sync 1 DAGs
[2026-02-20T01:15:10.631+0000] {processor.py:183} INFO - Processing /opt/airflow/dags/load_to_snowflake.py took 1.624 seconds
[2026-02-20T01:16:10.973+0000] {processor.py:161} INFO - Started process (PID=2411) to work on /opt/airflow/dags/load_to_snowflake.py
[2026-02-20T01:16:10.978+0000] {processor.py:830} INFO - Processing file /opt/airflow/dags/load_to_snowflake.py for tasks to queue
[2026-02-20T01:16:10.982+0000] {logging_mixin.py:188} INFO - [2026-02-20T01:16:10.982+0000] {dagbag.py:538} INFO - Filling up the DagBag from /opt/airflow/dags/load_to_snowflake.py
[2026-02-20T01:16:11.005+0000] {processor.py:840} INFO - DAG(s) 'social_media_to_snowflake' retrieved from /opt/airflow/dags/load_to_snowflake.py
[2026-02-20T01:16:11.070+0000] {logging_mixin.py:188} INFO - [2026-02-20T01:16:11.069+0000] {dag.py:3036} INFO - Sync 1 DAGs
[2026-02-20T01:16:11.145+0000] {processor.py:183} INFO - Processing /opt/airflow/dags/load_to_snowflake.py took 0.180 seconds
[2026-02-20T01:17:11.867+0000] {processor.py:161} INFO - Started process (PID=2443) to work on /opt/airflow/dags/load_to_snowflake.py
[2026-02-20T01:17:11.869+0000] {processor.py:830} INFO - Processing file /opt/airflow/dags/load_to_snowflake.py for tasks to queue
[2026-02-20T01:17:11.874+0000] {logging_mixin.py:188} INFO - [2026-02-20T01:17:11.873+0000] {dagbag.py:538} INFO - Filling up the DagBag from /opt/airflow/dags/load_to_snowflake.py
[2026-02-20T01:17:11.894+0000] {processor.py:840} INFO - DAG(s) 'social_media_to_snowflake' retrieved from /opt/airflow/dags/load_to_snowflake.py
[2026-02-20T01:17:11.953+0000] {logging_mixin.py:188} INFO - [2026-02-20T01:17:11.952+0000] {dag.py:3036} INFO - Sync 1 DAGs
[2026-02-20T01:17:12.026+0000] {processor.py:183} INFO - Processing /opt/airflow/dags/load_to_snowflake.py took 0.165 seconds
[2026-02-20T01:30:14.233+0000] {processor.py:161} INFO - Started process (PID=2490) to work on /opt/airflow/dags/load_to_snowflake.py
[2026-02-20T01:30:14.237+0000] {processor.py:830} INFO - Processing file /opt/airflow/dags/load_to_snowflake.py for tasks to queue
[2026-02-20T01:30:14.246+0000] {logging_mixin.py:188} INFO - [2026-02-20T01:30:14.244+0000] {dagbag.py:538} INFO - Filling up the DagBag from /opt/airflow/dags/load_to_snowflake.py
[2026-02-20T01:30:14.285+0000] {processor.py:840} INFO - DAG(s) 'social_media_to_snowflake' retrieved from /opt/airflow/dags/load_to_snowflake.py
[2026-02-20T01:30:14.356+0000] {logging_mixin.py:188} INFO - [2026-02-20T01:30:14.355+0000] {dag.py:3036} INFO - Sync 1 DAGs
[2026-02-20T01:30:14.446+0000] {processor.py:183} INFO - Processing /opt/airflow/dags/load_to_snowflake.py took 0.223 seconds
[2026-02-20T01:48:09.433+0000] {processor.py:161} INFO - Started process (PID=2534) to work on /opt/airflow/dags/load_to_snowflake.py
[2026-02-20T01:48:09.647+0000] {processor.py:830} INFO - Processing file /opt/airflow/dags/load_to_snowflake.py for tasks to queue
[2026-02-20T01:48:10.133+0000] {logging_mixin.py:188} INFO - [2026-02-20T01:48:10.085+0000] {dagbag.py:538} INFO - Filling up the DagBag from /opt/airflow/dags/load_to_snowflake.py
[2026-02-20T01:48:21.386+0000] {processor.py:840} INFO - DAG(s) 'social_media_to_snowflake' retrieved from /opt/airflow/dags/load_to_snowflake.py
[2026-02-20T01:48:51.865+0000] {logging_mixin.py:188} INFO - [2026-02-20T01:48:51.772+0000] {dag.py:3036} INFO - Sync 1 DAGs
[2026-02-20T01:48:55.314+0000] {processor.py:183} INFO - Processing /opt/airflow/dags/load_to_snowflake.py took 46.389 seconds
[2026-02-20T01:49:56.619+0000] {processor.py:161} INFO - Started process (PID=2573) to work on /opt/airflow/dags/load_to_snowflake.py
[2026-02-20T01:49:56.621+0000] {processor.py:830} INFO - Processing file /opt/airflow/dags/load_to_snowflake.py for tasks to queue
[2026-02-20T01:49:56.626+0000] {logging_mixin.py:188} INFO - [2026-02-20T01:49:56.625+0000] {dagbag.py:538} INFO - Filling up the DagBag from /opt/airflow/dags/load_to_snowflake.py
[2026-02-20T01:49:56.643+0000] {processor.py:840} INFO - DAG(s) 'social_media_to_snowflake' retrieved from /opt/airflow/dags/load_to_snowflake.py
[2026-02-20T01:49:56.699+0000] {logging_mixin.py:188} INFO - [2026-02-20T01:49:56.699+0000] {dag.py:3036} INFO - Sync 1 DAGs
[2026-02-20T01:49:56.768+0000] {processor.py:183} INFO - Processing /opt/airflow/dags/load_to_snowflake.py took 0.156 seconds
[2026-02-20T01:50:57.345+0000] {processor.py:161} INFO - Started process (PID=2605) to work on /opt/airflow/dags/load_to_snowflake.py
[2026-02-20T01:50:57.348+0000] {processor.py:830} INFO - Processing file /opt/airflow/dags/load_to_snowflake.py for tasks to queue
[2026-02-20T01:50:57.354+0000] {logging_mixin.py:188} INFO - [2026-02-20T01:50:57.353+0000] {dagbag.py:538} INFO - Filling up the DagBag from /opt/airflow/dags/load_to_snowflake.py
[2026-02-20T01:50:57.369+0000] {processor.py:840} INFO - DAG(s) 'social_media_to_snowflake' retrieved from /opt/airflow/dags/load_to_snowflake.py
[2026-02-20T01:50:57.421+0000] {logging_mixin.py:188} INFO - [2026-02-20T01:50:57.420+0000] {dag.py:3036} INFO - Sync 1 DAGs
[2026-02-20T01:50:57.485+0000] {processor.py:183} INFO - Processing /opt/airflow/dags/load_to_snowflake.py took 0.150 seconds
[2026-02-20T01:51:58.062+0000] {processor.py:161} INFO - Started process (PID=2637) to work on /opt/airflow/dags/load_to_snowflake.py
[2026-02-20T01:51:58.063+0000] {processor.py:830} INFO - Processing file /opt/airflow/dags/load_to_snowflake.py for tasks to queue
[2026-02-20T01:51:58.067+0000] {logging_mixin.py:188} INFO - [2026-02-20T01:51:58.067+0000] {dagbag.py:538} INFO - Filling up the DagBag from /opt/airflow/dags/load_to_snowflake.py
[2026-02-20T01:51:58.084+0000] {processor.py:840} INFO - DAG(s) 'social_media_to_snowflake' retrieved from /opt/airflow/dags/load_to_snowflake.py
[2026-02-20T01:51:58.134+0000] {logging_mixin.py:188} INFO - [2026-02-20T01:51:58.133+0000] {dag.py:3036} INFO - Sync 1 DAGs
[2026-02-20T01:51:58.204+0000] {processor.py:183} INFO - Processing /opt/airflow/dags/load_to_snowflake.py took 0.148 seconds
[2026-02-20T01:52:58.814+0000] {processor.py:161} INFO - Started process (PID=2669) to work on /opt/airflow/dags/load_to_snowflake.py
[2026-02-20T01:52:58.815+0000] {processor.py:830} INFO - Processing file /opt/airflow/dags/load_to_snowflake.py for tasks to queue
[2026-02-20T01:52:58.819+0000] {logging_mixin.py:188} INFO - [2026-02-20T01:52:58.819+0000] {dagbag.py:538} INFO - Filling up the DagBag from /opt/airflow/dags/load_to_snowflake.py
[2026-02-20T01:52:58.836+0000] {processor.py:840} INFO - DAG(s) 'social_media_to_snowflake' retrieved from /opt/airflow/dags/load_to_snowflake.py
[2026-02-20T01:52:58.890+0000] {logging_mixin.py:188} INFO - [2026-02-20T01:52:58.890+0000] {dag.py:3036} INFO - Sync 1 DAGs
[2026-02-20T01:52:58.958+0000] {processor.py:183} INFO - Processing /opt/airflow/dags/load_to_snowflake.py took 0.151 seconds
[2026-02-20T01:53:59.546+0000] {processor.py:161} INFO - Started process (PID=2704) to work on /opt/airflow/dags/load_to_snowflake.py
[2026-02-20T01:53:59.547+0000] {processor.py:830} INFO - Processing file /opt/airflow/dags/load_to_snowflake.py for tasks to queue
[2026-02-20T01:53:59.551+0000] {logging_mixin.py:188} INFO - [2026-02-20T01:53:59.550+0000] {dagbag.py:538} INFO - Filling up the DagBag from /opt/airflow/dags/load_to_snowflake.py
[2026-02-20T01:53:59.567+0000] {processor.py:840} INFO - DAG(s) 'social_media_to_snowflake' retrieved from /opt/airflow/dags/load_to_snowflake.py
[2026-02-20T01:53:59.619+0000] {logging_mixin.py:188} INFO - [2026-02-20T01:53:59.618+0000] {dag.py:3036} INFO - Sync 1 DAGs
[2026-02-20T01:53:59.683+0000] {processor.py:183} INFO - Processing /opt/airflow/dags/load_to_snowflake.py took 0.143 seconds
[2026-02-20T01:55:00.264+0000] {processor.py:161} INFO - Started process (PID=2736) to work on /opt/airflow/dags/load_to_snowflake.py
[2026-02-20T01:55:00.266+0000] {processor.py:830} INFO - Processing file /opt/airflow/dags/load_to_snowflake.py for tasks to queue
[2026-02-20T01:55:00.270+0000] {logging_mixin.py:188} INFO - [2026-02-20T01:55:00.269+0000] {dagbag.py:538} INFO - Filling up the DagBag from /opt/airflow/dags/load_to_snowflake.py
[2026-02-20T01:55:00.285+0000] {processor.py:840} INFO - DAG(s) 'social_media_to_snowflake' retrieved from /opt/airflow/dags/load_to_snowflake.py
[2026-02-20T01:55:00.336+0000] {logging_mixin.py:188} INFO - [2026-02-20T01:55:00.335+0000] {dag.py:3036} INFO - Sync 1 DAGs
[2026-02-20T01:55:00.402+0000] {processor.py:183} INFO - Processing /opt/airflow/dags/load_to_snowflake.py took 0.143 seconds
[2026-02-20T01:56:00.997+0000] {processor.py:161} INFO - Started process (PID=2768) to work on /opt/airflow/dags/load_to_snowflake.py
[2026-02-20T01:56:00.999+0000] {processor.py:830} INFO - Processing file /opt/airflow/dags/load_to_snowflake.py for tasks to queue
[2026-02-20T01:56:01.002+0000] {logging_mixin.py:188} INFO - [2026-02-20T01:56:01.002+0000] {dagbag.py:538} INFO - Filling up the DagBag from /opt/airflow/dags/load_to_snowflake.py
[2026-02-20T01:56:01.017+0000] {processor.py:840} INFO - DAG(s) 'social_media_to_snowflake' retrieved from /opt/airflow/dags/load_to_snowflake.py
[2026-02-20T01:56:01.067+0000] {logging_mixin.py:188} INFO - [2026-02-20T01:56:01.067+0000] {dag.py:3036} INFO - Sync 1 DAGs
[2026-02-20T01:56:01.140+0000] {processor.py:183} INFO - Processing /opt/airflow/dags/load_to_snowflake.py took 0.149 seconds
[2026-02-20T02:14:15.668+0000] {processor.py:161} INFO - Started process (PID=2816) to work on /opt/airflow/dags/load_to_snowflake.py
[2026-02-20T02:14:15.672+0000] {processor.py:830} INFO - Processing file /opt/airflow/dags/load_to_snowflake.py for tasks to queue
[2026-02-20T02:14:15.679+0000] {logging_mixin.py:188} INFO - [2026-02-20T02:14:15.677+0000] {dagbag.py:538} INFO - Filling up the DagBag from /opt/airflow/dags/load_to_snowflake.py
[2026-02-20T02:14:15.722+0000] {processor.py:840} INFO - DAG(s) 'social_media_to_snowflake' retrieved from /opt/airflow/dags/load_to_snowflake.py
[2026-02-20T02:14:15.820+0000] {logging_mixin.py:188} INFO - [2026-02-20T02:14:15.819+0000] {dag.py:3036} INFO - Sync 1 DAGs
[2026-02-20T02:14:15.958+0000] {processor.py:183} INFO - Processing /opt/airflow/dags/load_to_snowflake.py took 0.297 seconds
[2026-02-20T02:15:16.470+0000] {processor.py:161} INFO - Started process (PID=2857) to work on /opt/airflow/dags/load_to_snowflake.py
[2026-02-20T02:15:16.478+0000] {processor.py:830} INFO - Processing file /opt/airflow/dags/load_to_snowflake.py for tasks to queue
[2026-02-20T02:15:16.493+0000] {logging_mixin.py:188} INFO - [2026-02-20T02:15:16.490+0000] {dagbag.py:538} INFO - Filling up the DagBag from /opt/airflow/dags/load_to_snowflake.py
[2026-02-20T02:15:16.551+0000] {processor.py:840} INFO - DAG(s) 'social_media_to_snowflake' retrieved from /opt/airflow/dags/load_to_snowflake.py
[2026-02-20T02:15:16.723+0000] {logging_mixin.py:188} INFO - [2026-02-20T02:15:16.721+0000] {dag.py:3036} INFO - Sync 1 DAGs
[2026-02-20T02:15:16.980+0000] {processor.py:183} INFO - Processing /opt/airflow/dags/load_to_snowflake.py took 0.546 seconds
[2026-02-20T02:31:12.910+0000] {processor.py:161} INFO - Started process (PID=2896) to work on /opt/airflow/dags/load_to_snowflake.py
[2026-02-20T02:31:12.924+0000] {processor.py:830} INFO - Processing file /opt/airflow/dags/load_to_snowflake.py for tasks to queue
[2026-02-20T02:31:12.951+0000] {logging_mixin.py:188} INFO - [2026-02-20T02:31:12.947+0000] {dagbag.py:538} INFO - Filling up the DagBag from /opt/airflow/dags/load_to_snowflake.py
[2026-02-20T02:31:13.058+0000] {processor.py:840} INFO - DAG(s) 'social_media_to_snowflake' retrieved from /opt/airflow/dags/load_to_snowflake.py
[2026-02-20T02:31:13.277+0000] {logging_mixin.py:188} INFO - [2026-02-20T02:31:13.276+0000] {dag.py:3036} INFO - Sync 1 DAGs
[2026-02-20T02:31:13.553+0000] {processor.py:183} INFO - Processing /opt/airflow/dags/load_to_snowflake.py took 0.663 seconds
[2026-02-20T02:32:27.810+0000] {processor.py:161} INFO - Started process (PID=2931) to work on /opt/airflow/dags/load_to_snowflake.py
[2026-02-20T02:32:27.819+0000] {processor.py:830} INFO - Processing file /opt/airflow/dags/load_to_snowflake.py for tasks to queue
[2026-02-20T02:32:27.863+0000] {logging_mixin.py:188} INFO - [2026-02-20T02:32:27.859+0000] {dagbag.py:538} INFO - Filling up the DagBag from /opt/airflow/dags/load_to_snowflake.py
[2026-02-20T02:32:27.977+0000] {processor.py:840} INFO - DAG(s) 'social_media_to_snowflake' retrieved from /opt/airflow/dags/load_to_snowflake.py
[2026-02-20T02:32:28.219+0000] {logging_mixin.py:188} INFO - [2026-02-20T02:32:28.217+0000] {dag.py:3036} INFO - Sync 1 DAGs
[2026-02-20T02:32:28.409+0000] {processor.py:183} INFO - Processing /opt/airflow/dags/load_to_snowflake.py took 0.644 seconds
[2026-02-20T02:33:28.645+0000] {processor.py:161} INFO - Started process (PID=2957) to work on /opt/airflow/dags/load_to_snowflake.py
[2026-02-20T02:33:28.648+0000] {processor.py:830} INFO - Processing file /opt/airflow/dags/load_to_snowflake.py for tasks to queue
[2026-02-20T02:33:28.659+0000] {logging_mixin.py:188} INFO - [2026-02-20T02:33:28.658+0000] {dagbag.py:538} INFO - Filling up the DagBag from /opt/airflow/dags/load_to_snowflake.py
[2026-02-20T02:33:28.690+0000] {processor.py:840} INFO - DAG(s) 'social_media_to_snowflake' retrieved from /opt/airflow/dags/load_to_snowflake.py
[2026-02-20T02:33:28.860+0000] {logging_mixin.py:188} INFO - [2026-02-20T02:33:28.859+0000] {dag.py:3036} INFO - Sync 1 DAGs
[2026-02-20T02:33:29.023+0000] {processor.py:183} INFO - Processing /opt/airflow/dags/load_to_snowflake.py took 0.398 seconds
[2026-02-20T02:34:29.959+0000] {processor.py:161} INFO - Started process (PID=2994) to work on /opt/airflow/dags/load_to_snowflake.py
[2026-02-20T02:34:29.972+0000] {processor.py:830} INFO - Processing file /opt/airflow/dags/load_to_snowflake.py for tasks to queue
[2026-02-20T02:34:29.992+0000] {logging_mixin.py:188} INFO - [2026-02-20T02:34:29.990+0000] {dagbag.py:538} INFO - Filling up the DagBag from /opt/airflow/dags/load_to_snowflake.py
[2026-02-20T02:34:30.106+0000] {processor.py:840} INFO - DAG(s) 'social_media_to_snowflake' retrieved from /opt/airflow/dags/load_to_snowflake.py
[2026-02-20T02:34:30.350+0000] {logging_mixin.py:188} INFO - [2026-02-20T02:34:30.349+0000] {dag.py:3036} INFO - Sync 1 DAGs
[2026-02-20T02:34:30.506+0000] {processor.py:183} INFO - Processing /opt/airflow/dags/load_to_snowflake.py took 0.587 seconds
[2026-02-20T02:35:31.467+0000] {processor.py:161} INFO - Started process (PID=3025) to work on /opt/airflow/dags/load_to_snowflake.py
[2026-02-20T02:35:31.469+0000] {processor.py:830} INFO - Processing file /opt/airflow/dags/load_to_snowflake.py for tasks to queue
[2026-02-20T02:35:31.472+0000] {logging_mixin.py:188} INFO - [2026-02-20T02:35:31.472+0000] {dagbag.py:538} INFO - Filling up the DagBag from /opt/airflow/dags/load_to_snowflake.py
[2026-02-20T02:35:31.511+0000] {processor.py:840} INFO - DAG(s) 'social_media_to_snowflake' retrieved from /opt/airflow/dags/load_to_snowflake.py
[2026-02-20T02:35:31.561+0000] {logging_mixin.py:188} INFO - [2026-02-20T02:35:31.560+0000] {dag.py:3036} INFO - Sync 1 DAGs
[2026-02-20T02:35:31.901+0000] {processor.py:183} INFO - Processing /opt/airflow/dags/load_to_snowflake.py took 0.440 seconds
[2026-02-20T02:36:32.954+0000] {processor.py:161} INFO - Started process (PID=3064) to work on /opt/airflow/dags/load_to_snowflake.py
[2026-02-20T02:36:32.960+0000] {processor.py:830} INFO - Processing file /opt/airflow/dags/load_to_snowflake.py for tasks to queue
[2026-02-20T02:36:32.964+0000] {logging_mixin.py:188} INFO - [2026-02-20T02:36:32.963+0000] {dagbag.py:538} INFO - Filling up the DagBag from /opt/airflow/dags/load_to_snowflake.py
[2026-02-20T02:36:32.982+0000] {processor.py:840} INFO - DAG(s) 'social_media_to_snowflake' retrieved from /opt/airflow/dags/load_to_snowflake.py
[2026-02-20T02:36:33.046+0000] {logging_mixin.py:188} INFO - [2026-02-20T02:36:33.045+0000] {dag.py:3036} INFO - Sync 1 DAGs
[2026-02-20T02:36:33.163+0000] {processor.py:183} INFO - Processing /opt/airflow/dags/load_to_snowflake.py took 0.216 seconds
[2026-02-20T02:37:33.455+0000] {processor.py:161} INFO - Started process (PID=3100) to work on /opt/airflow/dags/load_to_snowflake.py
[2026-02-20T02:37:33.458+0000] {processor.py:830} INFO - Processing file /opt/airflow/dags/load_to_snowflake.py for tasks to queue
[2026-02-20T02:37:33.463+0000] {logging_mixin.py:188} INFO - [2026-02-20T02:37:33.462+0000] {dagbag.py:538} INFO - Filling up the DagBag from /opt/airflow/dags/load_to_snowflake.py
[2026-02-20T02:37:33.482+0000] {processor.py:840} INFO - DAG(s) 'social_media_to_snowflake' retrieved from /opt/airflow/dags/load_to_snowflake.py
[2026-02-20T02:37:33.553+0000] {logging_mixin.py:188} INFO - [2026-02-20T02:37:33.552+0000] {dag.py:3036} INFO - Sync 1 DAGs
[2026-02-20T02:37:33.638+0000] {processor.py:183} INFO - Processing /opt/airflow/dags/load_to_snowflake.py took 0.190 seconds
[2026-02-20T02:38:34.580+0000] {processor.py:161} INFO - Started process (PID=3132) to work on /opt/airflow/dags/load_to_snowflake.py
[2026-02-20T02:38:34.583+0000] {processor.py:830} INFO - Processing file /opt/airflow/dags/load_to_snowflake.py for tasks to queue
[2026-02-20T02:38:34.590+0000] {logging_mixin.py:188} INFO - [2026-02-20T02:38:34.589+0000] {dagbag.py:538} INFO - Filling up the DagBag from /opt/airflow/dags/load_to_snowflake.py
[2026-02-20T02:38:34.610+0000] {processor.py:840} INFO - DAG(s) 'social_media_to_snowflake' retrieved from /opt/airflow/dags/load_to_snowflake.py
[2026-02-20T02:38:34.685+0000] {logging_mixin.py:188} INFO - [2026-02-20T02:38:34.683+0000] {dag.py:3036} INFO - Sync 1 DAGs
[2026-02-20T02:38:34.811+0000] {processor.py:183} INFO - Processing /opt/airflow/dags/load_to_snowflake.py took 0.239 seconds
[2026-02-20T02:39:34.938+0000] {processor.py:161} INFO - Started process (PID=3164) to work on /opt/airflow/dags/load_to_snowflake.py
[2026-02-20T02:39:34.941+0000] {processor.py:830} INFO - Processing file /opt/airflow/dags/load_to_snowflake.py for tasks to queue
[2026-02-20T02:39:34.945+0000] {logging_mixin.py:188} INFO - [2026-02-20T02:39:34.944+0000] {dagbag.py:538} INFO - Filling up the DagBag from /opt/airflow/dags/load_to_snowflake.py
[2026-02-20T02:39:34.964+0000] {processor.py:840} INFO - DAG(s) 'social_media_to_snowflake' retrieved from /opt/airflow/dags/load_to_snowflake.py
[2026-02-20T02:39:35.025+0000] {logging_mixin.py:188} INFO - [2026-02-20T02:39:35.024+0000] {dag.py:3036} INFO - Sync 1 DAGs
[2026-02-20T02:39:35.103+0000] {processor.py:183} INFO - Processing /opt/airflow/dags/load_to_snowflake.py took 0.171 seconds
[2026-02-20T02:40:36.063+0000] {processor.py:161} INFO - Started process (PID=3196) to work on /opt/airflow/dags/load_to_snowflake.py
[2026-02-20T02:40:36.073+0000] {processor.py:830} INFO - Processing file /opt/airflow/dags/load_to_snowflake.py for tasks to queue
[2026-02-20T02:40:36.095+0000] {logging_mixin.py:188} INFO - [2026-02-20T02:40:36.095+0000] {dagbag.py:538} INFO - Filling up the DagBag from /opt/airflow/dags/load_to_snowflake.py
[2026-02-20T02:40:36.156+0000] {processor.py:840} INFO - DAG(s) 'social_media_to_snowflake' retrieved from /opt/airflow/dags/load_to_snowflake.py
[2026-02-20T02:40:36.239+0000] {logging_mixin.py:188} INFO - [2026-02-20T02:40:36.238+0000] {dag.py:3036} INFO - Sync 1 DAGs
[2026-02-20T02:40:36.318+0000] {processor.py:183} INFO - Processing /opt/airflow/dags/load_to_snowflake.py took 0.274 seconds
[2026-02-20T02:41:36.520+0000] {processor.py:161} INFO - Started process (PID=3228) to work on /opt/airflow/dags/load_to_snowflake.py
[2026-02-20T02:41:36.524+0000] {processor.py:830} INFO - Processing file /opt/airflow/dags/load_to_snowflake.py for tasks to queue
[2026-02-20T02:41:36.533+0000] {logging_mixin.py:188} INFO - [2026-02-20T02:41:36.532+0000] {dagbag.py:538} INFO - Filling up the DagBag from /opt/airflow/dags/load_to_snowflake.py
[2026-02-20T02:41:36.560+0000] {processor.py:840} INFO - DAG(s) 'social_media_to_snowflake' retrieved from /opt/airflow/dags/load_to_snowflake.py
[2026-02-20T02:41:36.634+0000] {logging_mixin.py:188} INFO - [2026-02-20T02:41:36.633+0000] {dag.py:3036} INFO - Sync 1 DAGs
[2026-02-20T02:41:36.739+0000] {processor.py:183} INFO - Processing /opt/airflow/dags/load_to_snowflake.py took 0.229 seconds
