[2026-02-19T23:35:39.718+0000] {taskinstance.py:1956} INFO - Dependencies all met for dep_context=non-requeueable deps ti=<TaskInstance: social_media_to_snowflake.transform_to_gold scheduled__2026-02-19T23:15:00+00:00 [queued]>
[2026-02-19T23:35:39.853+0000] {taskinstance.py:1956} INFO - Dependencies all met for dep_context=requeueable deps ti=<TaskInstance: social_media_to_snowflake.transform_to_gold scheduled__2026-02-19T23:15:00+00:00 [queued]>
[2026-02-19T23:35:39.855+0000] {taskinstance.py:2170} INFO - Starting attempt 1 of 3
[2026-02-19T23:35:39.993+0000] {taskinstance.py:2191} INFO - Executing <Task(PythonOperator): transform_to_gold> on 2026-02-19 23:15:00+00:00
[2026-02-19T23:35:40.139+0000] {standard_task_runner.py:60} INFO - Started process 1827 to run task
[2026-02-19T23:35:40.202+0000] {standard_task_runner.py:87} INFO - Running: ['***', 'tasks', 'run', 'social_media_to_snowflake', 'transform_to_gold', 'scheduled__2026-02-19T23:15:00+00:00', '--job-id', '170', '--raw', '--subdir', 'DAGS_FOLDER/load_to_snowflake.py', '--cfg-path', '/tmp/tmpzmb731ln']
[2026-02-19T23:35:40.228+0000] {standard_task_runner.py:88} INFO - Job 170: Subtask transform_to_gold
[2026-02-19T23:35:40.829+0000] {task_command.py:423} INFO - Running <TaskInstance: social_media_to_snowflake.transform_to_gold scheduled__2026-02-19T23:15:00+00:00 [running]> on host 2c6479f94d34
[2026-02-19T23:35:51.849+0000] {taskinstance.py:2480} INFO - Exporting env vars: AIRFLOW_CTX_DAG_OWNER='data_engineer' AIRFLOW_CTX_DAG_ID='social_media_to_snowflake' AIRFLOW_CTX_TASK_ID='transform_to_gold' AIRFLOW_CTX_EXECUTION_DATE='2026-02-19T23:15:00+00:00' AIRFLOW_CTX_TRY_NUMBER='1' AIRFLOW_CTX_DAG_RUN_ID='scheduled__2026-02-19T23:15:00+00:00'
[2026-02-19T23:35:53.653+0000] {logging_mixin.py:188} WARNING - /home/***/.local/lib/python3.8/site-packages/***/utils/context.py:315 AirflowContextDeprecationWarning: Accessing 'execution_date' from the template is deprecated and will be removed in a future version. Please use 'data_interval_start' or 'logical_date' instead.
[2026-02-19T23:35:54.666+0000] {base.py:83} INFO - Using connection ID 'snowflake_default' for task execution.
[2026-02-19T23:35:54.716+0000] {connection.py:370} INFO - Snowflake Connector for Python Version: 3.6.0, Python Version: 3.8.18, Platform: Linux-6.10.14-linuxkit-x86_64-with-glibc2.34
[2026-02-19T23:35:54.754+0000] {connection.py:1171} INFO - This connection is in OCSP Fail Open Mode. TLS Certificates would be checked for validity and revocation status. Any other Certificate Revocation related exceptions or OCSP Responder failures would be disregarded in favor of connectivity.
[2026-02-19T23:36:06.304+0000] {cursor.py:1028} INFO - query: [ALTER SESSION SET autocommit=False]
[2026-02-19T23:36:07.488+0000] {cursor.py:1041} INFO - query execution done
[2026-02-19T23:36:07.689+0000] {cursor.py:1205} INFO - Number of results in first chunk: 1
[2026-02-19T23:36:07.803+0000] {sql.py:450} INFO - Running statement: DELETE FROM SOCIAL_ANALYTICS.GOLD.DAILY_TOP_STORIES WHERE report_date = '2026-02-19', parameters: None
[2026-02-19T23:36:07.838+0000] {cursor.py:1028} INFO - query: [DELETE FROM SOCIAL_ANALYTICS.GOLD.DAILY_TOP_STORIES WHERE report_date = '2026-02...]
[2026-02-19T23:36:09.109+0000] {cursor.py:1041} INFO - query execution done
[2026-02-19T23:36:09.128+0000] {sql.py:459} INFO - Rows affected: 10
[2026-02-19T23:36:09.204+0000] {snowflake.py:400} INFO - Rows affected: 10
[2026-02-19T23:36:09.244+0000] {snowflake.py:401} INFO - Snowflake query id: 01c286e8-0004-954b-0000-000b98362a41
[2026-02-19T23:36:09.267+0000] {cursor.py:1028} INFO - query: [COMMIT]
[2026-02-19T23:36:10.443+0000] {cursor.py:1041} INFO - query execution done
[2026-02-19T23:36:10.483+0000] {cursor.py:1205} INFO - Number of results in first chunk: 1
[2026-02-19T23:36:10.512+0000] {connection.py:718} INFO - closed
[2026-02-19T23:36:12.168+0000] {connection.py:724} INFO - No async queries seem to be running, deleting session
[2026-02-19T23:36:13.091+0000] {base.py:83} INFO - Using connection ID 'snowflake_default' for task execution.
[2026-02-19T23:36:13.133+0000] {connection.py:370} INFO - Snowflake Connector for Python Version: 3.6.0, Python Version: 3.8.18, Platform: Linux-6.10.14-linuxkit-x86_64-with-glibc2.34
[2026-02-19T23:36:13.163+0000] {connection.py:1171} INFO - This connection is in OCSP Fail Open Mode. TLS Certificates would be checked for validity and revocation status. Any other Certificate Revocation related exceptions or OCSP Responder failures would be disregarded in favor of connectivity.
[2026-02-19T23:36:20.042+0000] {cursor.py:1028} INFO - query: [ALTER SESSION SET autocommit=False]
[2026-02-19T23:36:20.463+0000] {cursor.py:1041} INFO - query execution done
[2026-02-19T23:36:20.521+0000] {cursor.py:1205} INFO - Number of results in first chunk: 1
[2026-02-19T23:36:20.549+0000] {sql.py:450} INFO - Running statement: DELETE FROM SOCIAL_ANALYTICS.GOLD.DAILY_SOURCE_SUMMARY WHERE report_date = '2026-02-19', parameters: None
[2026-02-19T23:36:20.592+0000] {cursor.py:1028} INFO - query: [DELETE FROM SOCIAL_ANALYTICS.GOLD.DAILY_SOURCE_SUMMARY WHERE report_date = '2026...]
[2026-02-19T23:36:21.454+0000] {cursor.py:1041} INFO - query execution done
[2026-02-19T23:36:21.487+0000] {sql.py:459} INFO - Rows affected: 2
[2026-02-19T23:36:21.498+0000] {snowflake.py:400} INFO - Rows affected: 2
[2026-02-19T23:36:21.515+0000] {snowflake.py:401} INFO - Snowflake query id: 01c286e8-0004-9547-0000-000b98363b21
[2026-02-19T23:36:21.523+0000] {cursor.py:1028} INFO - query: [COMMIT]
[2026-02-19T23:36:22.159+0000] {cursor.py:1041} INFO - query execution done
[2026-02-19T23:36:22.176+0000] {cursor.py:1205} INFO - Number of results in first chunk: 1
[2026-02-19T23:36:22.207+0000] {connection.py:718} INFO - closed
[2026-02-19T23:36:22.697+0000] {connection.py:724} INFO - No async queries seem to be running, deleting session
[2026-02-19T23:36:23.742+0000] {base.py:83} INFO - Using connection ID 'snowflake_default' for task execution.
[2026-02-19T23:36:23.816+0000] {connection.py:370} INFO - Snowflake Connector for Python Version: 3.6.0, Python Version: 3.8.18, Platform: Linux-6.10.14-linuxkit-x86_64-with-glibc2.34
[2026-02-19T23:36:23.860+0000] {connection.py:1171} INFO - This connection is in OCSP Fail Open Mode. TLS Certificates would be checked for validity and revocation status. Any other Certificate Revocation related exceptions or OCSP Responder failures would be disregarded in favor of connectivity.
[2026-02-19T23:36:26.236+0000] {cursor.py:1028} INFO - query: [ALTER SESSION SET autocommit=False]
[2026-02-19T23:36:26.407+0000] {cursor.py:1041} INFO - query execution done
[2026-02-19T23:36:26.410+0000] {cursor.py:1205} INFO - Number of results in first chunk: 1
[2026-02-19T23:36:26.411+0000] {sql.py:450} INFO - Running statement: INSERT INTO SOCIAL_ANALYTICS.GOLD.DAILY_TOP_STORIES
        (report_date, source, title, url, score, author, rank, loaded_at)
        SELECT
            DATE(published_at), source, title, url, score, author,
            ROW_NUMBER() OVER (PARTITION BY source ORDER BY score DESC),
            CURRENT_TIMESTAMP()
        FROM SOCIAL_ANALYTICS.SILVER.SOCIAL_POSTS_CLEAN
        WHERE DATE(loaded_at) = '2026-02-19'
        QUALIFY ROW_NUMBER() OVER (PARTITION BY source ORDER BY score DESC) <= 10, parameters: None
[2026-02-19T23:36:26.413+0000] {cursor.py:1028} INFO - query: [INSERT INTO SOCIAL_ANALYTICS.GOLD.DAILY_TOP_STORIES (report_date, source, title,...]
[2026-02-19T23:36:27.188+0000] {cursor.py:1041} INFO - query execution done
[2026-02-19T23:36:27.197+0000] {sql.py:459} INFO - Rows affected: 20
[2026-02-19T23:36:27.200+0000] {snowflake.py:400} INFO - Rows affected: 20
[2026-02-19T23:36:27.203+0000] {snowflake.py:401} INFO - Snowflake query id: 01c286e8-0004-9547-0000-000b98363b25
[2026-02-19T23:36:27.208+0000] {cursor.py:1028} INFO - query: [COMMIT]
[2026-02-19T23:41:24.766+0000] {cursor.py:1041} INFO - query execution done
[2026-02-19T23:41:24.912+0000] {cursor.py:1205} INFO - Number of results in first chunk: 1
[2026-02-19T23:41:24.924+0000] {connection.py:718} INFO - closed
[2026-02-19T23:41:27.172+0000] {connection.py:724} INFO - No async queries seem to be running, deleting session
[2026-02-19T23:41:27.587+0000] {logging_mixin.py:188} INFO - ✅ GOLD: Top stories loaded
[2026-02-19T23:41:39.666+0000] {base.py:83} INFO - Using connection ID 'snowflake_default' for task execution.
[2026-02-19T23:41:41.461+0000] {connection.py:370} INFO - Snowflake Connector for Python Version: 3.6.0, Python Version: 3.8.18, Platform: Linux-6.10.14-linuxkit-x86_64-with-glibc2.34
[2026-02-19T23:41:43.819+0000] {connection.py:1171} INFO - This connection is in OCSP Fail Open Mode. TLS Certificates would be checked for validity and revocation status. Any other Certificate Revocation related exceptions or OCSP Responder failures would be disregarded in favor of connectivity.
[2026-02-19T23:42:17.325+0000] {local_task_job_runner.py:302} WARNING - State of this instance has been externally set to queued. Terminating instance.
[2026-02-19T23:42:19.577+0000] {process_utils.py:131} INFO - Sending 15 to group 1827. PIDs of all processes in the group: [1827]
[2026-02-19T23:42:19.695+0000] {process_utils.py:86} INFO - Sending the signal 15 to group 1827
[2026-02-19T23:42:19.739+0000] {taskinstance.py:2450} ERROR - Received SIGTERM. Terminating subprocesses.
[2026-02-19T23:42:20.416+0000] {logging_mixin.py:188} INFO - ❌ Error: Task received SIGTERM signal
[2026-02-19T23:42:22.717+0000] {taskinstance.py:2698} ERROR - Task failed with exception
Traceback (most recent call last):
  File "/home/airflow/.local/lib/python3.8/site-packages/airflow/models/taskinstance.py", line 433, in _execute_task
    result = execute_callable(context=context, **execute_callable_kwargs)
  File "/home/airflow/.local/lib/python3.8/site-packages/airflow/operators/python.py", line 199, in execute
    return_value = self.execute_callable()
  File "/home/airflow/.local/lib/python3.8/site-packages/airflow/operators/python.py", line 216, in execute_callable
    return self.python_callable(*self.op_args, **self.op_kwargs)
  File "/opt/airflow/dags/load_to_snowflake.py", line 219, in transform_to_gold
    hook.run(f"""
  File "/home/airflow/.local/lib/python3.8/site-packages/airflow/providers/snowflake/hooks/snowflake.py", line 382, in run
    with closing(self.get_conn()) as conn:
  File "/home/airflow/.local/lib/python3.8/site-packages/airflow/providers/snowflake/hooks/snowflake.py", line 276, in get_conn
    conn = connector.connect(**conn_config)
  File "/home/airflow/.local/lib/python3.8/site-packages/snowflake/connector/__init__.py", line 54, in Connect
    return SnowflakeConnection(**kwargs)
  File "/home/airflow/.local/lib/python3.8/site-packages/snowflake/connector/connection.py", line 413, in __init__
    self.connect(**kwargs)
  File "/home/airflow/.local/lib/python3.8/site-packages/snowflake/connector/connection.py", line 703, in connect
    self.__open_connection()
  File "/home/airflow/.local/lib/python3.8/site-packages/snowflake/connector/connection.py", line 1006, in __open_connection
    self.authenticate_with_retry(self.auth_class)
  File "/home/airflow/.local/lib/python3.8/site-packages/snowflake/connector/connection.py", line 1277, in authenticate_with_retry
    self._authenticate(auth_instance)
  File "/home/airflow/.local/lib/python3.8/site-packages/snowflake/connector/connection.py", line 1305, in _authenticate
    auth.authenticate(
  File "/home/airflow/.local/lib/python3.8/site-packages/snowflake/connector/auth/_auth.py", line 250, in authenticate
    ret = self._rest._post_request(
  File "/home/airflow/.local/lib/python3.8/site-packages/snowflake/connector/network.py", line 729, in _post_request
    ret = self.fetch(
  File "/home/airflow/.local/lib/python3.8/site-packages/snowflake/connector/network.py", line 838, in fetch
    ret = self._request_exec_wrapper(
  File "/home/airflow/.local/lib/python3.8/site-packages/snowflake/connector/network.py", line 974, in _request_exec_wrapper
    raise e
  File "/home/airflow/.local/lib/python3.8/site-packages/snowflake/connector/network.py", line 879, in _request_exec_wrapper
    return_object = self._request_exec(
  File "/home/airflow/.local/lib/python3.8/site-packages/snowflake/connector/network.py", line 1188, in _request_exec
    raise err
  File "/home/airflow/.local/lib/python3.8/site-packages/snowflake/connector/network.py", line 1073, in _request_exec
    raw_ret = session.request(
  File "/home/airflow/.local/lib/python3.8/site-packages/snowflake/connector/vendored/requests/sessions.py", line 589, in request
    resp = self.send(prep, **send_kwargs)
  File "/home/airflow/.local/lib/python3.8/site-packages/snowflake/connector/vendored/requests/sessions.py", line 747, in send
    r.content
  File "/home/airflow/.local/lib/python3.8/site-packages/snowflake/connector/vendored/requests/models.py", line 899, in content
    self._content = b"".join(self.iter_content(CONTENT_CHUNK_SIZE)) or b""
  File "/home/airflow/.local/lib/python3.8/site-packages/snowflake/connector/vendored/requests/models.py", line 816, in generate
    yield from self.raw.stream(chunk_size, decode_content=True)
  File "/home/airflow/.local/lib/python3.8/site-packages/snowflake/connector/vendored/urllib3/response.py", line 628, in stream
    data = self.read(amt=amt, decode_content=decode_content)
  File "/home/airflow/.local/lib/python3.8/site-packages/snowflake/connector/vendored/urllib3/response.py", line 593, in read
    raise IncompleteRead(self._fp_bytes_read, self.length_remaining)
  File "/usr/local/lib/python3.8/contextlib.py", line 120, in __exit__
    next(self.gen)
  File "/home/airflow/.local/lib/python3.8/site-packages/snowflake/connector/vendored/urllib3/response.py", line 485, in _error_catcher
    self.release_conn()
  File "/home/airflow/.local/lib/python3.8/site-packages/snowflake/connector/vendored/urllib3/response.py", line 285, in release_conn
    self._pool._put_conn(self._connection)
  File "/home/airflow/.local/lib/python3.8/site-packages/snowflake/connector/vendored/urllib3/connectionpool.py", line 316, in _put_conn
    self.pool.put(conn, block=False)
  File "/usr/local/lib/python3.8/queue.py", line 150, in put
    self.unfinished_tasks += 1
  File "/home/airflow/.local/lib/python3.8/site-packages/airflow/models/taskinstance.py", line 2452, in signal_handler
    raise AirflowException("Task received SIGTERM signal")
airflow.exceptions.AirflowException: Task received SIGTERM signal
[2026-02-19T23:42:24.580+0000] {taskinstance.py:1138} INFO - Marking task as UP_FOR_RETRY. dag_id=social_media_to_snowflake, task_id=transform_to_gold, execution_date=20260219T231500, start_date=20260219T233539, end_date=20260219T234223
[2026-02-19T23:42:28.264+0000] {standard_task_runner.py:107} ERROR - Failed to execute job 170 for task transform_to_gold (Task received SIGTERM signal; 1827)
[2026-02-19T23:42:31.273+0000] {process_utils.py:79} INFO - Process psutil.Process(pid=1827, status='terminated', exitcode=1, started='23:35:39') (1827) terminated with exit code 1
