[2026-02-19T20:41:28.905+0000] {taskinstance.py:1956} INFO - Dependencies all met for dep_context=non-requeueable deps ti=<TaskInstance: social_media_to_snowflake.load_to_snowflake manual__2026-02-19T20:41:15.716522+00:00 [queued]>
[2026-02-19T20:41:28.920+0000] {taskinstance.py:1956} INFO - Dependencies all met for dep_context=requeueable deps ti=<TaskInstance: social_media_to_snowflake.load_to_snowflake manual__2026-02-19T20:41:15.716522+00:00 [queued]>
[2026-02-19T20:41:28.920+0000] {taskinstance.py:2170} INFO - Starting attempt 1 of 3
[2026-02-19T20:41:28.945+0000] {taskinstance.py:2191} INFO - Executing <Task(PythonOperator): load_to_snowflake> on 2026-02-19 20:41:15.716522+00:00
[2026-02-19T20:41:28.953+0000] {standard_task_runner.py:60} INFO - Started process 1664 to run task
[2026-02-19T20:41:28.959+0000] {standard_task_runner.py:87} INFO - Running: ['***', 'tasks', 'run', 'social_media_to_snowflake', 'load_to_snowflake', 'manual__2026-02-19T20:41:15.716522+00:00', '--job-id', '123', '--raw', '--subdir', 'DAGS_FOLDER/load_to_snowflake.py', '--cfg-path', '/tmp/tmpwlt_kep5']
[2026-02-19T20:41:28.963+0000] {standard_task_runner.py:88} INFO - Job 123: Subtask load_to_snowflake
[2026-02-19T20:41:29.037+0000] {task_command.py:423} INFO - Running <TaskInstance: social_media_to_snowflake.load_to_snowflake manual__2026-02-19T20:41:15.716522+00:00 [running]> on host d425cee099b0
[2026-02-19T20:41:29.156+0000] {taskinstance.py:2480} INFO - Exporting env vars: AIRFLOW_CTX_DAG_OWNER='data_engineer' AIRFLOW_CTX_DAG_ID='social_media_to_snowflake' AIRFLOW_CTX_TASK_ID='load_to_snowflake' AIRFLOW_CTX_EXECUTION_DATE='2026-02-19T20:41:15.716522+00:00' AIRFLOW_CTX_TRY_NUMBER='1' AIRFLOW_CTX_DAG_RUN_ID='manual__2026-02-19T20:41:15.716522+00:00'
[2026-02-19T20:41:29.197+0000] {logging_mixin.py:188} WARNING - /home/***/.local/lib/python3.8/site-packages/***/utils/context.py:315 AirflowContextDeprecationWarning: Accessing 'execution_date' from the template is deprecated and will be removed in a future version. Please use 'data_interval_start' or 'logical_date' instead.
[2026-02-19T20:41:29.214+0000] {base.py:83} INFO - Using connection ID 'snowflake_default' for task execution.
[2026-02-19T20:41:29.216+0000] {connection.py:370} INFO - Snowflake Connector for Python Version: 3.6.0, Python Version: 3.8.18, Platform: Linux-6.10.14-linuxkit-x86_64-with-glibc2.34
[2026-02-19T20:41:29.218+0000] {connection.py:1171} INFO - This connection is in OCSP Fail Open Mode. TLS Certificates would be checked for validity and revocation status. Any other Certificate Revocation related exceptions or OCSP Responder failures would be disregarded in favor of connectivity.
[2026-02-19T20:41:29.849+0000] {cursor.py:1028} INFO - query: [ALTER SESSION SET autocommit=False]
[2026-02-19T20:41:29.971+0000] {cursor.py:1041} INFO - query execution done
[2026-02-19T20:41:29.972+0000] {cursor.py:1205} INFO - Number of results in first chunk: 1
[2026-02-19T20:41:29.973+0000] {sql.py:450} INFO - Running statement: INSERT INTO SOCIAL_ANALYTICS.BRONZE.RAW_SOCIAL_MEDIA_DATA
            (load_id, source, content_type, raw_data, fetched_at)
            VALUES (
                'HN_47077844_202602192041',
                'hackernews',
                'story',
                PARSE_JSON('{"id": 47077844, "title": "California''s New Bill Requires DOJ-Approved 3D Printers That Report Themselves", "url": "https://blog.adafruit.com/2026/02/19/californias-new-bill-requires-doj-approved-3d-printers-that-report-on-themselves/", "score": 119, "by": "fortran77", "time": 1771528572}'),
                '2026-02-19 20:41:15.716522+00:00'
            ), parameters: None
[2026-02-19T20:41:29.974+0000] {cursor.py:1028} INFO - query: [INSERT INTO SOCIAL_ANALYTICS.BRONZE.RAW_SOCIAL_MEDIA_DATA (load_id, source, cont...]
[2026-02-19T20:41:30.118+0000] {cursor.py:1041} INFO - query execution done
[2026-02-19T20:41:30.127+0000] {connection.py:718} INFO - closed
[2026-02-19T20:41:30.178+0000] {connection.py:724} INFO - No async queries seem to be running, deleting session
[2026-02-19T20:41:30.244+0000] {logging_mixin.py:188} INFO - ❌ Error loading to Snowflake: 002014 (22000): 01c28639-0004-9541-0000-000b983672fd: SQL compilation error:
Invalid expression [PARSE_JSON('{"id": 47077844, "title": "California''s New Bill Requires DOJ-Approved 3D Printers That Report Themselves", "url": "https://blog.adafruit.com/2026/02/19/californias-new-bill-requires-doj-approved-3d-printers-that-report-on-themselves/", "score": 119, "by": "fortran77", "time": 1771528572}')] in VALUES clause
[2026-02-19T20:41:30.246+0000] {taskinstance.py:2698} ERROR - Task failed with exception
Traceback (most recent call last):
  File "/home/airflow/.local/lib/python3.8/site-packages/airflow/models/taskinstance.py", line 433, in _execute_task
    result = execute_callable(context=context, **execute_callable_kwargs)
  File "/home/airflow/.local/lib/python3.8/site-packages/airflow/operators/python.py", line 199, in execute
    return_value = self.execute_callable()
  File "/home/airflow/.local/lib/python3.8/site-packages/airflow/operators/python.py", line 216, in execute_callable
    return self.python_callable(*self.op_args, **self.op_kwargs)
  File "/opt/airflow/dags/load_to_snowflake.py", line 103, in load_to_snowflake
    hook.run(sql)
  File "/home/airflow/.local/lib/python3.8/site-packages/airflow/providers/snowflake/hooks/snowflake.py", line 388, in run
    self._run_command(cur, sql_statement, parameters)
  File "/home/airflow/.local/lib/python3.8/site-packages/airflow/providers/common/sql/hooks/sql.py", line 455, in _run_command
    cur.execute(sql_statement)
  File "/home/airflow/.local/lib/python3.8/site-packages/snowflake/connector/cursor.py", line 1132, in execute
    Error.errorhandler_wrapper(self.connection, self, error_class, errvalue)
  File "/home/airflow/.local/lib/python3.8/site-packages/snowflake/connector/errors.py", line 290, in errorhandler_wrapper
    handed_over = Error.hand_to_other_handler(
  File "/home/airflow/.local/lib/python3.8/site-packages/snowflake/connector/errors.py", line 345, in hand_to_other_handler
    cursor.errorhandler(connection, cursor, error_class, error_value)
  File "/home/airflow/.local/lib/python3.8/site-packages/snowflake/connector/errors.py", line 221, in default_errorhandler
    raise error_class(
snowflake.connector.errors.ProgrammingError: 002014 (22000): 01c28639-0004-9541-0000-000b983672fd: SQL compilation error:
Invalid expression [PARSE_JSON('{"id": 47077844, "title": "California''s New Bill Requires DOJ-Approved 3D Printers That Report Themselves", "url": "https://blog.adafruit.com/2026/02/19/californias-new-bill-requires-doj-approved-3d-printers-that-report-on-themselves/", "score": 119, "by": "fortran77", "time": 1771528572}')] in VALUES clause
[2026-02-19T20:41:30.259+0000] {taskinstance.py:1138} INFO - Marking task as UP_FOR_RETRY. dag_id=social_media_to_snowflake, task_id=load_to_snowflake, execution_date=20260219T204115, start_date=20260219T204128, end_date=20260219T204130
[2026-02-19T20:41:30.280+0000] {standard_task_runner.py:107} ERROR - Failed to execute job 123 for task load_to_snowflake (002014 (22000): 01c28639-0004-9541-0000-000b983672fd: SQL compilation error:
Invalid expression [PARSE_JSON('{"id": 47077844, "title": "California''s New Bill Requires DOJ-Approved 3D Printers That Report Themselves", "url": "https://blog.adafruit.com/2026/02/19/californias-new-bill-requires-doj-approved-3d-printers-that-report-on-themselves/", "score": 119, "by": "fortran77", "time": 1771528572}')] in VALUES clause; 1664)
[2026-02-19T20:41:30.332+0000] {local_task_job_runner.py:234} INFO - Task exited with return code 1
[2026-02-19T20:41:30.360+0000] {taskinstance.py:3280} INFO - 0 downstream tasks scheduled from follow-on schedule check
